{"/app/packages/web/src/lib/erd.ts": {"path":"/app/packages/web/src/lib/erd.ts","all":false,"statementMap":{"19":{"start":{"line":20,"column":0},"end":{"line":20,"column":63}},"21":{"start":{"line":22,"column":0},"end":{"line":22,"column":70}},"22":{"start":{"line":23,"column":0},"end":{"line":23,"column":42}},"23":{"start":{"line":24,"column":0},"end":{"line":24,"column":60}},"24":{"start":{"line":25,"column":0},"end":{"line":25,"column":3}},"25":{"start":{"line":26,"column":0},"end":{"line":26,"column":1}},"27":{"start":{"line":28,"column":0},"end":{"line":28,"column":23}},"28":{"start":{"line":29,"column":0},"end":{"line":29,"column":48}},"30":{"start":{"line":31,"column":0},"end":{"line":31,"column":33}},"31":{"start":{"line":32,"column":0},"end":{"line":32,"column":44}},"32":{"start":{"line":33,"column":0},"end":{"line":33,"column":32}},"33":{"start":{"line":34,"column":0},"end":{"line":34,"column":56}},"34":{"start":{"line":35,"column":0},"end":{"line":35,"column":5}},"35":{"start":{"line":36,"column":0},"end":{"line":36,"column":63}},"36":{"start":{"line":37,"column":0},"end":{"line":37,"column":32}},"37":{"start":{"line":38,"column":0},"end":{"line":38,"column":16}},"38":{"start":{"line":39,"column":0},"end":{"line":39,"column":3}},"40":{"start":{"line":41,"column":0},"end":{"line":41,"column":45}},"41":{"start":{"line":42,"column":0},"end":{"line":42,"column":32}},"42":{"start":{"line":43,"column":0},"end":{"line":43,"column":3}},"44":{"start":{"line":45,"column":0},"end":{"line":45,"column":24}},"45":{"start":{"line":46,"column":0},"end":{"line":46,"column":43}},"46":{"start":{"line":47,"column":0},"end":{"line":47,"column":3}},"48":{"start":{"line":49,"column":0},"end":{"line":49,"column":54}},"49":{"start":{"line":50,"column":0},"end":{"line":50,"column":49}},"50":{"start":{"line":51,"column":0},"end":{"line":51,"column":52}},"51":{"start":{"line":52,"column":0},"end":{"line":52,"column":44}},"52":{"start":{"line":53,"column":0},"end":{"line":53,"column":17}},"53":{"start":{"line":54,"column":0},"end":{"line":54,"column":61}},"54":{"start":{"line":55,"column":0},"end":{"line":55,"column":5}},"55":{"start":{"line":56,"column":0},"end":{"line":56,"column":60}},"56":{"start":{"line":57,"column":0},"end":{"line":57,"column":88}},"57":{"start":{"line":58,"column":0},"end":{"line":58,"column":5}},"58":{"start":{"line":59,"column":0},"end":{"line":59,"column":30}},"59":{"start":{"line":60,"column":0},"end":{"line":60,"column":3}},"61":{"start":{"line":62,"column":0},"end":{"line":62,"column":58}},"62":{"start":{"line":63,"column":0},"end":{"line":63,"column":49}},"63":{"start":{"line":64,"column":0},"end":{"line":64,"column":54}},"64":{"start":{"line":65,"column":0},"end":{"line":65,"column":67}},"65":{"start":{"line":66,"column":0},"end":{"line":66,"column":69}},"66":{"start":{"line":67,"column":0},"end":{"line":67,"column":44}},"67":{"start":{"line":68,"column":0},"end":{"line":68,"column":17}},"68":{"start":{"line":69,"column":0},"end":{"line":69,"column":61}},"69":{"start":{"line":70,"column":0},"end":{"line":70,"column":5}},"70":{"start":{"line":71,"column":0},"end":{"line":71,"column":63}},"71":{"start":{"line":72,"column":0},"end":{"line":72,"column":90}},"72":{"start":{"line":73,"column":0},"end":{"line":73,"column":5}},"73":{"start":{"line":74,"column":0},"end":{"line":74,"column":55}},"74":{"start":{"line":75,"column":0},"end":{"line":75,"column":20}},"75":{"start":{"line":76,"column":0},"end":{"line":76,"column":79}},"76":{"start":{"line":77,"column":0},"end":{"line":77,"column":5}},"77":{"start":{"line":78,"column":0},"end":{"line":78,"column":71}},"78":{"start":{"line":79,"column":0},"end":{"line":79,"column":22}},"79":{"start":{"line":80,"column":0},"end":{"line":80,"column":98}},"80":{"start":{"line":81,"column":0},"end":{"line":81,"column":7}},"81":{"start":{"line":82,"column":0},"end":{"line":82,"column":5}},"82":{"start":{"line":83,"column":0},"end":{"line":83,"column":30}},"83":{"start":{"line":84,"column":0},"end":{"line":84,"column":3}},"85":{"start":{"line":86,"column":0},"end":{"line":86,"column":25}},"86":{"start":{"line":87,"column":0},"end":{"line":87,"column":16}},"87":{"start":{"line":88,"column":0},"end":{"line":88,"column":47}},"88":{"start":{"line":89,"column":0},"end":{"line":89,"column":45}},"89":{"start":{"line":90,"column":0},"end":{"line":90,"column":53}},"90":{"start":{"line":91,"column":0},"end":{"line":91,"column":45}},"91":{"start":{"line":92,"column":0},"end":{"line":92,"column":31}},"92":{"start":{"line":93,"column":0},"end":{"line":93,"column":31}},"93":{"start":{"line":94,"column":0},"end":{"line":94,"column":9}},"94":{"start":{"line":95,"column":0},"end":{"line":95,"column":39}},"95":{"start":{"line":96,"column":0},"end":{"line":96,"column":28}},"96":{"start":{"line":97,"column":0},"end":{"line":97,"column":9}},"97":{"start":{"line":98,"column":0},"end":{"line":98,"column":18}},"98":{"start":{"line":99,"column":0},"end":{"line":99,"column":8}},"100":{"start":{"line":101,"column":0},"end":{"line":101,"column":52}},"101":{"start":{"line":102,"column":0},"end":{"line":102,"column":104}},"102":{"start":{"line":103,"column":0},"end":{"line":103,"column":8}},"104":{"start":{"line":105,"column":0},"end":{"line":105,"column":48}},"105":{"start":{"line":106,"column":0},"end":{"line":106,"column":32}},"106":{"start":{"line":107,"column":0},"end":{"line":107,"column":23}},"107":{"start":{"line":108,"column":0},"end":{"line":108,"column":5}},"108":{"start":{"line":109,"column":0},"end":{"line":109,"column":21}},"109":{"start":{"line":110,"column":0},"end":{"line":110,"column":3}},"110":{"start":{"line":111,"column":0},"end":{"line":111,"column":1}}},"s":{"19":1,"21":112,"22":112,"23":6,"24":6,"25":112,"27":1,"28":17,"30":17,"31":23,"32":23,"33":1,"34":1,"35":20,"36":20,"37":20,"38":23,"40":17,"41":4,"42":4,"44":17,"45":1,"46":1,"48":17,"49":30,"50":30,"51":30,"52":30,"53":1,"54":1,"55":30,"56":1,"57":1,"58":26,"59":30,"61":17,"62":8,"63":8,"64":8,"65":8,"66":8,"67":8,"68":1,"69":1,"70":8,"71":1,"72":1,"73":4,"74":8,"75":1,"76":1,"77":8,"78":1,"79":1,"80":1,"81":1,"82":2,"83":8,"85":17,"86":3,"87":3,"88":3,"89":3,"90":6,"91":6,"92":3,"93":3,"94":6,"95":2,"96":2,"97":6,"98":3,"100":3,"101":1,"102":3,"104":3,"105":3,"106":3,"107":3,"108":3,"109":3,"110":17},"branchMap":{"0":{"type":"branch","line":22,"loc":{"start":{"line":22,"column":0},"end":{"line":26,"column":1}},"locations":[{"start":{"line":22,"column":0},"end":{"line":26,"column":1}}]},"1":{"type":"branch","line":23,"loc":{"start":{"line":23,"column":41},"end":{"line":25,"column":3}},"locations":[{"start":{"line":23,"column":41},"end":{"line":25,"column":3}}]},"2":{"type":"branch","line":28,"loc":{"start":{"line":28,"column":22},"end":{"line":111,"column":1}},"locations":[{"start":{"line":28,"column":22},"end":{"line":111,"column":1}}]},"3":{"type":"branch","line":31,"loc":{"start":{"line":31,"column":2},"end":{"line":39,"column":3}},"locations":[{"start":{"line":31,"column":2},"end":{"line":39,"column":3}}]},"4":{"type":"branch","line":33,"loc":{"start":{"line":33,"column":31},"end":{"line":35,"column":5}},"locations":[{"start":{"line":33,"column":31},"end":{"line":35,"column":5}}]},"5":{"type":"branch","line":35,"loc":{"start":{"line":35,"column":4},"end":{"line":38,"column":16}},"locations":[{"start":{"line":35,"column":4},"end":{"line":38,"column":16}}]},"6":{"type":"branch","line":41,"loc":{"start":{"line":41,"column":2},"end":{"line":43,"column":3}},"locations":[{"start":{"line":41,"column":2},"end":{"line":43,"column":3}}]},"7":{"type":"branch","line":45,"loc":{"start":{"line":45,"column":2},"end":{"line":47,"column":3}},"locations":[{"start":{"line":45,"column":2},"end":{"line":47,"column":3}}]},"8":{"type":"branch","line":49,"loc":{"start":{"line":49,"column":2},"end":{"line":60,"column":3}},"locations":[{"start":{"line":49,"column":2},"end":{"line":60,"column":3}}]},"9":{"type":"branch","line":53,"loc":{"start":{"line":53,"column":16},"end":{"line":55,"column":5}},"locations":[{"start":{"line":53,"column":16},"end":{"line":55,"column":5}}]},"10":{"type":"branch","line":55,"loc":{"start":{"line":55,"column":4},"end":{"line":56,"column":59}},"locations":[{"start":{"line":55,"column":4},"end":{"line":56,"column":59}}]},"11":{"type":"branch","line":56,"loc":{"start":{"line":56,"column":59},"end":{"line":58,"column":5}},"locations":[{"start":{"line":56,"column":59},"end":{"line":58,"column":5}}]},"12":{"type":"branch","line":58,"loc":{"start":{"line":58,"column":4},"end":{"line":59,"column":30}},"locations":[{"start":{"line":58,"column":4},"end":{"line":59,"column":30}}]},"13":{"type":"branch","line":56,"loc":{"start":{"line":56,"column":27},"end":{"line":56,"column":56}},"locations":[{"start":{"line":56,"column":27},"end":{"line":56,"column":56}}]},"14":{"type":"branch","line":62,"loc":{"start":{"line":62,"column":2},"end":{"line":84,"column":3}},"locations":[{"start":{"line":62,"column":2},"end":{"line":84,"column":3}}]},"15":{"type":"branch","line":68,"loc":{"start":{"line":68,"column":16},"end":{"line":70,"column":5}},"locations":[{"start":{"line":68,"column":16},"end":{"line":70,"column":5}}]},"16":{"type":"branch","line":70,"loc":{"start":{"line":70,"column":4},"end":{"line":71,"column":62}},"locations":[{"start":{"line":70,"column":4},"end":{"line":71,"column":62}}]},"17":{"type":"branch","line":71,"loc":{"start":{"line":71,"column":62},"end":{"line":73,"column":5}},"locations":[{"start":{"line":71,"column":62},"end":{"line":73,"column":5}}]},"18":{"type":"branch","line":73,"loc":{"start":{"line":73,"column":4},"end":{"line":75,"column":19}},"locations":[{"start":{"line":73,"column":4},"end":{"line":75,"column":19}}]},"19":{"type":"branch","line":75,"loc":{"start":{"line":75,"column":19},"end":{"line":77,"column":5}},"locations":[{"start":{"line":75,"column":19},"end":{"line":77,"column":5}}]},"20":{"type":"branch","line":77,"loc":{"start":{"line":77,"column":4},"end":{"line":78,"column":70}},"locations":[{"start":{"line":77,"column":4},"end":{"line":78,"column":70}}]},"21":{"type":"branch","line":78,"loc":{"start":{"line":78,"column":70},"end":{"line":82,"column":5}},"locations":[{"start":{"line":78,"column":70},"end":{"line":82,"column":5}}]},"22":{"type":"branch","line":82,"loc":{"start":{"line":82,"column":4},"end":{"line":83,"column":30}},"locations":[{"start":{"line":82,"column":4},"end":{"line":83,"column":30}}]},"23":{"type":"branch","line":71,"loc":{"start":{"line":71,"column":28},"end":{"line":71,"column":59}},"locations":[{"start":{"line":71,"column":28},"end":{"line":71,"column":59}}]},"24":{"type":"branch","line":78,"loc":{"start":{"line":78,"column":31},"end":{"line":78,"column":67}},"locations":[{"start":{"line":78,"column":31},"end":{"line":78,"column":67}}]},"25":{"type":"branch","line":86,"loc":{"start":{"line":86,"column":2},"end":{"line":110,"column":3}},"locations":[{"start":{"line":86,"column":2},"end":{"line":110,"column":3}}]},"26":{"type":"branch","line":90,"loc":{"start":{"line":90,"column":43},"end":{"line":99,"column":7}},"locations":[{"start":{"line":90,"column":43},"end":{"line":99,"column":7}}]},"27":{"type":"branch","line":92,"loc":{"start":{"line":92,"column":30},"end":{"line":94,"column":9}},"locations":[{"start":{"line":92,"column":30},"end":{"line":94,"column":9}}]},"28":{"type":"branch","line":95,"loc":{"start":{"line":95,"column":38},"end":{"line":97,"column":9}},"locations":[{"start":{"line":95,"column":38},"end":{"line":97,"column":9}}]},"29":{"type":"branch","line":101,"loc":{"start":{"line":101,"column":43},"end":{"line":103,"column":7}},"locations":[{"start":{"line":101,"column":43},"end":{"line":103,"column":7}}]}},"b":{"0":[112],"1":[6],"2":[17],"3":[23],"4":[1],"5":[20],"6":[4],"7":[1],"8":[30],"9":[1],"10":[27],"11":[1],"12":[26],"13":[11],"14":[8],"15":[1],"16":[5],"17":[1],"18":[4],"19":[1],"20":[3],"21":[1],"22":[2],"23":[10],"24":[3],"25":[3],"26":[6],"27":[3],"28":[2],"29":[1]},"fnMap":{"0":{"name":"assertSnakeCaseIdentifier","decl":{"start":{"line":22,"column":0},"end":{"line":26,"column":1}},"loc":{"start":{"line":22,"column":0},"end":{"line":26,"column":1}},"line":22},"1":{"name":"<instance_members_initializer>","decl":{"start":{"line":28,"column":22},"end":{"line":111,"column":1}},"loc":{"start":{"line":28,"column":22},"end":{"line":111,"column":1}},"line":28},"2":{"name":"addTable","decl":{"start":{"line":31,"column":2},"end":{"line":39,"column":3}},"loc":{"start":{"line":31,"column":2},"end":{"line":39,"column":3}},"line":31},"3":{"name":"getTable","decl":{"start":{"line":41,"column":2},"end":{"line":43,"column":3}},"loc":{"start":{"line":41,"column":2},"end":{"line":43,"column":3}},"line":41},"4":{"name":"getTables","decl":{"start":{"line":45,"column":2},"end":{"line":47,"column":3}},"loc":{"start":{"line":45,"column":2},"end":{"line":47,"column":3}},"line":45},"5":{"name":"addColumn","decl":{"start":{"line":49,"column":2},"end":{"line":60,"column":3}},"loc":{"start":{"line":49,"column":2},"end":{"line":60,"column":3}},"line":49},"6":{"name":"addForeignKey","decl":{"start":{"line":62,"column":2},"end":{"line":84,"column":3}},"loc":{"start":{"line":62,"column":2},"end":{"line":84,"column":3}},"line":62},"7":{"name":"generateDDL","decl":{"start":{"line":86,"column":2},"end":{"line":110,"column":3}},"loc":{"start":{"line":86,"column":2},"end":{"line":110,"column":3}},"line":86}},"f":{"0":112,"1":17,"2":23,"3":4,"4":1,"5":30,"6":8,"7":3}}
}
