{"/app/packages/web/src/app/api/events/route.ts": {"path":"/app/packages/web/src/app/api/events/route.ts","statementMap":{"0":{"start":{"line":14,"column":23},"end":{"line":14,"column":null}},"1":{"start":{"line":15,"column":23},"end":{"line":15,"column":null}},"2":{"start":{"line":19,"column":2},"end":{"line":244,"column":null}},"3":{"start":{"line":20,"column":17},"end":{"line":20,"column":null}},"4":{"start":{"line":21,"column":4},"end":{"line":21,"column":null}},"5":{"start":{"line":21,"column":38},"end":{"line":21,"column":null}},"6":{"start":{"line":22,"column":23},"end":{"line":22,"column":null}},"7":{"start":{"line":25,"column":24},"end":{"line":25,"column":null}},"8":{"start":{"line":26,"column":4},"end":{"line":31,"column":null}},"9":{"start":{"line":27,"column":6},"end":{"line":30,"column":null}},"10":{"start":{"line":33,"column":20},"end":{"line":33,"column":null}},"11":{"start":{"line":36,"column":20},"end":{"line":50,"column":null}},"12":{"start":{"line":52,"column":4},"end":{"line":54,"column":null}},"13":{"start":{"line":53,"column":6},"end":{"line":53,"column":null}},"14":{"start":{"line":56,"column":4},"end":{"line":61,"column":null}},"15":{"start":{"line":57,"column":6},"end":{"line":60,"column":null}},"16":{"start":{"line":66,"column":4},"end":{"line":76,"column":null}},"17":{"start":{"line":79,"column":10},"end":{"line":79,"column":null}},"18":{"start":{"line":80,"column":22},"end":{"line":80,"column":null}},"19":{"start":{"line":83,"column":4},"end":{"line":103,"column":null}},"20":{"start":{"line":84,"column":6},"end":{"line":102,"column":null}},"21":{"start":{"line":107,"column":4},"end":{"line":120,"column":null}},"22":{"start":{"line":112,"column":6},"end":{"line":119,"column":null}},"23":{"start":{"line":124,"column":4},"end":{"line":228,"column":null}},"24":{"start":{"line":125,"column":6},"end":{"line":227,"column":null}},"25":{"start":{"line":126,"column":8},"end":{"line":226,"column":null}},"26":{"start":{"line":129,"column":10},"end":{"line":140,"column":null}},"27":{"start":{"line":130,"column":12},"end":{"line":139,"column":null}},"28":{"start":{"line":143,"column":10},"end":{"line":202,"column":null}},"29":{"start":{"line":144,"column":12},"end":{"line":158,"column":null}},"30":{"start":{"line":145,"column":53},"end":{"line":157,"column":16}},"31":{"start":{"line":162,"column":28},"end":{"line":166,"column":null}},"32":{"start":{"line":167,"column":30},"end":{"line":177,"column":null}},"33":{"start":{"line":171,"column":30},"end":{"line":171,"column":null}},"34":{"start":{"line":172,"column":20},"end":{"line":172,"column":null}},"35":{"start":{"line":174,"column":34},"end":{"line":174,"column":46}},"36":{"start":{"line":175,"column":31},"end":{"line":175,"column":57}},"37":{"start":{"line":178,"column":12},"end":{"line":185,"column":null}},"38":{"start":{"line":179,"column":14},"end":{"line":184,"column":null}},"39":{"start":{"line":182,"column":53},"end":{"line":182,"column":66}},"40":{"start":{"line":186,"column":10},"end":{"line":202,"column":null}},"41":{"start":{"line":188,"column":12},"end":{"line":201,"column":null}},"42":{"start":{"line":206,"column":10},"end":{"line":223,"column":null}},"43":{"start":{"line":207,"column":12},"end":{"line":222,"column":null}},"44":{"start":{"line":210,"column":51},"end":{"line":220,"column":18}},"45":{"start":{"line":231,"column":4},"end":{"line":241,"column":null}},"46":{"start":{"line":243,"column":4},"end":{"line":243,"column":null}},"47":{"start":{"line":261,"column":19},"end":{"line":263,"column":null}},"48":{"start":{"line":265,"column":2},"end":{"line":278,"column":null}},"49":{"start":{"line":266,"column":4},"end":{"line":276,"column":null}},"50":{"start":{"line":267,"column":22},"end":{"line":267,"column":null}},"51":{"start":{"line":268,"column":20},"end":{"line":268,"column":null}},"52":{"start":{"line":269,"column":6},"end":{"line":275,"column":null}},"53":{"start":{"line":277,"column":4},"end":{"line":277,"column":null}},"54":{"start":{"line":280,"column":2},"end":{"line":292,"column":null}},"55":{"start":{"line":297,"column":2},"end":{"line":310,"column":null}},"56":{"start":{"line":299,"column":6},"end":{"line":299,"column":null}},"57":{"start":{"line":301,"column":6},"end":{"line":301,"column":null}},"58":{"start":{"line":303,"column":6},"end":{"line":303,"column":null}},"59":{"start":{"line":305,"column":6},"end":{"line":305,"column":null}},"60":{"start":{"line":307,"column":6},"end":{"line":307,"column":null}},"61":{"start":{"line":309,"column":6},"end":{"line":309,"column":null}}},"fnMap":{"0":{"name":"POST","decl":{"start":{"line":18,"column":22},"end":{"line":18,"column":27}},"loc":{"start":{"line":18,"column":41},"end":{"line":245,"column":null}},"line":18},"1":{"name":"(anonymous_1)","decl":{"start":{"line":125,"column":12},"end":{"line":125,"column":24}},"loc":{"start":{"line":125,"column":24},"end":{"line":227,"column":7}},"line":125},"2":{"name":"(anonymous_2)","decl":{"start":{"line":145,"column":45},"end":{"line":145,"column":46}},"loc":{"start":{"line":145,"column":53},"end":{"line":157,"column":16}},"line":145},"3":{"name":"(anonymous_3)","decl":{"start":{"line":170,"column":23},"end":{"line":170,"column":24}},"loc":{"start":{"line":170,"column":30},"end":{"line":173,"column":19}},"line":170},"4":{"name":"(anonymous_4)","decl":{"start":{"line":174,"column":26},"end":{"line":174,"column":27}},"loc":{"start":{"line":174,"column":34},"end":{"line":174,"column":46}},"line":174},"5":{"name":"(anonymous_5)","decl":{"start":{"line":175,"column":23},"end":{"line":175,"column":24}},"loc":{"start":{"line":175,"column":31},"end":{"line":175,"column":57}},"line":175},"6":{"name":"(anonymous_6)","decl":{"start":{"line":182,"column":44},"end":{"line":182,"column":45}},"loc":{"start":{"line":182,"column":53},"end":{"line":182,"column":66}},"line":182},"7":{"name":"(anonymous_7)","decl":{"start":{"line":210,"column":43},"end":{"line":210,"column":44}},"loc":{"start":{"line":210,"column":51},"end":{"line":220,"column":18}},"line":210},"8":{"name":"upsertToolMessage","decl":{"start":{"line":253,"column":15},"end":{"line":253,"column":33}},"loc":{"start":{"line":260,"column":18},"end":{"line":293,"column":null}},"line":260},"9":{"name":"mapHookEventNameToEventType","decl":{"start":{"line":296,"column":9},"end":{"line":296,"column":37}},"loc":{"start":{"line":296,"column":71},"end":{"line":311,"column":null}},"line":296}},"branchMap":{"0":{"loc":{"start":{"line":21,"column":4},"end":{"line":21,"column":null}},"type":"if","locations":[{"start":{"line":21,"column":4},"end":{"line":21,"column":null}},{"start":{},"end":{}}],"line":21},"1":{"loc":{"start":{"line":26,"column":4},"end":{"line":31,"column":null}},"type":"if","locations":[{"start":{"line":26,"column":4},"end":{"line":31,"column":null}},{"start":{},"end":{}}],"line":26},"2":{"loc":{"start":{"line":52,"column":4},"end":{"line":54,"column":null}},"type":"if","locations":[{"start":{"line":52,"column":4},"end":{"line":54,"column":null}},{"start":{},"end":{}}],"line":52},"3":{"loc":{"start":{"line":56,"column":4},"end":{"line":61,"column":null}},"type":"if","locations":[{"start":{"line":56,"column":4},"end":{"line":61,"column":null}},{"start":{},"end":{}}],"line":56},"4":{"loc":{"start":{"line":72,"column":15},"end":{"line":72,"column":null}},"type":"binary-expr","locations":[{"start":{"line":72,"column":15},"end":{"line":72,"column":32}},{"start":{"line":72,"column":32},"end":{"line":72,"column":null}}],"line":72},"5":{"loc":{"start":{"line":83,"column":4},"end":{"line":103,"column":null}},"type":"if","locations":[{"start":{"line":83,"column":4},"end":{"line":103,"column":null}},{"start":{},"end":{}}],"line":83},"6":{"loc":{"start":{"line":90,"column":20},"end":{"line":90,"column":null}},"type":"binary-expr","locations":[{"start":{"line":90,"column":20},"end":{"line":90,"column":40}},{"start":{"line":90,"column":40},"end":{"line":90,"column":null}}],"line":90},"7":{"loc":{"start":{"line":91,"column":22},"end":{"line":91,"column":null}},"type":"binary-expr","locations":[{"start":{"line":91,"column":22},"end":{"line":91,"column":69}},{"start":{"line":91,"column":69},"end":{"line":91,"column":null}}],"line":91},"8":{"loc":{"start":{"line":92,"column":10},"end":{"line":92,"column":null}},"type":"binary-expr","locations":[{"start":{"line":92,"column":10},"end":{"line":92,"column":70}},{"start":{"line":92,"column":70},"end":{"line":92,"column":null}}],"line":92},"9":{"loc":{"start":{"line":93,"column":20},"end":{"line":93,"column":null}},"type":"binary-expr","locations":[{"start":{"line":93,"column":20},"end":{"line":93,"column":40}},{"start":{"line":93,"column":40},"end":{"line":93,"column":null}}],"line":93},"10":{"loc":{"start":{"line":100,"column":19},"end":{"line":100,"column":null}},"type":"binary-expr","locations":[{"start":{"line":100,"column":19},"end":{"line":100,"column":38}},{"start":{"line":100,"column":38},"end":{"line":100,"column":null}}],"line":100},"11":{"loc":{"start":{"line":107,"column":4},"end":{"line":120,"column":null}},"type":"if","locations":[{"start":{"line":107,"column":4},"end":{"line":120,"column":null}},{"start":{},"end":{}}],"line":107},"12":{"loc":{"start":{"line":107,"column":4},"end":{"line":110,"column":null}},"type":"binary-expr","locations":[{"start":{"line":108,"column":7},"end":{"line":108,"column":39}},{"start":{"line":108,"column":39},"end":{"line":108,"column":null}},{"start":{"line":109,"column":6},"end":{"line":109,"column":null}},{"start":{"line":110,"column":6},"end":{"line":110,"column":null}}],"line":107},"13":{"loc":{"start":{"line":124,"column":4},"end":{"line":228,"column":null}},"type":"if","locations":[{"start":{"line":124,"column":4},"end":{"line":228,"column":null}},{"start":{},"end":{}}],"line":124},"14":{"loc":{"start":{"line":124,"column":8},"end":{"line":124,"column":63}},"type":"binary-expr","locations":[{"start":{"line":124,"column":8},"end":{"line":124,"column":32}},{"start":{"line":124,"column":32},"end":{"line":124,"column":63}}],"line":124},"15":{"loc":{"start":{"line":129,"column":10},"end":{"line":140,"column":null}},"type":"if","locations":[{"start":{"line":129,"column":10},"end":{"line":140,"column":null}},{"start":{},"end":{}}],"line":129},"16":{"loc":{"start":{"line":135,"column":20},"end":{"line":135,"column":null}},"type":"cond-expr","locations":[{"start":{"line":135,"column":36},"end":{"line":135,"column":63}},{"start":{"line":135,"column":63},"end":{"line":135,"column":null}}],"line":135},"17":{"loc":{"start":{"line":136,"column":20},"end":{"line":136,"column":null}},"type":"cond-expr","locations":[{"start":{"line":136,"column":50},"end":{"line":136,"column":77}},{"start":{"line":136,"column":77},"end":{"line":136,"column":null}}],"line":136},"18":{"loc":{"start":{"line":137,"column":20},"end":{"line":137,"column":null}},"type":"cond-expr","locations":[{"start":{"line":137,"column":52},"end":{"line":137,"column":83}},{"start":{"line":137,"column":83},"end":{"line":137,"column":null}}],"line":137},"19":{"loc":{"start":{"line":143,"column":10},"end":{"line":202,"column":null}},"type":"if","locations":[{"start":{"line":143,"column":10},"end":{"line":202,"column":null}},{"start":{"line":186,"column":10},"end":{"line":202,"column":null}}],"line":143},"20":{"loc":{"start":{"line":143,"column":14},"end":{"line":143,"column":71}},"type":"binary-expr","locations":[{"start":{"line":143,"column":14},"end":{"line":143,"column":38}},{"start":{"line":143,"column":38},"end":{"line":143,"column":71}}],"line":143},"21":{"loc":{"start":{"line":154,"column":23},"end":{"line":154,"column":null}},"type":"binary-expr","locations":[{"start":{"line":154,"column":23},"end":{"line":154,"column":34}},{"start":{"line":154,"column":34},"end":{"line":154,"column":null}}],"line":154},"22":{"loc":{"start":{"line":178,"column":12},"end":{"line":185,"column":null}},"type":"if","locations":[{"start":{"line":178,"column":12},"end":{"line":185,"column":null}},{"start":{},"end":{}}],"line":178},"23":{"loc":{"start":{"line":186,"column":10},"end":{"line":202,"column":null}},"type":"if","locations":[{"start":{"line":186,"column":10},"end":{"line":202,"column":null}},{"start":{},"end":{}}],"line":186},"24":{"loc":{"start":{"line":198,"column":23},"end":{"line":198,"column":null}},"type":"binary-expr","locations":[{"start":{"line":198,"column":23},"end":{"line":198,"column":46}},{"start":{"line":198,"column":46},"end":{"line":198,"column":null}}],"line":198},"25":{"loc":{"start":{"line":206,"column":10},"end":{"line":223,"column":null}},"type":"if","locations":[{"start":{"line":206,"column":10},"end":{"line":223,"column":null}},{"start":{},"end":{}}],"line":206},"26":{"loc":{"start":{"line":206,"column":14},"end":{"line":206,"column":63}},"type":"binary-expr","locations":[{"start":{"line":206,"column":14},"end":{"line":206,"column":34}},{"start":{"line":206,"column":34},"end":{"line":206,"column":63}}],"line":206},"27":{"loc":{"start":{"line":216,"column":28},"end":{"line":216,"column":null}},"type":"binary-expr","locations":[{"start":{"line":216,"column":28},"end":{"line":216,"column":42}},{"start":{"line":216,"column":42},"end":{"line":216,"column":null}}],"line":216},"28":{"loc":{"start":{"line":217,"column":30},"end":{"line":217,"column":null}},"type":"binary-expr","locations":[{"start":{"line":217,"column":30},"end":{"line":217,"column":71}},{"start":{"line":217,"column":71},"end":{"line":217,"column":null}}],"line":217},"29":{"loc":{"start":{"line":218,"column":29},"end":{"line":218,"column":null}},"type":"binary-expr","locations":[{"start":{"line":218,"column":29},"end":{"line":218,"column":44}},{"start":{"line":218,"column":44},"end":{"line":218,"column":null}}],"line":218},"30":{"loc":{"start":{"line":219,"column":30},"end":{"line":219,"column":null}},"type":"binary-expr","locations":[{"start":{"line":219,"column":30},"end":{"line":219,"column":46}},{"start":{"line":219,"column":46},"end":{"line":219,"column":null}}],"line":219},"31":{"loc":{"start":{"line":265,"column":2},"end":{"line":278,"column":null}},"type":"if","locations":[{"start":{"line":265,"column":2},"end":{"line":278,"column":null}},{"start":{},"end":{}}],"line":265},"32":{"loc":{"start":{"line":266,"column":4},"end":{"line":276,"column":null}},"type":"if","locations":[{"start":{"line":266,"column":4},"end":{"line":276,"column":null}},{"start":{},"end":{}}],"line":266},"33":{"loc":{"start":{"line":272,"column":42},"end":{"line":272,"column":65}},"type":"binary-expr","locations":[{"start":{"line":272,"column":42},"end":{"line":272,"column":63}},{"start":{"line":272,"column":63},"end":{"line":272,"column":65}}],"line":272},"34":{"loc":{"start":{"line":284,"column":38},"end":{"line":284,"column":61}},"type":"binary-expr","locations":[{"start":{"line":284,"column":38},"end":{"line":284,"column":59}},{"start":{"line":284,"column":59},"end":{"line":284,"column":61}}],"line":284},"35":{"loc":{"start":{"line":288,"column":18},"end":{"line":288,"column":null}},"type":"binary-expr","locations":[{"start":{"line":288,"column":18},"end":{"line":288,"column":62}},{"start":{"line":288,"column":62},"end":{"line":288,"column":null}}],"line":288},"36":{"loc":{"start":{"line":297,"column":2},"end":{"line":310,"column":null}},"type":"switch","locations":[{"start":{"line":298,"column":4},"end":{"line":299,"column":null}},{"start":{"line":300,"column":4},"end":{"line":301,"column":null}},{"start":{"line":302,"column":4},"end":{"line":303,"column":null}},{"start":{"line":304,"column":4},"end":{"line":305,"column":null}},{"start":{"line":306,"column":4},"end":{"line":307,"column":null}},{"start":{"line":308,"column":4},"end":{"line":309,"column":null}}],"line":297}},"s":{"0":1,"1":1,"2":4,"3":4,"4":4,"5":0,"6":4,"7":4,"8":4,"9":0,"10":4,"11":4,"12":4,"13":0,"14":4,"15":1,"16":3,"17":3,"18":3,"19":3,"20":3,"21":3,"22":0,"23":3,"24":0,"25":0,"26":0,"27":0,"28":0,"29":0,"30":0,"31":0,"32":0,"33":0,"34":0,"35":0,"36":0,"37":0,"38":0,"39":0,"40":0,"41":0,"42":0,"43":0,"44":0,"45":3,"46":0,"47":0,"48":0,"49":0,"50":0,"51":0,"52":0,"53":0,"54":0,"55":3,"56":3,"57":0,"58":0,"59":0,"60":0,"61":0},"f":{"0":4,"1":0,"2":0,"3":0,"4":0,"5":0,"6":0,"7":0,"8":0,"9":3},"b":{"0":[0,4],"1":[0,4],"2":[0,4],"3":[1,3],"4":[3,2],"5":[3,0],"6":[3,3],"7":[3,3],"8":[3,3],"9":[3,3],"10":[3,3],"11":[0,3],"12":[3,3,0,0],"13":[0,3],"14":[3,3],"15":[0,0],"16":[0,0],"17":[0,0],"18":[0,0],"19":[0,0],"20":[0,0],"21":[0,0],"22":[0,0],"23":[0,0],"24":[0,0],"25":[0,0],"26":[0,0],"27":[0,0],"28":[0,0],"29":[0,0],"30":[0,0],"31":[0,0],"32":[0,0],"33":[0,0],"34":[0,0],"35":[0,0],"36":[3,0,0,0,0,0]},"meta":{"lastBranch":37,"lastFunction":10,"lastStatement":62,"seen":{"s:14:23:14:Infinity":0,"s:15:23:15:Infinity":1,"f:18:22:18:27":0,"s:19:2:244:Infinity":2,"s:20:17:20:Infinity":3,"b:21:4:21:Infinity:undefined:undefined:undefined:undefined":0,"s:21:4:21:Infinity":4,"s:21:38:21:Infinity":5,"s:22:23:22:Infinity":6,"s:25:24:25:Infinity":7,"b:26:4:31:Infinity:undefined:undefined:undefined:undefined":1,"s:26:4:31:Infinity":8,"s:27:6:30:Infinity":9,"s:33:20:33:Infinity":10,"s:36:20:50:Infinity":11,"b:52:4:54:Infinity:undefined:undefined:undefined:undefined":2,"s:52:4:54:Infinity":12,"s:53:6:53:Infinity":13,"b:56:4:61:Infinity:undefined:undefined:undefined:undefined":3,"s:56:4:61:Infinity":14,"s:57:6:60:Infinity":15,"s:66:4:76:Infinity":16,"b:72:15:72:32:72:32:72:Infinity":4,"s:79:10:79:Infinity":17,"s:80:22:80:Infinity":18,"b:83:4:103:Infinity:undefined:undefined:undefined:undefined":5,"s:83:4:103:Infinity":19,"s:84:6:102:Infinity":20,"b:90:20:90:40:90:40:90:Infinity":6,"b:91:22:91:69:91:69:91:Infinity":7,"b:92:10:92:70:92:70:92:Infinity":8,"b:93:20:93:40:93:40:93:Infinity":9,"b:100:19:100:38:100:38:100:Infinity":10,"b:107:4:120:Infinity:undefined:undefined:undefined:undefined":11,"s:107:4:120:Infinity":21,"b:108:7:108:39:108:39:108:Infinity:109:6:109:Infinity:110:6:110:Infinity":12,"s:112:6:119:Infinity":22,"b:124:4:228:Infinity:undefined:undefined:undefined:undefined":13,"s:124:4:228:Infinity":23,"b:124:8:124:32:124:32:124:63":14,"s:125:6:227:Infinity":24,"f:125:12:125:24":1,"s:126:8:226:Infinity":25,"b:129:10:140:Infinity:undefined:undefined:undefined:undefined":15,"s:129:10:140:Infinity":26,"s:130:12:139:Infinity":27,"b:135:36:135:63:135:63:135:Infinity":16,"b:136:50:136:77:136:77:136:Infinity":17,"b:137:52:137:83:137:83:137:Infinity":18,"b:143:10:202:Infinity:186:10:202:Infinity":19,"s:143:10:202:Infinity":28,"b:143:14:143:38:143:38:143:71":20,"s:144:12:158:Infinity":29,"f:145:45:145:46":2,"s:145:53:157:16":30,"b:154:23:154:34:154:34:154:Infinity":21,"s:162:28:166:Infinity":31,"s:167:30:177:Infinity":32,"f:170:23:170:24":3,"s:171:30:171:Infinity":33,"s:172:20:172:Infinity":34,"f:174:26:174:27":4,"s:174:34:174:46":35,"f:175:23:175:24":5,"s:175:31:175:57":36,"b:178:12:185:Infinity:undefined:undefined:undefined:undefined":22,"s:178:12:185:Infinity":37,"s:179:14:184:Infinity":38,"f:182:44:182:45":6,"s:182:53:182:66":39,"b:186:10:202:Infinity:undefined:undefined:undefined:undefined":23,"s:186:10:202:Infinity":40,"s:188:12:201:Infinity":41,"b:198:23:198:46:198:46:198:Infinity":24,"b:206:10:223:Infinity:undefined:undefined:undefined:undefined":25,"s:206:10:223:Infinity":42,"b:206:14:206:34:206:34:206:63":26,"s:207:12:222:Infinity":43,"f:210:43:210:44":7,"s:210:51:220:18":44,"b:216:28:216:42:216:42:216:Infinity":27,"b:217:30:217:71:217:71:217:Infinity":28,"b:218:29:218:44:218:44:218:Infinity":29,"b:219:30:219:46:219:46:219:Infinity":30,"s:231:4:241:Infinity":45,"s:243:4:243:Infinity":46,"f:253:15:253:33":8,"s:261:19:263:Infinity":47,"b:265:2:278:Infinity:undefined:undefined:undefined:undefined":31,"s:265:2:278:Infinity":48,"b:266:4:276:Infinity:undefined:undefined:undefined:undefined":32,"s:266:4:276:Infinity":49,"s:267:22:267:Infinity":50,"s:268:20:268:Infinity":51,"s:269:6:275:Infinity":52,"b:272:42:272:63:272:63:272:65":33,"s:277:4:277:Infinity":53,"s:280:2:292:Infinity":54,"b:284:38:284:59:284:59:284:61":34,"b:288:18:288:62:288:62:288:Infinity":35,"f:296:9:296:37":9,"b:298:4:299:Infinity:300:4:301:Infinity:302:4:303:Infinity:304:4:305:Infinity:306:4:307:Infinity:308:4:309:Infinity":36,"s:297:2:310:Infinity":55,"s:299:6:299:Infinity":56,"s:301:6:301:Infinity":57,"s:303:6:303:Infinity":58,"s:305:6:305:Infinity":59,"s:307:6:307:Infinity":60,"s:309:6:309:Infinity":61},"fnNames":{}}}
,"/app/packages/web/src/app/api/orgs/[orgSlug]/dashboard/skills/route.ts": {"path":"/app/packages/web/src/app/api/orgs/[orgSlug]/dashboard/skills/route.ts","statementMap":{"0":{"start":{"line":13,"column":23},"end":{"line":13,"column":null}},"1":{"start":{"line":14,"column":23},"end":{"line":14,"column":null}},"2":{"start":{"line":21,"column":2},"end":{"line":154,"column":null}},"3":{"start":{"line":22,"column":17},"end":{"line":22,"column":null}},"4":{"start":{"line":23,"column":4},"end":{"line":23,"column":null}},"5":{"start":{"line":23,"column":38},"end":{"line":23,"column":null}},"6":{"start":{"line":24,"column":23},"end":{"line":24,"column":null}},"7":{"start":{"line":25,"column":24},"end":{"line":25,"column":null}},"8":{"start":{"line":27,"column":19},"end":{"line":27,"column":null}},"9":{"start":{"line":28,"column":4},"end":{"line":28,"column":null}},"10":{"start":{"line":28,"column":40},"end":{"line":28,"column":null}},"11":{"start":{"line":30,"column":27},"end":{"line":30,"column":null}},"12":{"start":{"line":31,"column":23},"end":{"line":31,"column":null}},"13":{"start":{"line":32,"column":4},"end":{"line":32,"column":null}},"14":{"start":{"line":32,"column":44},"end":{"line":32,"column":null}},"15":{"start":{"line":34,"column":22},"end":{"line":34,"column":null}},"16":{"start":{"line":35,"column":20},"end":{"line":35,"column":null}},"17":{"start":{"line":36,"column":21},"end":{"line":36,"column":null}},"18":{"start":{"line":41,"column":24},"end":{"line":41,"column":null}},"19":{"start":{"line":43,"column":4},"end":{"line":45,"column":null}},"20":{"start":{"line":44,"column":6},"end":{"line":44,"column":null}},"21":{"start":{"line":47,"column":10},"end":{"line":47,"column":null}},"22":{"start":{"line":49,"column":19},"end":{"line":91,"column":null}},"23":{"start":{"line":151,"column":4},"end":{"line":151,"column":null}},"24":{"start":{"line":153,"column":4},"end":{"line":153,"column":null}}},"fnMap":{"0":{"name":"GET","decl":{"start":{"line":17,"column":22},"end":{"line":17,"column":null}},"loc":{"start":{"line":20,"column":2},"end":{"line":155,"column":null}},"line":20}},"branchMap":{"0":{"loc":{"start":{"line":23,"column":4},"end":{"line":23,"column":null}},"type":"if","locations":[{"start":{"line":23,"column":4},"end":{"line":23,"column":null}},{"start":{},"end":{}}],"line":23},"1":{"loc":{"start":{"line":28,"column":4},"end":{"line":28,"column":null}},"type":"if","locations":[{"start":{"line":28,"column":4},"end":{"line":28,"column":null}},{"start":{},"end":{}}],"line":28},"2":{"loc":{"start":{"line":32,"column":4},"end":{"line":32,"column":null}},"type":"if","locations":[{"start":{"line":32,"column":4},"end":{"line":32,"column":null}},{"start":{},"end":{}}],"line":32},"3":{"loc":{"start":{"line":34,"column":22},"end":{"line":34,"column":null}},"type":"binary-expr","locations":[{"start":{"line":34,"column":22},"end":{"line":34,"column":62}},{"start":{"line":34,"column":62},"end":{"line":34,"column":null}}],"line":34},"4":{"loc":{"start":{"line":35,"column":20},"end":{"line":35,"column":null}},"type":"binary-expr","locations":[{"start":{"line":35,"column":20},"end":{"line":35,"column":58}},{"start":{"line":35,"column":58},"end":{"line":35,"column":null}}],"line":35},"5":{"loc":{"start":{"line":43,"column":4},"end":{"line":45,"column":null}},"type":"if","locations":[{"start":{"line":43,"column":4},"end":{"line":45,"column":null}},{"start":{},"end":{}}],"line":43}},"s":{"0":1,"1":1,"2":0,"3":0,"4":0,"5":0,"6":0,"7":0,"8":0,"9":0,"10":0,"11":0,"12":0,"13":0,"14":0,"15":0,"16":0,"17":0,"18":0,"19":0,"20":0,"21":0,"22":0,"23":0,"24":0},"f":{"0":0},"b":{"0":[0,0],"1":[0,0],"2":[0,0],"3":[0,0],"4":[0,0],"5":[0,0]},"meta":{"lastBranch":6,"lastFunction":1,"lastStatement":25,"seen":{"s:13:23:13:Infinity":0,"s:14:23:14:Infinity":1,"f:17:22:17:Infinity":0,"s:21:2:154:Infinity":2,"s:22:17:22:Infinity":3,"b:23:4:23:Infinity:undefined:undefined:undefined:undefined":0,"s:23:4:23:Infinity":4,"s:23:38:23:Infinity":5,"s:24:23:24:Infinity":6,"s:25:24:25:Infinity":7,"s:27:19:27:Infinity":8,"b:28:4:28:Infinity:undefined:undefined:undefined:undefined":1,"s:28:4:28:Infinity":9,"s:28:40:28:Infinity":10,"s:30:27:30:Infinity":11,"s:31:23:31:Infinity":12,"b:32:4:32:Infinity:undefined:undefined:undefined:undefined":2,"s:32:4:32:Infinity":13,"s:32:44:32:Infinity":14,"s:34:22:34:Infinity":15,"b:34:22:34:62:34:62:34:Infinity":3,"s:35:20:35:Infinity":16,"b:35:20:35:58:35:58:35:Infinity":4,"s:36:21:36:Infinity":17,"s:41:24:41:Infinity":18,"b:43:4:45:Infinity:undefined:undefined:undefined:undefined":5,"s:43:4:45:Infinity":19,"s:44:6:44:Infinity":20,"s:47:10:47:Infinity":21,"s:49:19:91:Infinity":22,"s:151:4:151:Infinity":23,"s:153:4:153:Infinity":24},"fnNames":{}}}
,"/app/packages/web/src/components/dashboard/session-ribbon-visuals.ts": {"path":"/app/packages/web/src/components/dashboard/session-ribbon-visuals.ts","statementMap":{"0":{"start":{"line":8,"column":2},"end":{"line":10,"column":null}},"1":{"start":{"line":9,"column":4},"end":{"line":9,"column":null}},"2":{"start":{"line":11,"column":2},"end":{"line":14,"column":null}},"3":{"start":{"line":12,"column":17},"end":{"line":12,"column":null}},"4":{"start":{"line":13,"column":4},"end":{"line":13,"column":null}},"5":{"start":{"line":15,"column":2},"end":{"line":17,"column":null}},"6":{"start":{"line":16,"column":4},"end":{"line":16,"column":null}},"7":{"start":{"line":18,"column":2},"end":{"line":18,"column":null}}},"fnMap":{"0":{"name":"segmentVisuals","decl":{"start":{"line":4,"column":16},"end":{"line":4,"column":31}},"loc":{"start":{"line":7,"column":2},"end":{"line":19,"column":null}},"line":7}},"branchMap":{"0":{"loc":{"start":{"line":8,"column":2},"end":{"line":10,"column":null}},"type":"if","locations":[{"start":{"line":8,"column":2},"end":{"line":10,"column":null}},{"start":{},"end":{}}],"line":8},"1":{"loc":{"start":{"line":8,"column":6},"end":{"line":8,"column":58}},"type":"binary-expr","locations":[{"start":{"line":8,"column":6},"end":{"line":8,"column":34}},{"start":{"line":8,"column":34},"end":{"line":8,"column":58}}],"line":8},"2":{"loc":{"start":{"line":11,"column":2},"end":{"line":14,"column":null}},"type":"if","locations":[{"start":{"line":11,"column":2},"end":{"line":14,"column":null}},{"start":{},"end":{}}],"line":11},"3":{"loc":{"start":{"line":11,"column":6},"end":{"line":11,"column":62}},"type":"binary-expr","locations":[{"start":{"line":11,"column":6},"end":{"line":11,"column":34}},{"start":{"line":11,"column":34},"end":{"line":11,"column":62}}],"line":11},"4":{"loc":{"start":{"line":15,"column":2},"end":{"line":17,"column":null}},"type":"if","locations":[{"start":{"line":15,"column":2},"end":{"line":17,"column":null}},{"start":{},"end":{}}],"line":15},"5":{"loc":{"start":{"line":15,"column":6},"end":{"line":15,"column":73}},"type":"binary-expr","locations":[{"start":{"line":15,"column":6},"end":{"line":15,"column":32}},{"start":{"line":15,"column":32},"end":{"line":15,"column":53}},{"start":{"line":15,"column":53},"end":{"line":15,"column":73}}],"line":15}},"s":{"0":7,"1":1,"2":6,"3":2,"4":2,"5":4,"6":3,"7":1},"f":{"0":7},"b":{"0":[1,6],"1":[7,3],"2":[2,4],"3":[6,2],"4":[3,1],"5":[4,4,2]},"meta":{"lastBranch":6,"lastFunction":1,"lastStatement":8,"seen":{"f:4:16:4:31":0,"b:8:2:10:Infinity:undefined:undefined:undefined:undefined":0,"s:8:2:10:Infinity":0,"b:8:6:8:34:8:34:8:58":1,"s:9:4:9:Infinity":1,"b:11:2:14:Infinity:undefined:undefined:undefined:undefined":2,"s:11:2:14:Infinity":2,"b:11:6:11:34:11:34:11:62":3,"s:12:17:12:Infinity":3,"s:13:4:13:Infinity":4,"b:15:2:17:Infinity:undefined:undefined:undefined:undefined":4,"s:15:2:17:Infinity":5,"b:15:6:15:32:15:32:15:53:15:53:15:73":5,"s:16:4:16:Infinity":6,"s:18:2:18:Infinity":7},"fnNames":{}}}
,"/app/packages/web/src/lib/format.ts": {"path":"/app/packages/web/src/lib/format.ts","statementMap":{"0":{"start":{"line":5,"column":2},"end":{"line":7,"column":null}},"1":{"start":{"line":6,"column":4},"end":{"line":6,"column":null}},"2":{"start":{"line":8,"column":2},"end":{"line":10,"column":null}},"3":{"start":{"line":9,"column":4},"end":{"line":9,"column":null}},"4":{"start":{"line":11,"column":2},"end":{"line":11,"column":null}},"5":{"start":{"line":15,"column":2},"end":{"line":17,"column":null}},"6":{"start":{"line":16,"column":4},"end":{"line":16,"column":null}},"7":{"start":{"line":18,"column":2},"end":{"line":20,"column":null}},"8":{"start":{"line":19,"column":4},"end":{"line":19,"column":null}},"9":{"start":{"line":21,"column":2},"end":{"line":21,"column":null}},"10":{"start":{"line":25,"column":2},"end":{"line":30,"column":null}},"11":{"start":{"line":26,"column":17},"end":{"line":26,"column":null}},"12":{"start":{"line":27,"column":4},"end":{"line":27,"column":null}},"13":{"start":{"line":29,"column":4},"end":{"line":29,"column":null}},"14":{"start":{"line":34,"column":2},"end":{"line":40,"column":null}},"15":{"start":{"line":35,"column":17},"end":{"line":35,"column":null}},"16":{"start":{"line":36,"column":4},"end":{"line":36,"column":null}},"17":{"start":{"line":36,"column":38},"end":{"line":36,"column":null}},"18":{"start":{"line":37,"column":4},"end":{"line":37,"column":null}},"19":{"start":{"line":39,"column":4},"end":{"line":39,"column":null}},"20":{"start":{"line":45,"column":2},"end":{"line":51,"column":null}},"21":{"start":{"line":46,"column":17},"end":{"line":46,"column":null}},"22":{"start":{"line":47,"column":4},"end":{"line":47,"column":null}},"23":{"start":{"line":47,"column":38},"end":{"line":47,"column":null}},"24":{"start":{"line":48,"column":4},"end":{"line":48,"column":null}},"25":{"start":{"line":50,"column":4},"end":{"line":50,"column":null}},"26":{"start":{"line":62,"column":2},"end":{"line":68,"column":null}},"27":{"start":{"line":63,"column":4},"end":{"line":67,"column":null}},"28":{"start":{"line":64,"column":6},"end":{"line":64,"column":null}},"29":{"start":{"line":66,"column":6},"end":{"line":66,"column":null}},"30":{"start":{"line":70,"column":24},"end":{"line":70,"column":null}},"31":{"start":{"line":71,"column":19},"end":{"line":71,"column":null}},"32":{"start":{"line":72,"column":17},"end":{"line":72,"column":null}},"33":{"start":{"line":73,"column":23},"end":{"line":73,"column":null}},"34":{"start":{"line":75,"column":2},"end":{"line":77,"column":null}},"35":{"start":{"line":76,"column":4},"end":{"line":76,"column":null}},"36":{"start":{"line":79,"column":16},"end":{"line":79,"column":null}},"37":{"start":{"line":80,"column":18},"end":{"line":80,"column":null}},"38":{"start":{"line":81,"column":2},"end":{"line":81,"column":null}},"39":{"start":{"line":84,"column":19},"end":{"line":84,"column":null}},"40":{"start":{"line":91,"column":17},"end":{"line":91,"column":null}},"41":{"start":{"line":92,"column":2},"end":{"line":94,"column":null}},"42":{"start":{"line":93,"column":4},"end":{"line":93,"column":null}},"43":{"start":{"line":95,"column":2},"end":{"line":95,"column":null}},"44":{"start":{"line":99,"column":2},"end":{"line":99,"column":null}},"45":{"start":{"line":99,"column":17},"end":{"line":99,"column":null}},"46":{"start":{"line":100,"column":2},"end":{"line":100,"column":null}},"47":{"start":{"line":100,"column":19},"end":{"line":100,"column":null}},"48":{"start":{"line":101,"column":2},"end":{"line":101,"column":null}},"49":{"start":{"line":105,"column":16},"end":{"line":105,"column":null}},"50":{"start":{"line":106,"column":14},"end":{"line":106,"column":null}},"51":{"start":{"line":107,"column":17},"end":{"line":107,"column":null}},"52":{"start":{"line":109,"column":2},"end":{"line":109,"column":null}},"53":{"start":{"line":109,"column":21},"end":{"line":109,"column":null}},"54":{"start":{"line":111,"column":23},"end":{"line":111,"column":null}},"55":{"start":{"line":112,"column":2},"end":{"line":112,"column":null}},"56":{"start":{"line":112,"column":25},"end":{"line":112,"column":null}},"57":{"start":{"line":114,"column":23},"end":{"line":114,"column":null}},"58":{"start":{"line":115,"column":2},"end":{"line":115,"column":null}},"59":{"start":{"line":115,"column":25},"end":{"line":115,"column":null}},"60":{"start":{"line":117,"column":16},"end":{"line":117,"column":null}},"61":{"start":{"line":118,"column":18},"end":{"line":118,"column":null}},"62":{"start":{"line":119,"column":2},"end":{"line":119,"column":null}}},"fnMap":{"0":{"name":"formatTokens","decl":{"start":{"line":4,"column":16},"end":{"line":4,"column":29}},"loc":{"start":{"line":4,"column":48},"end":{"line":12,"column":null}},"line":4},"1":{"name":"formatCost","decl":{"start":{"line":14,"column":16},"end":{"line":14,"column":27}},"loc":{"start":{"line":14,"column":48},"end":{"line":22,"column":null}},"line":14},"2":{"name":"formatDate","decl":{"start":{"line":24,"column":16},"end":{"line":24,"column":27}},"loc":{"start":{"line":24,"column":46},"end":{"line":31,"column":null}},"line":24},"3":{"name":"formatDateTime","decl":{"start":{"line":33,"column":16},"end":{"line":33,"column":31}},"loc":{"start":{"line":33,"column":50},"end":{"line":41,"column":null}},"line":33},"4":{"name":"formatDateTimeFull","decl":{"start":{"line":44,"column":16},"end":{"line":44,"column":35}},"loc":{"start":{"line":44,"column":54},"end":{"line":52,"column":null}},"line":44},"5":{"name":"formatRelativeTime","decl":{"start":{"line":61,"column":16},"end":{"line":61,"column":35}},"loc":{"start":{"line":61,"column":86},"end":{"line":82,"column":null}},"line":61},"6":{"name":"formatLastUsed","decl":{"start":{"line":90,"column":16},"end":{"line":90,"column":31}},"loc":{"start":{"line":90,"column":52},"end":{"line":96,"column":null}},"line":90},"7":{"name":"formatDurationMs","decl":{"start":{"line":98,"column":16},"end":{"line":98,"column":33}},"loc":{"start":{"line":98,"column":53},"end":{"line":102,"column":null}},"line":98},"8":{"name":"formatDuration","decl":{"start":{"line":104,"column":16},"end":{"line":104,"column":31}},"loc":{"start":{"line":104,"column":83},"end":{"line":120,"column":null}},"line":104}},"branchMap":{"0":{"loc":{"start":{"line":5,"column":2},"end":{"line":7,"column":null}},"type":"if","locations":[{"start":{"line":5,"column":2},"end":{"line":7,"column":null}},{"start":{},"end":{}}],"line":5},"1":{"loc":{"start":{"line":8,"column":2},"end":{"line":10,"column":null}},"type":"if","locations":[{"start":{"line":8,"column":2},"end":{"line":10,"column":null}},{"start":{},"end":{}}],"line":8},"2":{"loc":{"start":{"line":15,"column":2},"end":{"line":17,"column":null}},"type":"if","locations":[{"start":{"line":15,"column":2},"end":{"line":17,"column":null}},{"start":{},"end":{}}],"line":15},"3":{"loc":{"start":{"line":18,"column":2},"end":{"line":20,"column":null}},"type":"if","locations":[{"start":{"line":18,"column":2},"end":{"line":20,"column":null}},{"start":{},"end":{}}],"line":18},"4":{"loc":{"start":{"line":36,"column":4},"end":{"line":36,"column":null}},"type":"if","locations":[{"start":{"line":36,"column":4},"end":{"line":36,"column":null}},{"start":{},"end":{}}],"line":36},"5":{"loc":{"start":{"line":47,"column":4},"end":{"line":47,"column":null}},"type":"if","locations":[{"start":{"line":47,"column":4},"end":{"line":47,"column":null}},{"start":{},"end":{}}],"line":47},"6":{"loc":{"start":{"line":62,"column":2},"end":{"line":68,"column":null}},"type":"if","locations":[{"start":{"line":62,"column":2},"end":{"line":68,"column":null}},{"start":{},"end":{}}],"line":62},"7":{"loc":{"start":{"line":75,"column":2},"end":{"line":77,"column":null}},"type":"if","locations":[{"start":{"line":75,"column":2},"end":{"line":77,"column":null}},{"start":{},"end":{}}],"line":75},"8":{"loc":{"start":{"line":92,"column":2},"end":{"line":94,"column":null}},"type":"if","locations":[{"start":{"line":92,"column":2},"end":{"line":94,"column":null}},{"start":{},"end":{}}],"line":92},"9":{"loc":{"start":{"line":99,"column":2},"end":{"line":99,"column":null}},"type":"if","locations":[{"start":{"line":99,"column":2},"end":{"line":99,"column":null}},{"start":{},"end":{}}],"line":99},"10":{"loc":{"start":{"line":100,"column":2},"end":{"line":100,"column":null}},"type":"if","locations":[{"start":{"line":100,"column":2},"end":{"line":100,"column":null}},{"start":{},"end":{}}],"line":100},"11":{"loc":{"start":{"line":100,"column":49},"end":{"line":100,"column":68}},"type":"cond-expr","locations":[{"start":{"line":100,"column":63},"end":{"line":100,"column":67}},{"start":{"line":100,"column":67},"end":{"line":100,"column":68}}],"line":100},"12":{"loc":{"start":{"line":106,"column":14},"end":{"line":106,"column":null}},"type":"cond-expr","locations":[{"start":{"line":106,"column":24},"end":{"line":106,"column":54}},{"start":{"line":106,"column":54},"end":{"line":106,"column":null}}],"line":106},"13":{"loc":{"start":{"line":109,"column":2},"end":{"line":109,"column":null}},"type":"if","locations":[{"start":{"line":109,"column":2},"end":{"line":109,"column":null}},{"start":{},"end":{}}],"line":109},"14":{"loc":{"start":{"line":112,"column":2},"end":{"line":112,"column":null}},"type":"if","locations":[{"start":{"line":112,"column":2},"end":{"line":112,"column":null}},{"start":{},"end":{}}],"line":112},"15":{"loc":{"start":{"line":115,"column":2},"end":{"line":115,"column":null}},"type":"if","locations":[{"start":{"line":115,"column":2},"end":{"line":115,"column":null}},{"start":{},"end":{}}],"line":115},"16":{"loc":{"start":{"line":119,"column":9},"end":{"line":119,"column":null}},"type":"cond-expr","locations":[{"start":{"line":119,"column":25},"end":{"line":119,"column":39}},{"start":{"line":119,"column":39},"end":{"line":119,"column":null}}],"line":119}},"s":{"0":7,"1":2,"2":5,"3":3,"4":2,"5":7,"6":2,"7":5,"8":2,"9":3,"10":0,"11":0,"12":0,"13":0,"14":1,"15":1,"16":1,"17":1,"18":0,"19":0,"20":1,"21":1,"22":1,"23":1,"24":0,"25":0,"26":6,"27":0,"28":0,"29":0,"30":6,"31":6,"32":6,"33":6,"34":6,"35":4,"36":2,"37":2,"38":2,"39":1,"40":0,"41":0,"42":0,"43":0,"44":9,"45":3,"46":6,"47":6,"48":2,"49":7,"50":7,"51":7,"52":7,"53":2,"54":5,"55":5,"56":1,"57":4,"58":4,"59":4,"60":2,"61":2,"62":2},"f":{"0":7,"1":7,"2":0,"3":1,"4":1,"5":6,"6":0,"7":9,"8":7},"b":{"0":[2,5],"1":[3,2],"2":[2,5],"3":[2,3],"4":[1,0],"5":[1,0],"6":[0,6],"7":[4,2],"8":[0,0],"9":[3,6],"10":[4,2],"11":[2,2],"12":[7,0],"13":[2,5],"14":[1,4],"15":[2,2],"16":[1,1]},"meta":{"lastBranch":17,"lastFunction":9,"lastStatement":63,"seen":{"f:4:16:4:29":0,"b:5:2:7:Infinity:undefined:undefined:undefined:undefined":0,"s:5:2:7:Infinity":0,"s:6:4:6:Infinity":1,"b:8:2:10:Infinity:undefined:undefined:undefined:undefined":1,"s:8:2:10:Infinity":2,"s:9:4:9:Infinity":3,"s:11:2:11:Infinity":4,"f:14:16:14:27":1,"b:15:2:17:Infinity:undefined:undefined:undefined:undefined":2,"s:15:2:17:Infinity":5,"s:16:4:16:Infinity":6,"b:18:2:20:Infinity:undefined:undefined:undefined:undefined":3,"s:18:2:20:Infinity":7,"s:19:4:19:Infinity":8,"s:21:2:21:Infinity":9,"f:24:16:24:27":2,"s:25:2:30:Infinity":10,"s:26:17:26:Infinity":11,"s:27:4:27:Infinity":12,"s:29:4:29:Infinity":13,"f:33:16:33:31":3,"s:34:2:40:Infinity":14,"s:35:17:35:Infinity":15,"b:36:4:36:Infinity:undefined:undefined:undefined:undefined":4,"s:36:4:36:Infinity":16,"s:36:38:36:Infinity":17,"s:37:4:37:Infinity":18,"s:39:4:39:Infinity":19,"f:44:16:44:35":4,"s:45:2:51:Infinity":20,"s:46:17:46:Infinity":21,"b:47:4:47:Infinity:undefined:undefined:undefined:undefined":5,"s:47:4:47:Infinity":22,"s:47:38:47:Infinity":23,"s:48:4:48:Infinity":24,"s:50:4:50:Infinity":25,"f:61:16:61:35":5,"b:62:2:68:Infinity:undefined:undefined:undefined:undefined":6,"s:62:2:68:Infinity":26,"s:63:4:67:Infinity":27,"s:64:6:64:Infinity":28,"s:66:6:66:Infinity":29,"s:70:24:70:Infinity":30,"s:71:19:71:Infinity":31,"s:72:17:72:Infinity":32,"s:73:23:73:Infinity":33,"b:75:2:77:Infinity:undefined:undefined:undefined:undefined":7,"s:75:2:77:Infinity":34,"s:76:4:76:Infinity":35,"s:79:16:79:Infinity":36,"s:80:18:80:Infinity":37,"s:81:2:81:Infinity":38,"s:84:19:84:Infinity":39,"f:90:16:90:31":6,"s:91:17:91:Infinity":40,"b:92:2:94:Infinity:undefined:undefined:undefined:undefined":8,"s:92:2:94:Infinity":41,"s:93:4:93:Infinity":42,"s:95:2:95:Infinity":43,"f:98:16:98:33":7,"b:99:2:99:Infinity:undefined:undefined:undefined:undefined":9,"s:99:2:99:Infinity":44,"s:99:17:99:Infinity":45,"b:100:2:100:Infinity:undefined:undefined:undefined:undefined":10,"s:100:2:100:Infinity":46,"s:100:19:100:Infinity":47,"b:100:63:100:67:100:67:100:68":11,"s:101:2:101:Infinity":48,"f:104:16:104:31":8,"s:105:16:105:Infinity":49,"s:106:14:106:Infinity":50,"b:106:24:106:54:106:54:106:Infinity":12,"s:107:17:107:Infinity":51,"b:109:2:109:Infinity:undefined:undefined:undefined:undefined":13,"s:109:2:109:Infinity":52,"s:109:21:109:Infinity":53,"s:111:23:111:Infinity":54,"b:112:2:112:Infinity:undefined:undefined:undefined:undefined":14,"s:112:2:112:Infinity":55,"s:112:25:112:Infinity":56,"s:114:23:114:Infinity":57,"b:115:2:115:Infinity:undefined:undefined:undefined:undefined":15,"s:115:2:115:Infinity":58,"s:115:25:115:Infinity":59,"s:117:16:117:Infinity":60,"s:118:18:118:Infinity":61,"s:119:2:119:Infinity":62,"b:119:25:119:39:119:39:119:Infinity":16},"fnNames":{}}}
,"/app/packages/web/src/lib/slash-command.ts": {"path":"/app/packages/web/src/lib/slash-command.ts","statementMap":{"0":{"start":{"line":2,"column":2},"end":{"line":2,"column":null}},"1":{"start":{"line":4,"column":32},"end":{"line":4,"column":null}},"2":{"start":{"line":7,"column":19},"end":{"line":11,"column":null}},"3":{"start":{"line":9,"column":6},"end":{"line":9,"column":null}},"4":{"start":{"line":10,"column":4},"end":{"line":10,"column":null}},"5":{"start":{"line":12,"column":2},"end":{"line":12,"column":null}}},"fnMap":{"0":{"name":"formatSlashCommandText","decl":{"start":{"line":6,"column":16},"end":{"line":6,"column":39}},"loc":{"start":{"line":6,"column":60},"end":{"line":13,"column":null}},"line":6},"1":{"name":"(anonymous_1)","decl":{"start":{"line":7,"column":55},"end":{"line":7,"column":56}},"loc":{"start":{"line":7,"column":74},"end":{"line":11,"column":3}},"line":7}},"branchMap":{"0":{"loc":{"start":{"line":9,"column":6},"end":{"line":9,"column":null}},"type":"cond-expr","locations":[{"start":{"line":9,"column":33},"end":{"line":9,"column":68}},{"start":{"line":9,"column":68},"end":{"line":9,"column":null}}],"line":9},"1":{"loc":{"start":{"line":10,"column":11},"end":{"line":10,"column":null}},"type":"cond-expr","locations":[{"start":{"line":10,"column":22},"end":{"line":10,"column":47}},{"start":{"line":10,"column":47},"end":{"line":10,"column":null}}],"line":10}},"s":{"0":2,"1":2,"2":17,"3":13,"4":13,"5":17},"f":{"0":17,"1":13},"b":{"0":[10,3],"1":[8,5]},"meta":{"lastBranch":2,"lastFunction":2,"lastStatement":6,"seen":{"s:2:2:2:Infinity":0,"s:4:32:4:Infinity":1,"f:6:16:6:39":0,"s:7:19:11:Infinity":2,"f:7:55:7:56":1,"s:9:6:9:Infinity":3,"b:9:33:9:68:9:68:9:Infinity":0,"s:10:4:10:Infinity":4,"b:10:22:10:47:10:47:10:Infinity":1,"s:12:2:12:Infinity":5},"fnNames":{}}}
,"/app/packages/web/src/lib/subagent-tools.ts": {"path":"/app/packages/web/src/lib/subagent-tools.ts","statementMap":{"0":{"start":{"line":1,"column":28},"end":{"line":1,"column":null}},"1":{"start":{"line":7,"column":2},"end":{"line":7,"column":null}},"2":{"start":{"line":7,"column":65},"end":{"line":7,"column":null}},"3":{"start":{"line":9,"column":23},"end":{"line":9,"column":null}},"4":{"start":{"line":10,"column":2},"end":{"line":10,"column":null}},"5":{"start":{"line":10,"column":40},"end":{"line":10,"column":null}},"6":{"start":{"line":12,"column":18},"end":{"line":12,"column":null}},"7":{"start":{"line":13,"column":2},"end":{"line":13,"column":null}},"8":{"start":{"line":20,"column":2},"end":{"line":20,"column":null}},"9":{"start":{"line":20,"column":59},"end":{"line":20,"column":null}},"10":{"start":{"line":22,"column":22},"end":{"line":22,"column":null}},"11":{"start":{"line":23,"column":2},"end":{"line":23,"column":null}},"12":{"start":{"line":23,"column":39},"end":{"line":23,"column":null}},"13":{"start":{"line":25,"column":18},"end":{"line":25,"column":null}},"14":{"start":{"line":26,"column":2},"end":{"line":26,"column":null}}},"fnMap":{"0":{"name":"getSubagentType","decl":{"start":{"line":3,"column":16},"end":{"line":3,"column":null}},"loc":{"start":{"line":6,"column":17},"end":{"line":14,"column":null}},"line":6},"1":{"name":"getSubagentDescription","decl":{"start":{"line":16,"column":16},"end":{"line":16,"column":null}},"loc":{"start":{"line":19,"column":17},"end":{"line":27,"column":null}},"line":19}},"branchMap":{"0":{"loc":{"start":{"line":7,"column":2},"end":{"line":7,"column":null}},"type":"if","locations":[{"start":{"line":7,"column":2},"end":{"line":7,"column":null}},{"start":{},"end":{}}],"line":7},"1":{"loc":{"start":{"line":7,"column":6},"end":{"line":7,"column":65}},"type":"binary-expr","locations":[{"start":{"line":7,"column":6},"end":{"line":7,"column":19}},{"start":{"line":7,"column":19},"end":{"line":7,"column":57}},{"start":{"line":7,"column":57},"end":{"line":7,"column":65}}],"line":7},"2":{"loc":{"start":{"line":10,"column":2},"end":{"line":10,"column":null}},"type":"if","locations":[{"start":{"line":10,"column":2},"end":{"line":10,"column":null}},{"start":{},"end":{}}],"line":10},"3":{"loc":{"start":{"line":13,"column":9},"end":{"line":13,"column":null}},"type":"cond-expr","locations":[{"start":{"line":13,"column":30},"end":{"line":13,"column":40}},{"start":{"line":13,"column":40},"end":{"line":13,"column":null}}],"line":13},"4":{"loc":{"start":{"line":20,"column":2},"end":{"line":20,"column":null}},"type":"if","locations":[{"start":{"line":20,"column":2},"end":{"line":20,"column":null}},{"start":{},"end":{}}],"line":20},"5":{"loc":{"start":{"line":20,"column":6},"end":{"line":20,"column":59}},"type":"binary-expr","locations":[{"start":{"line":20,"column":6},"end":{"line":20,"column":51}},{"start":{"line":20,"column":51},"end":{"line":20,"column":59}}],"line":20},"6":{"loc":{"start":{"line":23,"column":2},"end":{"line":23,"column":null}},"type":"if","locations":[{"start":{"line":23,"column":2},"end":{"line":23,"column":null}},{"start":{},"end":{}}],"line":23},"7":{"loc":{"start":{"line":26,"column":9},"end":{"line":26,"column":null}},"type":"cond-expr","locations":[{"start":{"line":26,"column":30},"end":{"line":26,"column":40}},{"start":{"line":26,"column":40},"end":{"line":26,"column":null}}],"line":26}},"s":{"0":2,"1":13,"2":7,"3":6,"4":6,"5":6,"6":3,"7":3,"8":4,"9":3,"10":1,"11":1,"12":0,"13":1,"14":1},"f":{"0":13,"1":4},"b":{"0":[7,6],"1":[13,9,6],"2":[3,3],"3":[3,0],"4":[3,1],"5":[4,1],"6":[0,1],"7":[1,0]},"meta":{"lastBranch":8,"lastFunction":2,"lastStatement":15,"seen":{"s:1:28:1:Infinity":0,"f:3:16:3:Infinity":0,"b:7:2:7:Infinity:undefined:undefined:undefined:undefined":0,"s:7:2:7:Infinity":1,"b:7:6:7:19:7:19:7:57:7:57:7:65":1,"s:7:65:7:Infinity":2,"s:9:23:9:Infinity":3,"b:10:2:10:Infinity:undefined:undefined:undefined:undefined":2,"s:10:2:10:Infinity":4,"s:10:40:10:Infinity":5,"s:12:18:12:Infinity":6,"s:13:2:13:Infinity":7,"b:13:30:13:40:13:40:13:Infinity":3,"f:16:16:16:Infinity":1,"b:20:2:20:Infinity:undefined:undefined:undefined:undefined":4,"s:20:2:20:Infinity":8,"b:20:6:20:51:20:51:20:59":5,"s:20:59:20:Infinity":9,"s:22:22:22:Infinity":10,"b:23:2:23:Infinity:undefined:undefined:undefined:undefined":6,"s:23:2:23:Infinity":11,"s:23:39:23:Infinity":12,"s:25:18:25:Infinity":13,"s:26:2:26:Infinity":14,"b:26:30:26:40:26:40:26:Infinity":7},"fnNames":{}}}
,"/app/packages/web/src/lib/timeline-events.ts": {"path":"/app/packages/web/src/lib/timeline-events.ts","statementMap":{"0":{"start":{"line":34,"column":2},"end":{"line":34,"column":null}},"1":{"start":{"line":34,"column":38},"end":{"line":34,"column":null}},"2":{"start":{"line":35,"column":16},"end":{"line":35,"column":null}},"3":{"start":{"line":36,"column":2},"end":{"line":36,"column":null}},"4":{"start":{"line":40,"column":2},"end":{"line":40,"column":null}},"5":{"start":{"line":46,"column":26},"end":{"line":46,"column":null}},"6":{"start":{"line":47,"column":19},"end":{"line":53,"column":null}},"7":{"start":{"line":49,"column":6},"end":{"line":49,"column":null}},"8":{"start":{"line":50,"column":6},"end":{"line":50,"column":null}},"9":{"start":{"line":54,"column":2},"end":{"line":54,"column":null}},"10":{"start":{"line":58,"column":34},"end":{"line":130,"column":null}},"11":{"start":{"line":59,"column":4},"end":{"line":79,"column":null}},"12":{"start":{"line":60,"column":23},"end":{"line":60,"column":null}},"13":{"start":{"line":61,"column":25},"end":{"line":61,"column":null}},"14":{"start":{"line":62,"column":24},"end":{"line":62,"column":null}},"15":{"start":{"line":63,"column":12},"end":{"line":63,"column":null}},"16":{"start":{"line":64,"column":6},"end":{"line":78,"column":null}},"17":{"start":{"line":81,"column":4},"end":{"line":115,"column":null}},"18":{"start":{"line":82,"column":34},"end":{"line":82,"column":null}},"19":{"start":{"line":83,"column":6},"end":{"line":114,"column":null}},"20":{"start":{"line":84,"column":37},"end":{"line":84,"column":null}},"21":{"start":{"line":85,"column":8},"end":{"line":97,"column":null}},"22":{"start":{"line":86,"column":10},"end":{"line":96,"column":null}},"23":{"start":{"line":98,"column":8},"end":{"line":112,"column":null}},"24":{"start":{"line":99,"column":10},"end":{"line":111,"column":null}},"25":{"start":{"line":113,"column":8},"end":{"line":113,"column":null}},"26":{"start":{"line":117,"column":4},"end":{"line":129,"column":null}},"27":{"start":{"line":132,"column":2},"end":{"line":136,"column":null}},"28":{"start":{"line":133,"column":4},"end":{"line":133,"column":null}},"29":{"start":{"line":133,"column":35},"end":{"line":133,"column":null}},"30":{"start":{"line":134,"column":4},"end":{"line":134,"column":null}},"31":{"start":{"line":134,"column":35},"end":{"line":134,"column":null}},"32":{"start":{"line":135,"column":4},"end":{"line":135,"column":null}},"33":{"start":{"line":138,"column":2},"end":{"line":138,"column":null}},"34":{"start":{"line":150,"column":34},"end":{"line":150,"column":null}},"35":{"start":{"line":154,"column":13},"end":{"line":154,"column":null}},"36":{"start":{"line":155,"column":16},"end":{"line":160,"column":null}},"37":{"start":{"line":156,"column":4},"end":{"line":159,"column":null}},"38":{"start":{"line":157,"column":6},"end":{"line":157,"column":null}},"39":{"start":{"line":158,"column":6},"end":{"line":158,"column":null}},"40":{"start":{"line":161,"column":2},"end":{"line":173,"column":null}},"41":{"start":{"line":162,"column":4},"end":{"line":172,"column":null}},"42":{"start":{"line":163,"column":6},"end":{"line":168,"column":null}},"43":{"start":{"line":164,"column":8},"end":{"line":164,"column":null}},"44":{"start":{"line":166,"column":8},"end":{"line":166,"column":null}},"45":{"start":{"line":167,"column":8},"end":{"line":167,"column":null}},"46":{"start":{"line":170,"column":6},"end":{"line":170,"column":null}},"47":{"start":{"line":171,"column":6},"end":{"line":171,"column":null}},"48":{"start":{"line":174,"column":2},"end":{"line":174,"column":null}},"49":{"start":{"line":175,"column":2},"end":{"line":175,"column":null}}},"fnMap":{"0":{"name":"getSkillName","decl":{"start":{"line":33,"column":9},"end":{"line":33,"column":22}},"loc":{"start":{"line":33,"column":94},"end":{"line":37,"column":null}},"line":33},"1":{"name":"extractSlashCommands","decl":{"start":{"line":42,"column":16},"end":{"line":42,"column":37}},"loc":{"start":{"line":45,"column":2},"end":{"line":55,"column":null}},"line":45},"2":{"name":"(anonymous_2)","decl":{"start":{"line":48,"column":35},"end":{"line":48,"column":36}},"loc":{"start":{"line":48,"column":48},"end":{"line":51,"column":5}},"line":48},"3":{"name":"messagesToTimeline","decl":{"start":{"line":57,"column":16},"end":{"line":57,"column":35}},"loc":{"start":{"line":57,"column":89},"end":{"line":139,"column":null}},"line":57},"4":{"name":"(anonymous_4)","decl":{"start":{"line":58,"column":51},"end":{"line":58,"column":52}},"loc":{"start":{"line":58,"column":58},"end":{"line":130,"column":3}},"line":58},"5":{"name":"(anonymous_5)","decl":{"start":{"line":98,"column":22},"end":{"line":98,"column":23}},"loc":{"start":{"line":98,"column":35},"end":{"line":112,"column":9}},"line":98},"6":{"name":"(anonymous_6)","decl":{"start":{"line":132,"column":14},"end":{"line":132,"column":15}},"loc":{"start":{"line":132,"column":24},"end":{"line":136,"column":3}},"line":132},"7":{"name":"buildTimelineGroups","decl":{"start":{"line":149,"column":16},"end":{"line":149,"column":36}},"loc":{"start":{"line":149,"column":78},"end":{"line":176,"column":null}},"line":149},"8":{"name":"(anonymous_8)","decl":{"start":{"line":155,"column":16},"end":{"line":155,"column":22}},"loc":{"start":{"line":155,"column":22},"end":{"line":160,"column":null}},"line":155},"9":{"name":"(anonymous_9)","decl":{"start":{"line":161,"column":17},"end":{"line":161,"column":18}},"loc":{"start":{"line":161,"column":33},"end":{"line":173,"column":3}},"line":161}},"branchMap":{"0":{"loc":{"start":{"line":34,"column":2},"end":{"line":34,"column":null}},"type":"if","locations":[{"start":{"line":34,"column":2},"end":{"line":34,"column":null}},{"start":{},"end":{}}],"line":34},"1":{"loc":{"start":{"line":34,"column":6},"end":{"line":34,"column":38}},"type":"binary-expr","locations":[{"start":{"line":34,"column":6},"end":{"line":34,"column":30}},{"start":{"line":34,"column":30},"end":{"line":34,"column":38}}],"line":34},"2":{"loc":{"start":{"line":36,"column":9},"end":{"line":36,"column":null}},"type":"cond-expr","locations":[{"start":{"line":36,"column":37},"end":{"line":36,"column":45}},{"start":{"line":36,"column":45},"end":{"line":36,"column":null}}],"line":36},"3":{"loc":{"start":{"line":59,"column":4},"end":{"line":79,"column":null}},"type":"if","locations":[{"start":{"line":59,"column":4},"end":{"line":79,"column":null}},{"start":{},"end":{}}],"line":59},"4":{"loc":{"start":{"line":60,"column":23},"end":{"line":60,"column":null}},"type":"binary-expr","locations":[{"start":{"line":60,"column":23},"end":{"line":60,"column":37}},{"start":{"line":60,"column":37},"end":{"line":60,"column":null}}],"line":60},"5":{"loc":{"start":{"line":61,"column":25},"end":{"line":61,"column":null}},"type":"binary-expr","locations":[{"start":{"line":61,"column":25},"end":{"line":61,"column":40}},{"start":{"line":61,"column":40},"end":{"line":61,"column":null}}],"line":61},"6":{"loc":{"start":{"line":70,"column":22},"end":{"line":70,"column":null}},"type":"binary-expr","locations":[{"start":{"line":70,"column":22},"end":{"line":70,"column":38}},{"start":{"line":70,"column":38},"end":{"line":70,"column":null}}],"line":70},"7":{"loc":{"start":{"line":81,"column":4},"end":{"line":115,"column":null}},"type":"if","locations":[{"start":{"line":81,"column":4},"end":{"line":115,"column":null}},{"start":{},"end":{}}],"line":81},"8":{"loc":{"start":{"line":83,"column":6},"end":{"line":114,"column":null}},"type":"if","locations":[{"start":{"line":83,"column":6},"end":{"line":114,"column":null}},{"start":{},"end":{}}],"line":83},"9":{"loc":{"start":{"line":85,"column":8},"end":{"line":97,"column":null}},"type":"if","locations":[{"start":{"line":85,"column":8},"end":{"line":97,"column":null}},{"start":{},"end":{}}],"line":85},"10":{"loc":{"start":{"line":92,"column":26},"end":{"line":92,"column":null}},"type":"binary-expr","locations":[{"start":{"line":92,"column":26},"end":{"line":92,"column":44}},{"start":{"line":92,"column":44},"end":{"line":92,"column":null}}],"line":92},"11":{"loc":{"start":{"line":93,"column":25},"end":{"line":93,"column":null}},"type":"binary-expr","locations":[{"start":{"line":93,"column":25},"end":{"line":93,"column":42}},{"start":{"line":93,"column":42},"end":{"line":93,"column":null}}],"line":93},"12":{"loc":{"start":{"line":94,"column":30},"end":{"line":94,"column":null}},"type":"binary-expr","locations":[{"start":{"line":94,"column":30},"end":{"line":94,"column":52}},{"start":{"line":94,"column":52},"end":{"line":94,"column":null}}],"line":94},"13":{"loc":{"start":{"line":95,"column":19},"end":{"line":95,"column":null}},"type":"binary-expr","locations":[{"start":{"line":95,"column":19},"end":{"line":95,"column":30}},{"start":{"line":95,"column":30},"end":{"line":95,"column":null}}],"line":95},"14":{"loc":{"start":{"line":124,"column":22},"end":{"line":124,"column":null}},"type":"binary-expr","locations":[{"start":{"line":124,"column":22},"end":{"line":124,"column":40}},{"start":{"line":124,"column":40},"end":{"line":124,"column":null}}],"line":124},"15":{"loc":{"start":{"line":125,"column":21},"end":{"line":125,"column":null}},"type":"binary-expr","locations":[{"start":{"line":125,"column":21},"end":{"line":125,"column":38}},{"start":{"line":125,"column":38},"end":{"line":125,"column":null}}],"line":125},"16":{"loc":{"start":{"line":126,"column":26},"end":{"line":126,"column":null}},"type":"binary-expr","locations":[{"start":{"line":126,"column":26},"end":{"line":126,"column":48}},{"start":{"line":126,"column":48},"end":{"line":126,"column":null}}],"line":126},"17":{"loc":{"start":{"line":127,"column":15},"end":{"line":127,"column":null}},"type":"binary-expr","locations":[{"start":{"line":127,"column":15},"end":{"line":127,"column":26}},{"start":{"line":127,"column":26},"end":{"line":127,"column":null}}],"line":127},"18":{"loc":{"start":{"line":133,"column":4},"end":{"line":133,"column":null}},"type":"if","locations":[{"start":{"line":133,"column":4},"end":{"line":133,"column":null}},{"start":{},"end":{}}],"line":133},"19":{"loc":{"start":{"line":134,"column":4},"end":{"line":134,"column":null}},"type":"if","locations":[{"start":{"line":134,"column":4},"end":{"line":134,"column":null}},{"start":{},"end":{}}],"line":134},"20":{"loc":{"start":{"line":156,"column":4},"end":{"line":159,"column":null}},"type":"if","locations":[{"start":{"line":156,"column":4},"end":{"line":159,"column":null}},{"start":{},"end":{}}],"line":156},"21":{"loc":{"start":{"line":162,"column":4},"end":{"line":172,"column":null}},"type":"if","locations":[{"start":{"line":162,"column":4},"end":{"line":172,"column":null}},{"start":{"line":169,"column":11},"end":{"line":172,"column":null}}],"line":162},"22":{"loc":{"start":{"line":162,"column":8},"end":{"line":162,"column":75}},"type":"binary-expr","locations":[{"start":{"line":162,"column":8},"end":{"line":162,"column":33}},{"start":{"line":162,"column":33},"end":{"line":162,"column":55}},{"start":{"line":162,"column":55},"end":{"line":162,"column":75}}],"line":162},"23":{"loc":{"start":{"line":163,"column":6},"end":{"line":168,"column":null}},"type":"if","locations":[{"start":{"line":163,"column":6},"end":{"line":168,"column":null}},{"start":{"line":165,"column":13},"end":{"line":168,"column":null}}],"line":163},"24":{"loc":{"start":{"line":163,"column":10},"end":{"line":163,"column":50}},"type":"binary-expr","locations":[{"start":{"line":163,"column":10},"end":{"line":163,"column":17}},{"start":{"line":163,"column":17},"end":{"line":163,"column":50}}],"line":163}},"s":{"0":5,"1":4,"2":1,"3":1,"4":1,"5":0,"6":0,"7":0,"8":0,"9":0,"10":3,"11":5,"12":5,"13":5,"14":5,"15":5,"16":5,"17":0,"18":0,"19":0,"20":0,"21":0,"22":0,"23":0,"24":0,"25":0,"26":0,"27":3,"28":2,"29":0,"30":2,"31":2,"32":0,"33":3,"34":1,"35":1,"36":1,"37":4,"38":2,"39":2,"40":1,"41":3,"42":2,"43":0,"44":2,"45":2,"46":1,"47":1,"48":1,"49":1},"f":{"0":5,"1":0,"2":0,"3":3,"4":5,"5":0,"6":2,"7":1,"8":4,"9":3},"b":{"0":[4,1],"1":[5,1],"2":[1,0],"3":[5,0],"4":[5,0],"5":[5,2],"6":[5,3],"7":[0,0],"8":[0,0],"9":[0,0],"10":[0,0],"11":[0,0],"12":[0,0],"13":[0,0],"14":[0,0],"15":[5,0],"16":[5,0],"17":[5,0],"18":[0,2],"19":[2,0],"20":[2,2],"21":[2,1],"22":[3,3,2],"23":[0,2],"24":[2,0]},"meta":{"lastBranch":25,"lastFunction":10,"lastStatement":50,"seen":{"f:33:9:33:22":0,"b:34:2:34:Infinity:undefined:undefined:undefined:undefined":0,"s:34:2:34:Infinity":0,"b:34:6:34:30:34:30:34:38":1,"s:34:38:34:Infinity":1,"s:35:16:35:Infinity":2,"s:36:2:36:Infinity":3,"b:36:37:36:45:36:45:36:Infinity":2,"s:40:2:40:Infinity":4,"f:42:16:42:37":1,"s:46:26:46:Infinity":5,"s:47:19:53:Infinity":6,"f:48:35:48:36":2,"s:49:6:49:Infinity":7,"s:50:6:50:Infinity":8,"s:54:2:54:Infinity":9,"f:57:16:57:35":3,"s:58:34:130:Infinity":10,"f:58:51:58:52":4,"b:59:4:79:Infinity:undefined:undefined:undefined:undefined":3,"s:59:4:79:Infinity":11,"s:60:23:60:Infinity":12,"b:60:23:60:37:60:37:60:Infinity":4,"s:61:25:61:Infinity":13,"b:61:25:61:40:61:40:61:Infinity":5,"s:62:24:62:Infinity":14,"s:63:12:63:Infinity":15,"s:64:6:78:Infinity":16,"b:70:22:70:38:70:38:70:Infinity":6,"b:81:4:115:Infinity:undefined:undefined:undefined:undefined":7,"s:81:4:115:Infinity":17,"s:82:34:82:Infinity":18,"b:83:6:114:Infinity:undefined:undefined:undefined:undefined":8,"s:83:6:114:Infinity":19,"s:84:37:84:Infinity":20,"b:85:8:97:Infinity:undefined:undefined:undefined:undefined":9,"s:85:8:97:Infinity":21,"s:86:10:96:Infinity":22,"b:92:26:92:44:92:44:92:Infinity":10,"b:93:25:93:42:93:42:93:Infinity":11,"b:94:30:94:52:94:52:94:Infinity":12,"b:95:19:95:30:95:30:95:Infinity":13,"s:98:8:112:Infinity":23,"f:98:22:98:23":5,"s:99:10:111:Infinity":24,"s:113:8:113:Infinity":25,"s:117:4:129:Infinity":26,"b:124:22:124:40:124:40:124:Infinity":14,"b:125:21:125:38:125:38:125:Infinity":15,"b:126:26:126:48:126:48:126:Infinity":16,"b:127:15:127:26:127:26:127:Infinity":17,"s:132:2:136:Infinity":27,"f:132:14:132:15":6,"b:133:4:133:Infinity:undefined:undefined:undefined:undefined":18,"s:133:4:133:Infinity":28,"s:133:35:133:Infinity":29,"b:134:4:134:Infinity:undefined:undefined:undefined:undefined":19,"s:134:4:134:Infinity":30,"s:134:35:134:Infinity":31,"s:135:4:135:Infinity":32,"s:138:2:138:Infinity":33,"f:149:16:149:36":7,"s:150:34:150:Infinity":34,"s:154:13:154:Infinity":35,"s:155:16:160:Infinity":36,"f:155:16:155:22":8,"b:156:4:159:Infinity:undefined:undefined:undefined:undefined":20,"s:156:4:159:Infinity":37,"s:157:6:157:Infinity":38,"s:158:6:158:Infinity":39,"s:161:2:173:Infinity":40,"f:161:17:161:18":9,"b:162:4:172:Infinity:169:11:172:Infinity":21,"s:162:4:172:Infinity":41,"b:162:8:162:33:162:33:162:55:162:55:162:75":22,"b:163:6:168:Infinity:165:13:168:Infinity":23,"s:163:6:168:Infinity":42,"b:163:10:163:17:163:17:163:50":24,"s:164:8:164:Infinity":43,"s:166:8:166:Infinity":44,"s:167:8:167:Infinity":45,"s:170:6:170:Infinity":46,"s:171:6:171:Infinity":47,"s:174:2:174:Infinity":48,"s:175:2:175:Infinity":49},"fnNames":{}}}
,"/app/packages/web/src/lib/server/cost.ts": {"path":"/app/packages/web/src/lib/server/cost.ts","statementMap":{"0":{"start":{"line":7,"column":28},"end":{"line":7,"column":null}},"1":{"start":{"line":13,"column":8},"end":{"line":13,"column":null}},"2":{"start":{"line":14,"column":2},"end":{"line":19,"column":null}},"3":{"start":{"line":15,"column":4},"end":{"line":15,"column":null}},"4":{"start":{"line":16,"column":4},"end":{"line":18,"column":null}},"5":{"start":{"line":21,"column":8},"end":{"line":21,"column":null}},"6":{"start":{"line":23,"column":2},"end":{"line":27,"column":null}}},"fnMap":{"0":{"name":"calculateCost","decl":{"start":{"line":12,"column":16},"end":{"line":12,"column":30}},"loc":{"start":{"line":12,"column":59},"end":{"line":29,"column":null}},"line":12}},"branchMap":{"0":{"loc":{"start":{"line":14,"column":2},"end":{"line":19,"column":null}},"type":"if","locations":[{"start":{"line":14,"column":2},"end":{"line":19,"column":null}},{"start":{},"end":{}}],"line":14},"1":{"loc":{"start":{"line":14,"column":6},"end":{"line":14,"column":88}},"type":"binary-expr","locations":[{"start":{"line":14,"column":6},"end":{"line":14,"column":34}},{"start":{"line":14,"column":34},"end":{"line":14,"column":49}},{"start":{"line":14,"column":49},"end":{"line":14,"column":88}}],"line":14}},"s":{"0":1,"1":4,"2":4,"3":0,"4":0,"5":4,"6":4},"f":{"0":4},"b":{"0":[0,4],"1":[4,1,0]},"meta":{"lastBranch":2,"lastFunction":1,"lastStatement":7,"seen":{"s:7:28:7:Infinity":0,"f:12:16:12:30":0,"s:13:8:13:Infinity":1,"b:14:2:19:Infinity:undefined:undefined:undefined:undefined":0,"s:14:2:19:Infinity":2,"b:14:6:14:34:14:34:14:49:14:49:14:88":1,"s:15:4:15:Infinity":3,"s:16:4:18:Infinity":4,"s:21:8:21:Infinity":5,"s:23:2:27:Infinity":6},"fnNames":{}}}
,"/app/packages/web/src/lib/server/daily-rollup.ts": {"path":"/app/packages/web/src/lib/server/daily-rollup.ts","statementMap":{"0":{"start":{"line":12,"column":44},"end":{"line":12,"column":null}},"1":{"start":{"line":49,"column":2},"end":{"line":54,"column":null}},"2":{"start":{"line":59,"column":2},"end":{"line":64,"column":null}},"3":{"start":{"line":69,"column":2},"end":{"line":74,"column":null}},"4":{"start":{"line":79,"column":2},"end":{"line":79,"column":null}},"5":{"start":{"line":84,"column":23},"end":{"line":84,"column":null}},"6":{"start":{"line":85,"column":14},"end":{"line":85,"column":null}},"7":{"start":{"line":86,"column":14},"end":{"line":86,"column":null}},"8":{"start":{"line":87,"column":2},"end":{"line":90,"column":null}},"9":{"start":{"line":88,"column":4},"end":{"line":88,"column":null}},"10":{"start":{"line":89,"column":4},"end":{"line":89,"column":null}},"11":{"start":{"line":91,"column":2},"end":{"line":91,"column":null}},"12":{"start":{"line":96,"column":2},"end":{"line":96,"column":null}},"13":{"start":{"line":104,"column":28},"end":{"line":104,"column":null}},"14":{"start":{"line":105,"column":25},"end":{"line":105,"column":null}},"15":{"start":{"line":108,"column":2},"end":{"line":108,"column":null}},"16":{"start":{"line":115,"column":14},"end":{"line":115,"column":null}},"17":{"start":{"line":116,"column":14},"end":{"line":116,"column":null}},"18":{"start":{"line":117,"column":16},"end":{"line":117,"column":null}},"19":{"start":{"line":118,"column":2},"end":{"line":120,"column":null}},"20":{"start":{"line":119,"column":4},"end":{"line":119,"column":null}},"21":{"start":{"line":121,"column":17},"end":{"line":121,"column":null}},"22":{"start":{"line":122,"column":2},"end":{"line":122,"column":null}},"23":{"start":{"line":123,"column":2},"end":{"line":123,"column":null}},"24":{"start":{"line":129,"column":15},"end":{"line":129,"column":null}},"25":{"start":{"line":130,"column":13},"end":{"line":130,"column":null}},"26":{"start":{"line":132,"column":22},"end":{"line":132,"column":null}},"27":{"start":{"line":143,"column":6},"end":{"line":265,"column":null}},"28":{"start":{"line":267,"column":17},"end":{"line":267,"column":null}},"29":{"start":{"line":268,"column":24},"end":{"line":268,"column":null}},"30":{"start":{"line":268,"column":48},"end":{"line":268,"column":57}},"31":{"start":{"line":271,"column":46},"end":{"line":271,"column":null}},"32":{"start":{"line":272,"column":2},"end":{"line":274,"column":null}},"33":{"start":{"line":273,"column":4},"end":{"line":273,"column":null}},"34":{"start":{"line":276,"column":46},"end":{"line":276,"column":null}},"35":{"start":{"line":277,"column":2},"end":{"line":279,"column":null}},"36":{"start":{"line":278,"column":4},"end":{"line":278,"column":null}},"37":{"start":{"line":278,"column":23},"end":{"line":278,"column":null}},"38":{"start":{"line":281,"column":46},"end":{"line":281,"column":null}},"39":{"start":{"line":282,"column":2},"end":{"line":284,"column":null}},"40":{"start":{"line":283,"column":4},"end":{"line":283,"column":null}},"41":{"start":{"line":283,"column":19},"end":{"line":283,"column":null}},"42":{"start":{"line":286,"column":37},"end":{"line":296,"column":null}},"43":{"start":{"line":286,"column":60},"end":{"line":296,"column":4}},"44":{"start":{"line":298,"column":2},"end":{"line":313,"column":null}},"45":{"start":{"line":334,"column":2},"end":{"line":349,"column":null}},"46":{"start":{"line":353,"column":19},"end":{"line":353,"column":null}},"47":{"start":{"line":354,"column":15},"end":{"line":369,"column":null}},"48":{"start":{"line":370,"column":2},"end":{"line":374,"column":null}},"49":{"start":{"line":394,"column":2},"end":{"line":394,"column":null}},"50":{"start":{"line":394,"column":31},"end":{"line":394,"column":null}},"51":{"start":{"line":396,"column":21},"end":{"line":398,"column":null}},"52":{"start":{"line":397,"column":28},"end":{"line":397,"column":58}},"53":{"start":{"line":401,"column":17},"end":{"line":401,"column":null}},"54":{"start":{"line":402,"column":2},"end":{"line":461,"column":null}},"55":{"start":{"line":403,"column":4},"end":{"line":460,"column":null}},"56":{"start":{"line":404,"column":19},"end":{"line":404,"column":null}},"57":{"start":{"line":405,"column":6},"end":{"line":459,"column":null}},"58":{"start":{"line":406,"column":8},"end":{"line":421,"column":null}},"59":{"start":{"line":420,"column":45},"end":{"line":420,"column":54}},"60":{"start":{"line":423,"column":8},"end":{"line":423,"column":null}},"61":{"start":{"line":424,"column":8},"end":{"line":424,"column":null}},"62":{"start":{"line":425,"column":8},"end":{"line":425,"column":null}},"63":{"start":{"line":426,"column":8},"end":{"line":426,"column":null}},"64":{"start":{"line":427,"column":8},"end":{"line":427,"column":null}},"65":{"start":{"line":428,"column":8},"end":{"line":428,"column":null}},"66":{"start":{"line":429,"column":8},"end":{"line":429,"column":null}},"67":{"start":{"line":431,"column":24},"end":{"line":431,"column":null}},"68":{"start":{"line":432,"column":8},"end":{"line":432,"column":null}},"69":{"start":{"line":432,"column":41},"end":{"line":432,"column":null}},"70":{"start":{"line":433,"column":8},"end":{"line":433,"column":null}},"71":{"start":{"line":434,"column":8},"end":{"line":436,"column":null}},"72":{"start":{"line":435,"column":10},"end":{"line":435,"column":null}},"73":{"start":{"line":437,"column":8},"end":{"line":439,"column":null}},"74":{"start":{"line":438,"column":10},"end":{"line":438,"column":null}},"75":{"start":{"line":440,"column":8},"end":{"line":442,"column":null}},"76":{"start":{"line":441,"column":10},"end":{"line":441,"column":null}},"77":{"start":{"line":444,"column":24},"end":{"line":444,"column":null}},"78":{"start":{"line":444,"column":58},"end":{"line":444,"column":71}},"79":{"start":{"line":445,"column":8},"end":{"line":457,"column":null}},"80":{"start":{"line":446,"column":24},"end":{"line":446,"column":null}},"81":{"start":{"line":447,"column":10},"end":{"line":456,"column":null}},"82":{"start":{"line":448,"column":12},"end":{"line":448,"column":null}},"83":{"start":{"line":450,"column":12},"end":{"line":450,"column":null}},"84":{"start":{"line":451,"column":12},"end":{"line":451,"column":null}},"85":{"start":{"line":452,"column":12},"end":{"line":452,"column":null}},"86":{"start":{"line":453,"column":12},"end":{"line":453,"column":null}},"87":{"start":{"line":454,"column":12},"end":{"line":454,"column":null}},"88":{"start":{"line":455,"column":12},"end":{"line":455,"column":null}},"89":{"start":{"line":458,"column":8},"end":{"line":458,"column":null}},"90":{"start":{"line":464,"column":2},"end":{"line":466,"column":null}},"91":{"start":{"line":465,"column":4},"end":{"line":465,"column":null}},"92":{"start":{"line":468,"column":17},"end":{"line":468,"column":null}},"93":{"start":{"line":469,"column":2},"end":{"line":469,"column":null}},"94":{"start":{"line":469,"column":25},"end":{"line":469,"column":72}},"95":{"start":{"line":470,"column":2},"end":{"line":470,"column":null}},"96":{"start":{"line":484,"column":16},"end":{"line":484,"column":null}},"97":{"start":{"line":487,"column":26},"end":{"line":489,"column":null}},"98":{"start":{"line":491,"column":50},"end":{"line":491,"column":null}},"99":{"start":{"line":493,"column":2},"end":{"line":534,"column":null}},"100":{"start":{"line":494,"column":20},"end":{"line":494,"column":null}},"101":{"start":{"line":495,"column":18},"end":{"line":495,"column":null}},"102":{"start":{"line":497,"column":21},"end":{"line":502,"column":null}},"103":{"start":{"line":504,"column":4},"end":{"line":513,"column":null}},"104":{"start":{"line":508,"column":6},"end":{"line":510,"column":null}},"105":{"start":{"line":509,"column":8},"end":{"line":509,"column":null}},"106":{"start":{"line":511,"column":21},"end":{"line":511,"column":null}},"107":{"start":{"line":512,"column":6},"end":{"line":512,"column":null}},"108":{"start":{"line":515,"column":20},"end":{"line":515,"column":null}},"109":{"start":{"line":516,"column":24},"end":{"line":516,"column":null}},"110":{"start":{"line":516,"column":44},"end":{"line":516,"column":76}},"111":{"start":{"line":520,"column":28},"end":{"line":520,"column":null}},"112":{"start":{"line":521,"column":4},"end":{"line":533,"column":null}},"113":{"start":{"line":521,"column":17},"end":{"line":521,"column":20}},"114":{"start":{"line":522,"column":20},"end":{"line":522,"column":null}},"115":{"start":{"line":523,"column":28},"end":{"line":529,"column":null}},"116":{"start":{"line":525,"column":27},"end":{"line":525,"column":null}},"117":{"start":{"line":526,"column":10},"end":{"line":526,"column":null}},"118":{"start":{"line":527,"column":10},"end":{"line":527,"column":null}},"119":{"start":{"line":530,"column":6},"end":{"line":532,"column":null}},"120":{"start":{"line":531,"column":8},"end":{"line":531,"column":null}},"121":{"start":{"line":537,"column":38},"end":{"line":537,"column":null}},"122":{"start":{"line":538,"column":2},"end":{"line":540,"column":null}},"123":{"start":{"line":539,"column":4},"end":{"line":539,"column":null}},"124":{"start":{"line":542,"column":32},"end":{"line":542,"column":null}},"125":{"start":{"line":543,"column":2},"end":{"line":543,"column":null}},"126":{"start":{"line":543,"column":37},"end":{"line":543,"column":null}},"127":{"start":{"line":544,"column":2},"end":{"line":544,"column":null}},"128":{"start":{"line":544,"column":17},"end":{"line":544,"column":null}},"129":{"start":{"line":545,"column":2},"end":{"line":545,"column":null}},"130":{"start":{"line":545,"column":25},"end":{"line":545,"column":72}},"131":{"start":{"line":546,"column":2},"end":{"line":546,"column":null}},"132":{"start":{"line":576,"column":2},"end":{"line":576,"column":null}},"133":{"start":{"line":576,"column":33},"end":{"line":576,"column":null}},"134":{"start":{"line":577,"column":2},"end":{"line":577,"column":null}},"135":{"start":{"line":589,"column":37},"end":{"line":589,"column":null}},"136":{"start":{"line":591,"column":17},"end":{"line":599,"column":null}},"137":{"start":{"line":600,"column":46},"end":{"line":600,"column":null}},"138":{"start":{"line":601,"column":46},"end":{"line":601,"column":null}},"139":{"start":{"line":602,"column":46},"end":{"line":602,"column":null}},"140":{"start":{"line":603,"column":22},"end":{"line":603,"column":null}},"141":{"start":{"line":605,"column":2},"end":{"line":617,"column":null}},"142":{"start":{"line":606,"column":4},"end":{"line":606,"column":null}},"143":{"start":{"line":607,"column":4},"end":{"line":607,"column":null}},"144":{"start":{"line":608,"column":4},"end":{"line":608,"column":null}},"145":{"start":{"line":609,"column":4},"end":{"line":609,"column":null}},"146":{"start":{"line":610,"column":4},"end":{"line":610,"column":null}},"147":{"start":{"line":611,"column":4},"end":{"line":611,"column":null}},"148":{"start":{"line":612,"column":4},"end":{"line":612,"column":null}},"149":{"start":{"line":613,"column":4},"end":{"line":613,"column":null}},"150":{"start":{"line":613,"column":37},"end":{"line":613,"column":null}},"151":{"start":{"line":614,"column":4},"end":{"line":614,"column":null}},"152":{"start":{"line":614,"column":56},"end":{"line":614,"column":null}},"153":{"start":{"line":615,"column":4},"end":{"line":615,"column":null}},"154":{"start":{"line":615,"column":56},"end":{"line":615,"column":null}},"155":{"start":{"line":616,"column":4},"end":{"line":616,"column":null}},"156":{"start":{"line":616,"column":56},"end":{"line":616,"column":null}},"157":{"start":{"line":621,"column":20},"end":{"line":627,"column":null}},"158":{"start":{"line":622,"column":38},"end":{"line":622,"column":63}},"159":{"start":{"line":624,"column":6},"end":{"line":624,"column":null}},"160":{"start":{"line":624,"column":39},"end":{"line":624,"column":null}},"161":{"start":{"line":625,"column":6},"end":{"line":625,"column":null}},"162":{"start":{"line":630,"column":20},"end":{"line":636,"column":null}},"163":{"start":{"line":631,"column":38},"end":{"line":631,"column":63}},"164":{"start":{"line":633,"column":6},"end":{"line":633,"column":null}},"165":{"start":{"line":633,"column":39},"end":{"line":633,"column":null}},"166":{"start":{"line":634,"column":6},"end":{"line":634,"column":null}},"167":{"start":{"line":638,"column":21},"end":{"line":641,"column":null}},"168":{"start":{"line":639,"column":23},"end":{"line":639,"column":28}},"169":{"start":{"line":640,"column":36},"end":{"line":640,"column":59}},"170":{"start":{"line":641,"column":20},"end":{"line":641,"column":49}},"171":{"start":{"line":643,"column":2},"end":{"line":649,"column":null}},"172":{"start":{"line":662,"column":2},"end":{"line":669,"column":null}},"173":{"start":{"line":662,"column":27},"end":{"line":669,"column":4}},"174":{"start":{"line":690,"column":14},"end":{"line":690,"column":null}},"175":{"start":{"line":691,"column":2},"end":{"line":705,"column":null}},"176":{"start":{"line":692,"column":4},"end":{"line":704,"column":null}},"177":{"start":{"line":693,"column":19},"end":{"line":693,"column":null}},"178":{"start":{"line":694,"column":6},"end":{"line":703,"column":null}},"179":{"start":{"line":695,"column":8},"end":{"line":695,"column":null}},"180":{"start":{"line":697,"column":8},"end":{"line":697,"column":null}},"181":{"start":{"line":698,"column":8},"end":{"line":698,"column":null}},"182":{"start":{"line":699,"column":8},"end":{"line":699,"column":null}},"183":{"start":{"line":700,"column":8},"end":{"line":700,"column":null}},"184":{"start":{"line":701,"column":8},"end":{"line":701,"column":null}},"185":{"start":{"line":702,"column":8},"end":{"line":702,"column":null}},"186":{"start":{"line":706,"column":2},"end":{"line":706,"column":null}}},"fnMap":{"0":{"name":"utcDayStart","decl":{"start":{"line":48,"column":9},"end":{"line":48,"column":21}},"loc":{"start":{"line":48,"column":39},"end":{"line":55,"column":null}},"line":48},"1":{"name":"utcDayEnd","decl":{"start":{"line":58,"column":9},"end":{"line":58,"column":19}},"loc":{"start":{"line":58,"column":37},"end":{"line":65,"column":null}},"line":58},"2":{"name":"utcDayStartNextDay","decl":{"start":{"line":68,"column":9},"end":{"line":68,"column":28}},"loc":{"start":{"line":68,"column":46},"end":{"line":75,"column":null}},"line":68},"3":{"name":"toDateKey","decl":{"start":{"line":78,"column":9},"end":{"line":78,"column":19}},"loc":{"start":{"line":78,"column":39},"end":{"line":80,"column":null}},"line":78},"4":{"name":"enumerateUtcDates","decl":{"start":{"line":83,"column":9},"end":{"line":83,"column":27}},"loc":{"start":{"line":83,"column":57},"end":{"line":92,"column":null}},"line":83},"5":{"name":"utcTodayStart","decl":{"start":{"line":95,"column":9},"end":{"line":95,"column":31}},"loc":{"start":{"line":95,"column":31},"end":{"line":97,"column":null}},"line":95},"6":{"name":"todayCacheKey","decl":{"start":{"line":107,"column":9},"end":{"line":107,"column":23}},"loc":{"start":{"line":107,"column":66},"end":{"line":109,"column":null}},"line":107},"7":{"name":"computeDailyRollupCachedForToday","decl":{"start":{"line":111,"column":15},"end":{"line":111,"column":null}},"loc":{"start":{"line":114,"column":24},"end":{"line":124,"column":null}},"line":114},"8":{"name":"computeDailyRollup","decl":{"start":{"line":128,"column":15},"end":{"line":128,"column":34}},"loc":{"start":{"line":128,"column":87},"end":{"line":314,"column":null}},"line":128},"9":{"name":"(anonymous_9)","decl":{"start":{"line":268,"column":43},"end":{"line":268,"column":48}},"loc":{"start":{"line":268,"column":48},"end":{"line":268,"column":57}},"line":268},"10":{"name":"(a
[...]
"s:37:22:39:Infinity":1,"f:38:12:38:13":1,"s:38:19:38:61":2,"b:38:19:38:41:38:41:38:61":0,"f:39:9:39:10":2,"s:39:16:39:23":3,"s:41:23:43:Infinity":4,"f:42:12:42:13":3,"s:42:19:42:61":5,"b:42:19:42:42:42:42:42:61":1,"f:43:9:43:10":4,"s:43:16:43:23":6,"s:45:42:61:Infinity":7,"b:47:8:50:Infinity:51:8:51:Infinity":2,"b:53:8:59:Infinity:60:8:60:Infinity":3,"s:63:2:69:Infinity":8,"f:63:51:63:52":5,"s:63:59:69:4":9,"f:82:22:82:Infinity":6,"s:86:18:109:Infinity":10,"b:111:2:113:Infinity:undefined:undefined:undefined:undefined":4,"s:111:2:113:Infinity":11,"s:112:4:112:Infinity":12,"s:115:24:115:Infinity":13,"b:116:2:118:Infinity:undefined:undefined:undefined:undefined":5,"s:116:2:118:Infinity":14,"s:117:4:117:Infinity":15,"s:120:18:120:Infinity":16,"b:120:18:120:52:120:52:120:Infinity":6,"b:121:2:123:Infinity:undefined:undefined:undefined:undefined":7,"s:121:2:123:Infinity":17,"b:121:6:121:18:121:18:121:48":8,"s:122:4:122:Infinity":18,"s:125:2:134:Infinity":19,"f:143:22:143:Infinity":7,"s:148:19:168:Infinity":20,"b:170:2:172:Infinity:undefined:undefined:undefined:undefined":9,"s:170:2:172:Infinity":21,"s:171:4:171:Infinity":22,"s:174:24:174:Infinity":23,"b:175:2:177:Infinity:undefined:undefined:undefined:undefined":10,"s:175:2:177:Infinity":24,"s:176:4:176:Infinity":25,"s:179:18:179:Infinity":26,"b:179:18:179:52:179:52:179:Infinity":11,"b:180:2:182:Infinity:undefined:undefined:undefined:undefined":12,"s:180:2:182:Infinity":27,"b:180:6:180:18:180:18:180:49":13,"s:181:4:181:Infinity":28,"s:184:20:191:Infinity":29,"b:193:2:195:Infinity:undefined:undefined:undefined:undefined":14,"s:193:2:195:Infinity":30,"s:194:4:194:Infinity":31,"s:197:18:207:Infinity":32,"s:209:2:212:Infinity":33,"f:222:22:222:Infinity":8,"s:227:28:227:Infinity":34,"s:230:18:250:Infinity":35,"b:252:2:254:Infinity:undefined:undefined:undefined:undefined":15,"s:252:2:254:Infinity":36,"s:253:4:253:Infinity":37,"s:256:27:256:Infinity":38,"b:257:2:259:Infinity:undefined:undefined:undefined:undefined":16,"s:257:2:259:Infinity":39,"s:258:4:258:Infinity":40,"s:262:20:273:Infinity":41,"b:275:2:277:Infinity:undefined:undefined:undefined:undefined":17,"s:275:2:277:Infinity":42,"s:276:4:276:Infinity":43,"s:279:27:279:Infinity":44,"b:280:2:282:Infinity:undefined:undefined:undefined:undefined":18,"s:280:2:282:Infinity":45,"s:281:4:281:Infinity":46,"b:285:2:297:Infinity:undefined:undefined:undefined:undefined":19,"s:285:2:297:Infinity":47,"s:286:4:296:Infinity":48,"s:300:25:300:Infinity":49,"s:301:2:356:Infinity":50,"s:302:20:325:Infinity":51,"f:302:42:302:49":9,"s:303:22:306:Infinity":52,"s:307:22:310:Infinity":53,"b:311:6:317:Infinity:undefined:undefined:undefined:undefined":20,"s:311:6:317:Infinity":54,"b:311:10:311:39:311:39:311:66":21,"s:313:18:315:Infinity":55,"s:316:8:316:Infinity":56,"s:318:29:322:Infinity":57,"s:323:6:323:Infinity":58,"s:324:6:324:Infinity":59,"s:326:4:326:Infinity":60,"b:328:4:333:Infinity:undefined:undefined:undefined:undefined":22,"s:328:4:333:Infinity":61,"b:329:6:329:Infinity:330:7:331:Infinity":23,"s:333:6:333:Infinity":62,"b:334:4:348:Infinity:undefined:undefined:undefined:undefined":24,"s:334:4:348:Infinity":63,"b:335:6:335:Infinity:336:6:336:Infinity":25,"s:338:21:338:Infinity":64,"s:339:12:341:Infinity":65,"b:340:32:340:52:340:52:340:Infinity":26,"b:340:52:340:62:340:62:340:Infinity":27,"b:342:6:347:Infinity:undefined:undefined:undefined:undefined":28,"s:342:6:347:Infinity":66,"b:343:9:343:40:343:40:343:Infinity:344:8:344:Infinity":29,"s:346:8:346:Infinity":67,"b:349:4:354:Infinity:undefined:undefined:undefined:undefined":30,"s:349:4:354:Infinity":68,"b:350:6:350:Infinity:351:6:351:Infinity":31,"s:353:6:353:Infinity":69,"s:355:4:355:Infinity":70},"fnNames":{}}}
,"/app/packages/web/src/lib/server/rbac.ts": {"path":"/app/packages/web/src/lib/server/rbac.ts","statementMap":{"0":{"start":{"line":21,"column":2},"end":{"line":21,"column":null}},"1":{"start":{"line":29,"column":2},"end":{"line":29,"column":null}},"2":{"start":{"line":36,"column":2},"end":{"line":36,"column":null}},"3":{"start":{"line":48,"column":2},"end":{"line":48,"column":null}},"4":{"start":{"line":48,"column":25},"end":{"line":48,"column":null}},"5":{"start":{"line":49,"column":2},"end":{"line":49,"column":null}},"6":{"start":{"line":56,"column":2},"end":{"line":62,"column":null}},"7":{"start":{"line":71,"column":17},"end":{"line":85,"column":null}},"8":{"start":{"line":88,"column":2},"end":{"line":88,"column":null}},"9":{"start":{"line":88,"column":45},"end":{"line":88,"column":null}},"10":{"start":{"line":89,"column":2},"end":{"line":91,"column":null}},"11":{"start":{"line":90,"column":4},"end":{"line":90,"column":null}},"12":{"start":{"line":90,"column":28},"end":{"line":90,"column":39}},"13":{"start":{"line":92,"column":2},"end":{"line":99,"column":null}},"14":{"start":{"line":93,"column":41},"end":{"line":93,"column":null}},"15":{"start":{"line":94,"column":4},"end":{"line":97,"column":null}},"16":{"start":{"line":95,"column":6},"end":{"line":95,"column":null}},"17":{"start":{"line":95,"column":27},"end":{"line":95,"column":null}},"18":{"start":{"line":96,"column":6},"end":{"line":96,"column":null}},"19":{"start":{"line":98,"column":4},"end":{"line":98,"column":null}},"20":{"start":{"line":100,"column":2},"end":{"line":100,"column":null}}},"fnMap":{"0":{"name":"canAccessIndividualData","decl":{"start":{"line":20,"column":16},"end":{"line":20,"column":40}},"loc":{"start":{"line":20,"column":64},"end":{"line":22,"column":null}},"line":20},"1":{"name":"canManageOrg","decl":{"start":{"line":28,"column":16},"end":{"line":28,"column":29}},"loc":{"start":{"line":28,"column":53},"end":{"line":30,"column":null}},"line":28},"2":{"name":"canDeleteOrg","decl":{"start":{"line":35,"column":16},"end":{"line":35,"column":29}},"loc":{"start":{"line":35,"column":53},"end":{"line":37,"column":null}},"line":35},"3":{"name":"canAccessSession","decl":{"start":{"line":43,"column":16},"end":{"line":43,"column":null}},"loc":{"start":{"line":47,"column":11},"end":{"line":50,"column":null}},"line":47},"4":{"name":"forbiddenByRole","decl":{"start":{"line":55,"column":16},"end":{"line":55,"column":32}},"loc":{"start":{"line":55,"column":75},"end":{"line":63,"column":null}},"line":55},"5":{"name":"stripPii","decl":{"start":{"line":87,"column":16},"end":{"line":87,"column":28}},"loc":{"start":{"line":87,"column":41},"end":{"line":101,"column":null}},"line":87},"6":{"name":"(anonymous_6)","decl":{"start":{"line":90,"column":21},"end":{"line":90,"column":22}},"loc":{"start":{"line":90,"column":28},"end":{"line":90,"column":39}},"line":90}},"branchMap":{"0":{"loc":{"start":{"line":29,"column":9},"end":{"line":29,"column":null}},"type":"binary-expr","locations":[{"start":{"line":29,"column":9},"end":{"line":29,"column":29}},{"start":{"line":29,"column":29},"end":{"line":29,"column":null}}],"line":29},"1":{"loc":{"start":{"line":48,"column":2},"end":{"line":48,"column":null}},"type":"if","locations":[{"start":{"line":48,"column":2},"end":{"line":48,"column":null}},{"start":{},"end":{}}],"line":48},"2":{"loc":{"start":{"line":88,"column":2},"end":{"line":88,"column":null}},"type":"if","locations":[{"start":{"line":88,"column":2},"end":{"line":88,"column":null}},{"start":{},"end":{}}],"line":88},"3":{"loc":{"start":{"line":88,"column":6},"end":{"line":88,"column":45}},"type":"binary-expr","locations":[{"start":{"line":88,"column":6},"end":{"line":88,"column":24}},{"start":{"line":88,"column":24},"end":{"line":88,"column":45}}],"line":88},"4":{"loc":{"start":{"line":89,"column":2},"end":{"line":91,"column":null}},"type":"if","locations":[{"start":{"line":89,"column":2},"end":{"line":91,"column":null}},{"start":{},"end":{}}],"line":89},"5":{"loc":{"start":{"line":92,"column":2},"end":{"line":99,"column":null}},"type":"if","locations":[{"start":{"line":92,"column":2},"end":{"line":99,"column":null}},{"start":{},"end":{}}],"line":92},"6":{"loc":{"start":{"line":95,"column":6},"end":{"line":95,"column":null}},"type":"if","locations":[{"start":{"line":95,"column":6},"end":{"line":95,"column":null}},{"start":{},"end":{}}],"line":95}},"s":{"0":4,"1":4,"2":4,"3":8,"4":6,"5":2,"6":8,"7":1,"8":59,"9":2,"10":57,"11":7,"12":8,"13":50,"14":26,"15":26,"16":60,"17":25,"18":35,"19":26,"20":24},"f":{"0":4,"1":4,"2":4,"3":8,"4":8,"5":59,"6":8},"b":{"0":[4,3],"1":[6,2],"2":[2,57],"3":[59,58],"4":[7,50],"5":[26,24],"6":[25,35]},"meta":{"lastBranch":7,"lastFunction":7,"lastStatement":21,"seen":{"f:20:16:20:40":0,"s:21:2:21:Infinity":0,"f:28:16:28:29":1,"s:29:2:29:Infinity":1,"b:29:9:29:29:29:29:29:Infinity":0,"f:35:16:35:29":2,"s:36:2:36:Infinity":2,"f:43:16:43:Infinity":3,"b:48:2:48:Infinity:undefined:undefined:undefined:undefined":1,"s:48:2:48:Infinity":3,"s:48:25:48:Infinity":4,"s:49:2:49:Infinity":5,"f:55:16:55:32":4,"s:56:2:62:Infinity":6,"s:71:17:85:Infinity":7,"f:87:16:87:28":5,"b:88:2:88:Infinity:undefined:undefined:undefined:undefined":2,"s:88:2:88:Infinity":8,"b:88:6:88:24:88:24:88:45":3,"s:88:45:88:Infinity":9,"b:89:2:91:Infinity:undefined:undefined:undefined:undefined":4,"s:89:2:91:Infinity":10,"s:90:4:90:Infinity":11,"f:90:21:90:22":6,"s:90:28:90:39":12,"b:92:2:99:Infinity:undefined:undefined:undefined:undefined":5,"s:92:2:99:Infinity":13,"s:93:41:93:Infinity":14,"s:94:4:97:Infinity":15,"b:95:6:95:Infinity:undefined:undefined:undefined:undefined":6,"s:95:6:95:Infinity":16,"s:95:27:95:Infinity":17,"s:96:6:96:Infinity":18,"s:98:4:98:Infinity":19,"s:100:2:100:Infinity":20},"fnNames":{}}}
,"/app/packages/web/src/lib/server/skill-aggregation.ts": {"path":"/app/packages/web/src/lib/server/skill-aggregation.ts","statementMap":{"0":{"start":{"line":52,"column":2},"end":{"line":86,"column":null}},"1":{"start":{"line":115,"column":2},"end":{"line":117,"column":null}},"2":{"start":{"line":116,"column":4},"end":{"line":116,"column":null}},"3":{"start":{"line":119,"column":14},"end":{"line":119,"column":null}},"4":{"start":{"line":121,"column":15},"end":{"line":122,"column":null}},"5":{"start":{"line":128,"column":2},"end":{"line":131,"column":null}},"6":{"start":{"line":128,"column":28},"end":{"line":131,"column":4}}},"fnMap":{"0":{"name":"skillCallRowsRelation","decl":{"start":{"line":47,"column":16},"end":{"line":47,"column":null}},"loc":{"start":{"line":51,"column":14},"end":{"line":96,"column":null}},"line":51},"1":{"name":"aggregateSkillCountsForRange","decl":{"start":{"line":110,"column":22},"end":{"line":110,"column":null}},"loc":{"start":{"line":114,"column":60},"end":{"line":132,"column":null}},"line":114},"2":{"name":"(anonymous_2)","decl":{"start":{"line":128,"column":18},"end":{"line":128,"column":19}},"loc":{"start":{"line":128,"column":28},"end":{"line":131,"column":4}},"line":128}},"branchMap":{"0":{"loc":{"start":{"line":115,"column":2},"end":{"line":117,"column":null}},"type":"if","locations":[{"start":{"line":115,"column":2},"end":{"line":117,"column":null}},{"start":{},"end":{}}],"line":115}},"s":{"0":0,"1":0,"2":0,"3":0,"4":0,"5":0,"6":0},"f":{"0":0,"1":0,"2":0},"b":{"0":[0,0]},"meta":{"lastBranch":1,"lastFunction":3,"lastStatement":7,"seen":{"f:47:16:47:Infinity":0,"s:52:2:86:Infinity":0,"f:110:22:110:Infinity":1,"b:115:2:117:Infinity:undefined:undefined:undefined:undefined":0,"s:115:2:117:Infinity":1,"s:116:4:116:Infinity":2,"s:119:14:119:Infinity":3,"s:121:15:122:Infinity":4,"s:128:2:131:Infinity":5,"f:128:18:128:19":2,"s:128:28:131:4":6},"fnNames":{}}}
,"/app/packages/web/src/lib/server/week-range.ts": {"path":"/app/packages/web/src/lib/server/week-range.ts","statementMap":{"0":{"start":{"line":19,"column":2},"end":{"line":24,"column":null}},"1":{"start":{"line":28,"column":8},"end":{"line":28,"column":null}},"2":{"start":{"line":29,"column":8},"end":{"line":29,"column":null}},"3":{"start":{"line":30,"column":2},"end":{"line":30,"column":null}},"4":{"start":{"line":34,"column":17},"end":{"line":34,"column":null}},"5":{"start":{"line":35,"column":8},"end":{"line":35,"column":null}},"6":{"start":{"line":36,"column":8},"end":{"line":36,"column":null}},"7":{"start":{"line":37,"column":2},"end":{"line":37,"column":null}},"8":{"start":{"line":43,"column":17},"end":{"line":43,"column":null}},"9":{"start":{"line":44,"column":14},"end":{"line":44,"column":null}},"10":{"start":{"line":45,"column":2},"end":{"line":49,"column":null}},"11":{"start":{"line":54,"column":12},"end":{"line":54,"column":null}},"12":{"start":{"line":55,"column":2},"end":{"line":55,"column":null}},"13":{"start":{"line":55,"column":10},"end":{"line":55,"column":null}},"14":{"start":{"line":56,"column":15},"end":{"line":56,"column":null}},"15":{"start":{"line":57,"column":15},"end":{"line":57,"column":null}},"16":{"start":{"line":58,"column":2},"end":{"line":58,"column":null}},"17":{"start":{"line":58,"column":29},"end":{"line":58,"column":null}},"18":{"start":{"line":61,"column":15},"end":{"line":61,"column":null}},"19":{"start":{"line":62,"column":29},"end":{"line":62,"column":null}},"20":{"start":{"line":63,"column":2},"end":{"line":63,"column":null}}},"fnMap":{"0":{"name":"toUtcMidnight","decl":{"start":{"line":18,"column":9},"end":{"line":18,"column":23}},"loc":{"start":{"line":18,"column":41},"end":{"line":25,"column":null}},"line":18},"1":{"name":"formatIsoKey","decl":{"start":{"line":27,"column":9},"end":{"line":27,"column":22}},"loc":{"start":{"line":27,"column":42},"end":{"line":31,"column":null}},"line":27},"2":{"name":"formatWeekLabel","decl":{"start":{"line":33,"column":16},"end":{"line":33,"column":32}},"loc":{"start":{"line":33,"column":64},"end":{"line":38,"column":null}},"line":33},"3":{"name":"getWeekRangeForDate","decl":{"start":{"line":41,"column":16},"end":{"line":41,"column":36}},"loc":{"start":{"line":41,"column":59},"end":{"line":50,"column":null}},"line":41},"4":{"name":"parseWeekParam","decl":{"start":{"line":53,"column":16},"end":{"line":53,"column":31}},"loc":{"start":{"line":53,"column":62},"end":{"line":64,"column":null}},"line":53}},"branchMap":{"0":{"loc":{"start":{"line":55,"column":2},"end":{"line":55,"column":null}},"type":"if","locations":[{"start":{"line":55,"column":2},"end":{"line":55,"column":null}},{"start":{},"end":{}}],"line":55},"1":{"loc":{"start":{"line":58,"column":2},"end":{"line":58,"column":null}},"type":"if","locations":[{"start":{"line":58,"column":2},"end":{"line":58,"column":null}},{"start":{},"end":{}}],"line":58},"2":{"loc":{"start":{"line":58,"column":6},"end":{"line":58,"column":29}},"type":"binary-expr","locations":[{"start":{"line":58,"column":6},"end":{"line":58,"column":18}},{"start":{"line":58,"column":18},"end":{"line":58,"column":29}}],"line":58}},"s":{"0":12,"1":13,"2":13,"3":13,"4":1,"5":1,"6":1,"7":1,"8":12,"9":12,"10":12,"11":15,"12":15,"13":8,"14":7,"15":7,"16":7,"17":2,"18":5,"19":5,"20":5},"f":{"0":12,"1":13,"2":1,"3":12,"4":15},"b":{"0":[8,7],"1":[2,5],"2":[7,6]},"meta":{"lastBranch":3,"lastFunction":5,"lastStatement":21,"seen":{"f:18:9:18:23":0,"s:19:2:24:Infinity":0,"f:27:9:27:22":1,"s:28:8:28:Infinity":1,"s:29:8:29:Infinity":2,"s:30:2:30:Infinity":3,"f:33:16:33:32":2,"s:34:17:34:Infinity":4,"s:35:8:35:Infinity":5,"s:36:8:36:Infinity":6,"s:37:2:37:Infinity":7,"f:41:16:41:36":3,"s:43:17:43:Infinity":8,"s:44:14:44:Infinity":9,"s:45:2:49:Infinity":10,"f:53:16:53:31":4,"s:54:12:54:Infinity":11,"b:55:2:55:Infinity:undefined:undefined:undefined:undefined":0,"s:55:2:55:Infinity":12,"s:55:10:55:Infinity":13,"s:56:15:56:Infinity":14,"s:57:15:57:Infinity":15,"b:58:2:58:Infinity:undefined:undefined:undefined:undefined":1,"s:58:2:58:Infinity":16,"b:58:6:58:18:58:18:58:29":2,"s:58:29:58:Infinity":17,"s:61:15:61:Infinity":18,"s:62:29:62:Infinity":19,"s:63:2:63:Infinity":20},"fnNames":{}}}
,"/app/packages/web/src/lib/server/__fixtures__/skill-call-fixture.ts": {"path":"/app/packages/web/src/lib/server/__fixtures__/skill-call-fixture.ts","statementMap":{"0":{"start":{"line":40,"column":61},"end":{"line":45,"column":null}},"1":{"start":{"line":70,"column":48},"end":{"line":70,"column":null}},"2":{"start":{"line":76,"column":16},"end":{"line":76,"column":null}},"3":{"start":{"line":77,"column":2},"end":{"line":81,"column":null}},"4":{"start":{"line":82,"column":2},"end":{"line":91,"column":null}},"5":{"start":{"line":92,"column":2},"end":{"line":101,"column":null}},"6":{"start":{"line":102,"column":2},"end":{"line":106,"column":null}},"7":{"start":{"line":109,"column":13},"end":{"line":109,"column":null}},"8":{"start":{"line":110,"column":2},"end":{"line":110,"column":null}},"9":{"start":{"line":115,"column":2},"end":{"line":129,"column":null}},"10":{"start":{"line":134,"column":2},"end":{"line":148,"column":null}},"11":{"start":{"line":153,"column":2},"end":{"line":163,"column":null}},"12":{"start":{"line":166,"column":2},"end":{"line":176,"column":null}},"13":{"start":{"line":180,"column":2},"end":{"line":190,"column":null}},"14":{"start":{"line":193,"column":2},"end":{"line":202,"column":null}},"15":{"start":{"line":222,"column":70},"end":{"line":222,"column":null}},"16":{"start":{"line":224,"column":2},"end":{"line":235,"column":null}},"17":{"start":{"line":237,"column":2},"end":{"line":243,"column":null}},"18":{"start":{"line":245,"column":2},"end":{"line":250,"column":null}},"19":{"start":{"line":246,"column":4},"end":{"line":246,"column":null}},"20":{"start":{"line":246,"column":19},"end":{"line":246,"column":null}},"21":{"start":{"line":247,"column":4},"end":{"line":247,"column":null}},"22":{"start":{"line":248,"column":4},"end":{"line":248,"column":null}},"23":{"start":{"line":248,"column":16},"end":{"line":248,"column":null}},"24":{"start":{"line":249,"column":4},"end":{"line":249,"column":null}}},"fnMap":{"0":{"name":"seedSkillCallFixture","decl":{"start":{"line":69,"column":22},"end":{"line":69,"column":43}},"loc":{"start":{"line":69,"column":86},"end":{"line":203,"column":null}},"line":69},"1":{"name":"cleanupSkillCallFixture","decl":{"start":{"line":216,"column":22},"end":{"line":216,"column":46}},"loc":{"start":{"line":221,"column":18},"end":{"line":251,"column":null}},"line":221}},"branchMap":{"0":{"loc":{"start":{"line":222,"column":40},"end":{"line":222,"column":66}},"type":"default-arg","locations":[{"start":{"line":222,"column":60},"end":{"line":222,"column":66}}],"line":222},"1":{"loc":{"start":{"line":245,"column":2},"end":{"line":250,"column":null}},"type":"if","locations":[{"start":{"line":245,"column":2},"end":{"line":250,"column":null}},{"start":{},"end":{}}],"line":245},"2":{"loc":{"start":{"line":246,"column":4},"end":{"line":246,"column":null}},"type":"if","locations":[{"start":{"line":246,"column":4},"end":{"line":246,"column":null}},{"start":{},"end":{}}],"line":246},"3":{"loc":{"start":{"line":248,"column":4},"end":{"line":248,"column":null}},"type":"if","locations":[{"start":{"line":248,"column":4},"end":{"line":248,"column":null}},{"start":{},"end":{}}],"line":248}},"s":{"0":3,"1":0,"2":0,"3":0,"4":0,"5":0,"6":0,"7":0,"8":0,"9":0,"10":0,"11":0,"12":0,"13":0,"14":0,"15":0,"16":0,"17":0,"18":0,"19":0,"20":0,"21":0,"22":0,"23":0,"24":0},"f":{"0":0,"1":0},"b":{"0":[0],"1":[0,0],"2":[0,0],"3":[0,0]},"meta":{"lastBranch":4,"lastFunction":2,"lastStatement":25,"seen":{"s:40:61:45:Infinity":0,"f:69:22:69:43":0,"s:70:48:70:Infinity":1,"s:76:16:76:Infinity":2,"s:77:2:81:Infinity":3,"s:82:2:91:Infinity":4,"s:92:2:101:Infinity":5,"s:102:2:106:Infinity":6,"s:109:13:109:Infinity":7,"s:110:2:110:Infinity":8,"s:115:2:129:Infinity":9,"s:134:2:148:Infinity":10,"s:153:2:163:Infinity":11,"s:166:2:176:Infinity":12,"s:180:2:190:Infinity":13,"s:193:2:202:Infinity":14,"f:216:22:216:46":1,"s:222:70:222:Infinity":15,"b:222:60:222:66":0,"s:224:2:235:Infinity":16,"s:237:2:243:Infinity":17,"b:245:2:250:Infinity:undefined:undefined:undefined:undefined":1,"s:245:2:250:Infinity":18,"b:246:4:246:Infinity:undefined:undefined:undefined:undefined":2,"s:246:4:246:Infinity":19,"s:246:19:246:Infinity":20,"s:247:4:247:Infinity":21,"b:248:4:248:Infinity:undefined:undefined:undefined:undefined":3,"s:248:4:248:Infinity":22,"s:248:16:248:Infinity":23,"s:249:4:249:Infinity":24},"fnNames":{}}}
}
