{"total": {"lines":{"total":82,"covered":82,"skipped":0,"pct":100},"statements":{"total":82,"covered":82,"skipped":0,"pct":100},"functions":{"total":8,"covered":8,"skipped":0,"pct":100},"branches":{"total":30,"covered":30,"skipped":0,"pct":100},"branchesTrue":{"total":0,"covered":0,"skipped":0,"pct":"Unknown"}}
,"/app/packages/web/src/lib/erd.ts": {"lines":{"total":82,"covered":82,"skipped":0,"pct":100},"functions":{"total":8,"covered":8,"skipped":0,"pct":100},"statements":{"total":82,"covered":82,"skipped":0,"pct":100},"branches":{"total":30,"covered":30,"skipped":0,"pct":100}}
}
