{"/app/packages/cli/scripts/add-shebang.js": {"path":"/app/packages/cli/scripts/add-shebang.js","all":true,"statementMap":{"0":{"start":{"line":1,"column":0},"end":{"line":1,"column":19}},"1":{"start":{"line":2,"column":0},"end":{"line":2,"column":48}},"2":{"start":{"line":3,"column":0},"end":{"line":3,"column":27}},"3":{"start":{"line":4,"column":0},"end":{"line":4,"column":35}},"4":{"start":{"line":5,"column":0},"end":{"line":5,"column":30}},"6":{"start":{"line":7,"column":0},"end":{"line":7,"column":49}},"7":{"start":{"line":8,"column":0},"end":{"line":8,"column":37}},"9":{"start":{"line":10,"column":0},"end":{"line":10,"column":59}},"10":{"start":{"line":11,"column":0},"end":{"line":11,"column":47}},"12":{"start":{"line":13,"column":0},"end":{"line":13,"column":49}},"13":{"start":{"line":14,"column":0},"end":{"line":14,"column":61}},"14":{"start":{"line":15,"column":0},"end":{"line":15,"column":49}},"15":{"start":{"line":16,"column":0},"end":{"line":16,"column":1}}},"s":{"0":0,"1":0,"2":0,"3":0,"4":0,"6":0,"7":0,"9":0,"10":0,"12":0,"13":0,"14":0,"15":0},"branchMap":{"0":{"type":"branch","line":1,"loc":{"start":{"line":1,"column":0},"end":{"line":16,"column":-295}},"locations":[{"start":{"line":1,"column":0},"end":{"line":16,"column":-295}}]}},"b":{"0":[0]},"fnMap":{"0":{"name":"(empty-report)","decl":{"start":{"line":1,"column":0},"end":{"line":16,"column":-295}},"loc":{"start":{"line":1,"column":0},"end":{"line":16,"column":-295}},"line":1}},"f":{"0":0}}
,"/app/packages/cli/src/adapters.ts": {"path":"/app/packages/cli/src/adapters.ts","all":true,"statementMap":{"0":{"start":{"line":1,"column":0},"end":{"line":1,"column":31}},"1":{"start":{"line":2,"column":0},"end":{"line":2,"column":41}},"2":{"start":{"line":3,"column":0},"end":{"line":3,"column":71}},"3":{"start":{"line":4,"column":0},"end":{"line":4,"column":99}},"4":{"start":{"line":5,"column":0},"end":{"line":5,"column":49}},"5":{"start":{"line":6,"column":0},"end":{"line":6,"column":48}},"6":{"start":{"line":7,"column":0},"end":{"line":7,"column":51}},"7":{"start":{"line":8,"column":0},"end":{"line":8,"column":59}},"8":{"start":{"line":9,"column":0},"end":{"line":9,"column":138}},"9":{"start":{"line":10,"column":0},"end":{"line":10,"column":151}},"13":{"start":{"line":14,"column":0},"end":{"line":14,"column":39}},"14":{"start":{"line":15,"column":0},"end":{"line":15,"column":11}},"15":{"start":{"line":16,"column":0},"end":{"line":16,"column":21}},"16":{"start":{"line":17,"column":0},"end":{"line":17,"column":23}},"17":{"start":{"line":18,"column":0},"end":{"line":18,"column":25}},"18":{"start":{"line":19,"column":0},"end":{"line":19,"column":4}},"19":{"start":{"line":20,"column":0},"end":{"line":20,"column":12}},"20":{"start":{"line":21,"column":0},"end":{"line":21,"column":28}},"21":{"start":{"line":22,"column":0},"end":{"line":22,"column":44}},"22":{"start":{"line":23,"column":0},"end":{"line":23,"column":30}},"23":{"start":{"line":24,"column":0},"end":{"line":24,"column":4}},"24":{"start":{"line":25,"column":0},"end":{"line":25,"column":9}},"25":{"start":{"line":26,"column":0},"end":{"line":26,"column":24}},"26":{"start":{"line":27,"column":0},"end":{"line":27,"column":4}},"27":{"start":{"line":28,"column":0},"end":{"line":28,"column":8}},"28":{"start":{"line":29,"column":0},"end":{"line":29,"column":85}},"29":{"start":{"line":30,"column":0},"end":{"line":30,"column":74}},"30":{"start":{"line":31,"column":0},"end":{"line":31,"column":23}},"31":{"start":{"line":32,"column":0},"end":{"line":32,"column":47}},"32":{"start":{"line":33,"column":0},"end":{"line":33,"column":20}},"33":{"start":{"line":34,"column":0},"end":{"line":34,"column":8}},"34":{"start":{"line":35,"column":0},"end":{"line":35,"column":6}},"35":{"start":{"line":36,"column":0},"end":{"line":36,"column":102}},"36":{"start":{"line":37,"column":0},"end":{"line":37,"column":114}},"37":{"start":{"line":38,"column":0},"end":{"line":38,"column":29}},"38":{"start":{"line":39,"column":0},"end":{"line":39,"column":45}},"39":{"start":{"line":40,"column":0},"end":{"line":40,"column":7}},"41":{"start":{"line":42,"column":0},"end":{"line":42,"column":57}},"42":{"start":{"line":43,"column":0},"end":{"line":43,"column":55}},"44":{"start":{"line":45,"column":0},"end":{"line":45,"column":99}},"45":{"start":{"line":46,"column":0},"end":{"line":46,"column":31}},"46":{"start":{"line":47,"column":0},"end":{"line":47,"column":11}},"47":{"start":{"line":48,"column":0},"end":{"line":48,"column":27}},"48":{"start":{"line":49,"column":0},"end":{"line":49,"column":43}},"49":{"start":{"line":50,"column":0},"end":{"line":50,"column":18}},"50":{"start":{"line":51,"column":0},"end":{"line":51,"column":24}},"51":{"start":{"line":52,"column":0},"end":{"line":52,"column":11}},"52":{"start":{"line":53,"column":0},"end":{"line":53,"column":9}},"53":{"start":{"line":54,"column":0},"end":{"line":54,"column":30}},"54":{"start":{"line":55,"column":0},"end":{"line":55,"column":14}},"55":{"start":{"line":56,"column":0},"end":{"line":56,"column":29}},"56":{"start":{"line":57,"column":0},"end":{"line":57,"column":7}},"58":{"start":{"line":59,"column":0},"end":{"line":59,"column":42}},"60":{"start":{"line":61,"column":0},"end":{"line":61,"column":53}},"61":{"start":{"line":62,"column":0},"end":{"line":62,"column":23}},"62":{"start":{"line":63,"column":0},"end":{"line":63,"column":39}},"63":{"start":{"line":64,"column":0},"end":{"line":64,"column":14}},"64":{"start":{"line":65,"column":0},"end":{"line":65,"column":20}},"65":{"start":{"line":66,"column":0},"end":{"line":66,"column":8}},"67":{"start":{"line":68,"column":0},"end":{"line":68,"column":14}},"68":{"start":{"line":69,"column":0},"end":{"line":69,"column":40}},"69":{"start":{"line":70,"column":0},"end":{"line":70,"column":39}},"70":{"start":{"line":71,"column":0},"end":{"line":71,"column":26}},"71":{"start":{"line":72,"column":0},"end":{"line":72,"column":26}},"72":{"start":{"line":73,"column":0},"end":{"line":73,"column":44}},"73":{"start":{"line":74,"column":0},"end":{"line":74,"column":44}},"74":{"start":{"line":75,"column":0},"end":{"line":75,"column":7}},"75":{"start":{"line":76,"column":0},"end":{"line":76,"column":6}},"76":{"start":{"line":77,"column":0},"end":{"line":77,"column":82}},"77":{"start":{"line":78,"column":0},"end":{"line":78,"column":65}},"78":{"start":{"line":79,"column":0},"end":{"line":79,"column":23}},"79":{"start":{"line":80,"column":0},"end":{"line":80,"column":14}},"80":{"start":{"line":81,"column":0},"end":{"line":81,"column":20}},"81":{"start":{"line":82,"column":0},"end":{"line":82,"column":8}},"82":{"start":{"line":83,"column":0},"end":{"line":83,"column":6}},"83":{"start":{"line":84,"column":0},"end":{"line":84,"column":91}},"84":{"start":{"line":85,"column":0},"end":{"line":85,"column":65}},"85":{"start":{"line":86,"column":0},"end":{"line":86,"column":23}},"86":{"start":{"line":87,"column":0},"end":{"line":87,"column":14}},"87":{"start":{"line":88,"column":0},"end":{"line":88,"column":20}},"88":{"start":{"line":89,"column":0},"end":{"line":89,"column":8}},"89":{"start":{"line":90,"column":0},"end":{"line":90,"column":6}},"90":{"start":{"line":91,"column":0},"end":{"line":91,"column":69}},"91":{"start":{"line":92,"column":0},"end":{"line":92,"column":53}},"92":{"start":{"line":93,"column":0},"end":{"line":93,"column":23}},"93":{"start":{"line":94,"column":0},"end":{"line":94,"column":14}},"94":{"start":{"line":95,"column":0},"end":{"line":95,"column":20}},"95":{"start":{"line":96,"column":0},"end":{"line":96,"column":8}},"96":{"start":{"line":97,"column":0},"end":{"line":97,"column":6}},"97":{"start":{"line":98,"column":0},"end":{"line":98,"column":4}},"98":{"start":{"line":99,"column":0},"end":{"line":99,"column":10}},"99":{"start":{"line":100,"column":0},"end":{"line":100,"column":24}},"100":{"start":{"line":101,"column":0},"end":{"line":101,"column":27}},"101":{"start":{"line":102,"column":0},"end":{"line":102,"column":4}},"102":{"start":{"line":103,"column":0},"end":{"line":103,"column":11}},"103":{"start":{"line":104,"column":0},"end":{"line":104,"column":74}},"104":{"start":{"line":105,"column":0},"end":{"line":105,"column":54}},"105":{"start":{"line":106,"column":0},"end":{"line":106,"column":6}},"106":{"start":{"line":107,"column":0},"end":{"line":107,"column":4}},"107":{"start":{"line":108,"column":0},"end":{"line":108,"column":15}},"108":{"start":{"line":109,"column":0},"end":{"line":109,"column":45}},"109":{"start":{"line":110,"column":0},"end":{"line":110,"column":45}},"110":{"start":{"line":111,"column":0},"end":{"line":111,"column":43}},"111":{"start":{"line":112,"column":0},"end":{"line":112,"column":37}},"112":{"start":{"line":113,"column":0},"end":{"line":113,"column":35}},"113":{"start":{"line":114,"column":0},"end":{"line":114,"column":55}},"114":{"start":{"line":115,"column":0},"end":{"line":115,"column":69}},"115":{"start":{"line":116,"column":0},"end":{"line":116,"column":61}},"116":{"start":{"line":117,"column":0},"end":{"line":117,"column":4}},"117":{"start":{"line":118,"column":0},"end":{"line":118,"column":11}},"118":{"start":{"line":119,"column":0},"end":{"line":119,"column":56}},"119":{"start":{"line":120,"column":0},"end":{"line":120,"column":4}},"120":{"start":{"line":121,"column":0},"end":{"line":121,"column":17}},"121":{"start":{"line":122,"column":0},"end":{"line":122,"column":24}},"122":{"start":{"line":123,"column":0},"end":{"line":123,"column":4}},"123":{"start":{"line":124,"column":0},"end":{"line":124,"column":1}}},"s":{"0":0,"1":0,"2":0,"3":0,"4":0,"5":0,"6":0,"7":0,"8":0,"9":0,"13":0,"14":0,"15":0,"16":0,"17":0,"18":0,"19":0,"20":0,"21":0,"22":0,"23":0,"24":0,"25":0,"26":0,"27":0,"28":0,"29":0,"30":0,"31":0,"32":0,"33":0,"34":0,"35":0,"36":0,"37":0,"38":0,"39":0,"41":0,"42":0,"44":0,"45":0,"46":0,"47":0,"48":0,"49":0,"50":0,"51":0,"52":0,"53":0,"54":0,"55":0,"56":0,"58":0,"60":0,"61":0,"62":0,"63":0,"64":0,"65":0,"67":0,"68":0,"69":0,"70":0,"71":0,"72":0,"73":0,"74":0,"75":0,"76":0,"77":0,"78":0,"79":0,"80":0,"81":0,"82":0,"83":0,"84":0,"85":0,"86":0,"87":0,"88":0,"89":0,"90":0,"91":0,"92":0,"93":0,"94":0,"95":0,"96":0,"97":0,"98":0,"99":0,"100":0,"101":0,"102":0,"103":0,"104":0,"105":0,"106":0,"107":0,"108":0,"109":0,"110":0,"111":0,"112":0,"113":0,"114":0,"115":0,"116":0,"117":0,"118":0,"119":0,"120":0,"121":0,"122":0,"123":0},"branchMap":{"0":{"type":"branch","line":1,"loc":{"start":{"line":1,"column":4249},"end":{"line":124,"column":1}},"locations":[{"start":{"line":1,"column":4249},"end":{"line":124,"column":1}}]}},"b":{"0":[0]},"fnMap":{"0":{"name":"(empty-report)","decl":{"start":{"line":1,"column":4249},"end":{"line":124,"column":1}},"loc":{"start":{"line":1,"column":4249},"end":{"line":124,"column":1}},"line":1}},"f":{"0":0}}
,"/app/packages/cli/src/deps.ts": {"path":"/app/packages/cli/src/deps.ts","all":true,"statementMap":{},"s":{},"branchMap":{"0":{"type":"branch","line":1,"loc":{"start":{"line":1,"column":2121},"end":{"line":52,"column":56}},"locations":[{"start":{"line":1,"column":2121},"end":{"line":52,"column":56}}]}},"b":{"0":[1]},"fnMap":{"0":{"name":"(empty-report)","decl":{"start":{"line":1,"column":2121},"end":{"line":52,"column":56}},"loc":{"start":{"line":1,"column":2121},"end":{"line":52,"column":56}},"line":1}},"f":{"0":1}}
,"/app/packages/cli/src/index.ts": {"path":"/app/packages/cli/src/index.ts","all":true,"statementMap":{"1":{"start":{"line":2,"column":0},"end":{"line":2,"column":35}},"2":{"start":{"line":3,"column":0},"end":{"line":3,"column":33}},"3":{"start":{"line":4,"column":0},"end":{"line":4,"column":36}},"4":{"start":{"line":5,"column":0},"end":{"line":5,"column":35}},"5":{"start":{"line":6,"column":0},"end":{"line":6,"column":40}},"6":{"start":{"line":7,"column":0},"end":{"line":7,"column":58}},"7":{"start":{"line":8,"column":0},"end":{"line":8,"column":52}},"8":{"start":{"line":9,"column":0},"end":{"line":9,"column":54}},"9":{"start":{"line":10,"column":0},"end":{"line":10,"column":56}},"10":{"start":{"line":11,"column":0},"end":{"line":11,"column":56}},"12":{"start":{"line":13,"column":0},"end":{"line":13,"column":49}},"13":{"start":{"line":14,"column":0},"end":{"line":14,"column":37}},"16":{"start":{"line":17,"column":0},"end":{"line":17,"column":53}},"17":{"start":{"line":18,"column":0},"end":{"line":18,"column":53}},"19":{"start":{"line":20,"column":0},"end":{"line":20,"column":29}},"20":{"start":{"line":21,"column":0},"end":{"line":21,"column":16}},"21":{"start":{"line":22,"column":0},"end":{"line":22,"column":63}},"22":{"start":{"line":23,"column":0},"end":{"line":23,"column":23}},"23":{"start":{"line":24,"column":0},"end":{"line":24,"column":67}},"26":{"start":{"line":27,"column":0},"end":{"line":27,"column":44}},"29":{"start":{"line":30,"column":0},"end":{"line":30,"column":7}},"30":{"start":{"line":31,"column":0},"end":{"line":31,"column":19}},"31":{"start":{"line":32,"column":0},"end":{"line":32,"column":90}},"32":{"start":{"line":33,"column":0},"end":{"line":33,"column":73}},"33":{"start":{"line":34,"column":0},"end":{"line":34,"column":67}},"34":{"start":{"line":35,"column":0},"end":{"line":35,"column":37}},"37":{"start":{"line":38,"column":0},"end":{"line":38,"column":7}},"38":{"start":{"line":39,"column":0},"end":{"line":39,"column":18}},"39":{"start":{"line":40,"column":0},"end":{"line":40,"column":58}},"40":{"start":{"line":41,"column":0},"end":{"line":41,"column":71}},"41":{"start":{"line":42,"column":0},"end":{"line":42,"column":36}},"44":{"start":{"line":45,"column":0},"end":{"line":45,"column":7}},"45":{"start":{"line":46,"column":0},"end":{"line":46,"column":20}},"46":{"start":{"line":47,"column":0},"end":{"line":47,"column":43}},"47":{"start":{"line":48,"column":0},"end":{"line":48,"column":38}},"50":{"start":{"line":51,"column":0},"end":{"line":51,"column":7}},"51":{"start":{"line":52,"column":0},"end":{"line":52,"column":20}},"52":{"start":{"line":53,"column":0},"end":{"line":53,"column":54}},"53":{"start":{"line":54,"column":0},"end":{"line":54,"column":38}},"56":{"start":{"line":57,"column":0},"end":{"line":57,"column":49}},"57":{"start":{"line":58,"column":0},"end":{"line":58,"column":38}},"58":{"start":{"line":59,"column":0},"end":{"line":59,"column":17}},"59":{"start":{"line":60,"column":0},"end":{"line":60,"column":2}}},"s":{"1":0,"2":0,"3":0,"4":0,"5":0,"6":0,"7":0,"8":0,"9":0,"10":0,"12":0,"13":0,"16":0,"17":0,"19":0,"20":0,"21":0,"22":0,"23":0,"26":0,"29":0,"30":0,"31":0,"32":0,"33":0,"34":0,"37":0,"38":0,"39":0,"40":0,"41":0,"44":0,"45":0,"46":0,"47":0,"50":0,"51":0,"52":0,"53":0,"56":0,"57":0,"58":0,"59":0},"branchMap":{"0":{"type":"branch","line":1,"loc":{"start":{"line":1,"column":2031},"end":{"line":60,"column":2}},"locations":[{"start":{"line":1,"column":2031},"end":{"line":60,"column":2}}]}},"b":{"0":[1]},"fnMap":{"0":{"name":"(empty-report)","decl":{"start":{"line":1,"column":2031},"end":{"line":60,"column":2}},"loc":{"start":{"line":1,"column":2031},"end":{"line":60,"column":2}},"line":1}},"f":{"0":1}}
,"/app/packages/cli/src/commands/default.ts": {"path":"/app/packages/cli/src/commands/default.ts","all":false,"statementMap":{"0":{"start":{"line":1,"column":0},"end":{"line":1,"column":25}},"1":{"start":{"line":2,"column":0},"end":{"line":2,"column":21}},"2":{"start":{"line":3,"column":0},"end":{"line":3,"column":80}},"3":{"start":{"line":4,"column":0},"end":{"line":4,"column":108}},"12":{"start":{"line":13,"column":0},"end":{"line":13,"column":72}},"13":{"start":{"line":14,"column":0},"end":{"line":14,"column":32}},"14":{"start":{"line":15,"column":0},"end":{"line":15,"column":37}},"15":{"start":{"line":16,"column":0},"end":{"line":16,"column":39}},"19":{"start":{"line":20,"column":0},"end":{"line":20,"column":56}},"22":{"start":{"line":23,"column":0},"end":{"line":23,"column":30}},"23":{"start":{"line":24,"column":0},"end":{"line":24,"column":44}},"24":{"start":{"line":25,"column":0},"end":{"line":25,"column":36}},"25":{"start":{"line":26,"column":0},"end":{"line":26,"column":56}},"26":{"start":{"line":27,"column":0},"end":{"line":27,"column":36}},"27":{"start":{"line":28,"column":0},"end":{"line":28,"column":54}},"28":{"start":{"line":29,"column":0},"end":{"line":29,"column":35}},"29":{"start":{"line":30,"column":0},"end":{"line":30,"column":67}},"30":{"start":{"line":31,"column":0},"end":{"line":31,"column":5}},"31":{"start":{"line":32,"column":0},"end":{"line":32,"column":3}},"36":{"start":{"line":37,"column":0},"end":{"line":37,"column":98}},"37":{"start":{"line":38,"column":0},"end":{"line":38,"column":40}},"38":{"start":{"line":39,"column":0},"end":{"line":39,"column":15}},"40":{"start":{"line":41,"column":0},"end":{"line":41,"column":57}},"43":{"start":{"line":44,"column":0},"end":{"line":44,"column":22}},"45":{"start":{"line":46,"column":0},"end":{"line":46,"column":19}},"46":{"start":{"line":47,"column":0},"end":{"line":47,"column":7}},"47":{"start":{"line":48,"column":0},"end":{"line":48,"column":58}},"48":{"start":{"line":49,"column":0},"end":{"line":49,"column":70}},"49":{"start":{"line":50,"column":0},"end":{"line":50,"column":17}},"50":{"start":{"line":51,"column":0},"end":{"line":51,"column":40}},"51":{"start":{"line":52,"column":0},"end":{"line":52,"column":67}},"52":{"start":{"line":53,"column":0},"end":{"line":53,"column":19}},"53":{"start":{"line":54,"column":0},"end":{"line":54,"column":3}},"56":{"start":{"line":57,"column":0},"end":{"line":57,"column":21}},"57":{"start":{"line":58,"column":0},"end":{"line":58,"column":31}},"58":{"start":{"line":59,"column":0},"end":{"line":59,"column":34}},"59":{"start":{"line":60,"column":0},"end":{"line":60,"column":36}},"60":{"start":{"line":61,"column":0},"end":{"line":61,"column":50}},"61":{"start":{"line":62,"column":0},"end":{"line":62,"column":4}},"64":{"start":{"line":65,"column":0},"end":{"line":65,"column":15}},"65":{"start":{"line":66,"column":0},"end":{"line":66,"column":26}},"67":{"start":{"line":68,"column":0},"end":{"line":68,"column":65}},"69":{"start":{"line":70,"column":0},"end":{"line":70,"column":45}},"71":{"start":{"line":72,"column":0},"end":{"line":72,"column":44}},"72":{"start":{"line":73,"column":0},"end":{"line":73,"column":7}},"73":{"start":{"line":74,"column":0},"end":{"line":74,"column":101}},"74":{"start":{"line":75,"column":0},"end":{"line":75,"column":77}},"75":{"start":{"line":76,"column":0},"end":{"line":76,"column":51}},"76":{"start":{"line":77,"column":0},"end":{"line":77,"column":17}},"77":{"start":{"line":78,"column":0},"end":{"line":78,"column":43}},"78":{"start":{"line":79,"column":0},"end":{"line":79,"column":67}},"79":{"start":{"line":80,"column":0},"end":{"line":80,"column":19}},"80":{"start":{"line":81,"column":0},"end":{"line":81,"column":3}},"83":{"start":{"line":84,"column":0},"end":{"line":84,"column":22}},"84":{"start":{"line":85,"column":0},"end":{"line":85,"column":41}},"85":{"start":{"line":86,"column":0},"end":{"line":86,"column":33}},"86":{"start":{"line":87,"column":0},"end":{"line":87,"column":37}},"87":{"start":{"line":88,"column":0},"end":{"line":88,"column":37}},"88":{"start":{"line":89,"column":0},"end":{"line":89,"column":45}},"89":{"start":{"line":90,"column":0},"end":{"line":90,"column":50}},"90":{"start":{"line":91,"column":0},"end":{"line":91,"column":4}},"91":{"start":{"line":92,"column":0},"end":{"line":92,"column":54}},"94":{"start":{"line":95,"column":0},"end":{"line":95,"column":58}},"95":{"start":{"line":96,"column":0},"end":{"line":96,"column":25}},"98":{"start":{"line":99,"column":0},"end":{"line":99,"column":15}},"99":{"start":{"line":100,"column":0},"end":{"line":100,"column":43}},"100":{"start":{"line":101,"column":0},"end":{"line":101,"column":15}},"101":{"start":{"line":102,"column":0},"end":{"line":102,"column":23}},"102":{"start":{"line":103,"column":0},"end":{"line":103,"column":86}},"103":{"start":{"line":104,"column":0},"end":{"line":104,"column":60}},"104":{"start":{"line":105,"column":0},"end":{"line":105,"column":15}},"105":{"start":{"line":106,"column":0},"end":{"line":106,"column":64}},"106":{"start":{"line":107,"column":0},"end":{"line":107,"column":1}},"111":{"start":{"line":112,"column":0},"end":{"line":112,"column":125}},"112":{"start":{"line":113,"column":0},"end":{"line":113,"column":38}},"113":{"start":{"line":114,"column":0},"end":{"line":114,"column":45}},"114":{"start":{"line":115,"column":0},"end":{"line":115,"column":15}},"116":{"start":{"line":117,"column":0},"end":{"line":117,"column":56}},"117":{"start":{"line":118,"column":0},"end":{"line":118,"column":60}},"119":{"start":{"line":120,"column":0},"end":{"line":120,"column":19}},"120":{"start":{"line":121,"column":0},"end":{"line":121,"column":7}},"121":{"start":{"line":122,"column":0},"end":{"line":122,"column":58}},"122":{"start":{"line":123,"column":0},"end":{"line":123,"column":70}},"123":{"start":{"line":124,"column":0},"end":{"line":124,"column":17}},"124":{"start":{"line":125,"column":0},"end":{"line":125,"column":40}},"125":{"start":{"line":126,"column":0},"end":{"line":126,"column":67}},"126":{"start":{"line":127,"column":0},"end":{"line":127,"column":19}},"127":{"start":{"line":128,"column":0},"end":{"line":128,"column":3}},"130":{"start":{"line":131,"column":0},"end":{"line":131,"column":21}},"131":{"start":{"line":132,"column":0},"end":{"line":132,"column":31}},"132":{"start":{"line":133,"column":0},"end":{"line":133,"column":34}},"133":{"start":{"line":134,"column":0},"end":{"line":134,"column":36}},"134":{"start":{"line":135,"column":0},"end":{"line":135,"column":56}},"135":{"start":{"line":136,"column":0},"end":{"line":136,"column":4}},"138":{"start":{"line":139,"column":0},"end":{"line":139,"column":56}},"139":{"start":{"line":140,"column":0},"end":{"line":140,"column":43}},"140":{"start":{"line":141,"column":0},"end":{"line":141,"column":7}},"141":{"start":{"line":142,"column":0},"end":{"line":142,"column":79}},"142":{"start":{"line":143,"column":0},"end":{"line":143,"column":63}},"143":{"start":{"line":144,"column":0},"end":{"line":144,"column":17}},"144":{"start":{"line":145,"column":0},"end":{"line":145,"column":41}},"145":{"start":{"line":146,"column":0},"end":{"line":146,"column":67}},"146":{"start":{"line":147,"column":0},"end":{"line":147,"column":19}},"147":{"start":{"line":148,"column":0},"end":{"line":148,"column":3}},"149":{"start":{"line":150,"column":0},"end":{"line":150,"column":15}},"150":{"start":{"line":151,"column":0},"end":{"line":151,"column":43}},"151":{"start":{"line":152,"column":0},"end":{"line":152,"column":15}},"152":{"start":{"line":153,"column":0},"end":{"line":153,"column":70}},"153":{"start":{"line":154,"column":0},"end":{"line":154,"column":88}},"154":{"start":{"line":155,"column":0},"end":{"line":155,"column":1}},"159":{"start":{"line":160,"column":0},"end":{"line":160,"column":116}},"160":{"start":{"line":161,"column":0},"end":{"line":161,"column":53}},"161":{"start":{"line":162,"column":0},"end":{"line":162,"column":47}},"162":{"start":{"line":163,"column":0},"end":{"line":163,"column":15}},"164":{"start":{"line":165,"column":0},"end":{"line":165,"column":55}},"165":{"start":{"line":166,"column":0},"end":{"line":166,"column":60}},"167":{"start":{"line":168,"column":0},"end":{"line":168,"column":65}},"169":{"start":{"line":170,"column":0},"end":{"line":170,"column":45}},"171":{"start":{"line":172,"column":0},"end":{"line":172,"column":44}},"172":{"start":{"line":173,"column":0},"end":{"line":173,"column":7}},"173":{"start":{"line":174,"column":0},"end":{"line":174,"column":94}},"174":{"start":{"line":175,"column":0},"end":{"line":175,"column":77}},"175":{"start":{"line":176,"column":0},"end":{"line":176,"column":51}},"176":{"start":{"line":177,"column":0},"end":{"line":177,"column":17}},"177":{"start":{"line":178,"column":0},"end":{"line":178,"column":43}},"178":{"start":{"line":179,"column":0},"end":{"line":179,"column":67}},"179":{"start":{"line":180,"column":0},"end":{"line":180,"column":19}},"180":{"start":{"line":181,"column":0},"end":{"line":181,"column":3}},"183":{"start":{"line":184,"column":0},"end":{"line":184,"column":22}},"184":{"start":{"line":185,"column":0},"end":{"line":185,"column":41}},"185":{"start":{"line":186,"column":0},"end":{"line":186,"column":33}},"186":{"start":{"line":187,"column":0},"end":{"line":187,"column":37}},"187":{"start":{"line":188,"column":0},"end":{"line":188,"column":37}},"188":{"start":{"line":189,"column":0},"end":{"line":189,"column":45}},"189":{"start":{"line":190,"column":0},"end":{"line":190,"column":56}},"190":{"start":{"line":191,"column":0},"end":{"line":191,"column":4}},"191":{"start":{"line":192,"column":0},"end":{"line":192,"column":54}},"194":{"start":{"line":195,"column":0},"end":{"line":195,"column":58}},"195":{"start":{"line":196,"column":0},"end":{"line":196,"column":25}},"197":{"start":{"line":198,"column":0},"end":{"line":198,"column":15}},"198":{"start":{"line":199,"column":0},"end":{"line":199,"column":43}},"199":{"start":{"line":200,"column":0},"end":{"line":200,"column":1}},"204":{"start":{"line":205,"column":0},"end":{"line":205,"column":48}},"205":{"start":{"line":206,"column":0},"end":{"line":206,"column":21}},"206":{"start":{"line":207,"column":0},"end":{"line":207,"column":17}},"207":{"start":{"line":208,"column":0},"end":{"line":208,"column":24}},"208":{"start":{"line":209,"column":0},"end":{"line":209,"column":18}},"210":{"start":{"line":211,"column":0},"end":{"line":211,"column":44}},"212":{"start":{"line":213,"column":0},"end":{"line":213,"column":7}},"213":{"start":{"line":214,"column":0},"end":{"line":214,"column":135}},"214":{"start":{"line":215,"column":0},"end":{"line":215,"column":18}},"215":{"start":{"line":216,"column":0},"end":{"line":216,"column":11}},"216":{"start":{"line":217,"column":0},"end":{"line":217,"column":18}},"218":{"start":{"line":219,"column":0},"end":{"line":219,"column":3}},"221":{"start":{"line":222,"column":0},"end":{"line":222,"column":50}},"222":{"start":{"line":223,"column":0},"end":{"line":223,"column":15}},"223":{"start":{"line":224,"column":0},"end":{"line":224,"column":38}},"224":{"start":{"line":225,"column":0},"end":{"line":225,"column":73}},"225":{"start":{"line":226,"column":0},"end":{"line":226,"column":42}},"226":{"start":{"line":227,"column":0},"end":{"line":227,"column":81}},"229":{"start":{"line":230,"column":0},"end":{"line":230,"column":36}},"230":{"start":{"line":231,"column":0},"end":{"line":231,"column":91}},"231":{"start":{"line":232,"column":0},"end":{"line":232,"column":1}}},"s":{"0":1,"1":1,"2":1,"3":1,"12":1,"13":1,"14":18,"15":18,"19":18,"22":18,"23":5,"24":18,"25":5,"26":13,"27":4,"28":4,"29":4,"30":4,"31":18,"36":5,"37":5,"38":5,"40":5,"43":5,"45":5,"46":5,"47":5,"48":5,"49":5,"50":0,"51":0,"52":0,"53":0,"56":5,"57":5,"58":5,"59":5,"60":5,"61":5,"64":5,"65":5,"67":5,"69":5,"71":5,"72":5,"73":5,"74":5,"75":5,"76":5,"77":0,"78":0,"79":0,"80":0,"83":5,"84":5,"85":5,"86":5,"87":5,"88":5,"89":5,"90":5,"91":5,"94":5,"95":5,"98":5,"99":5,"100":5,"101":5,"102":5,"103":5,"104":5,"105":5,"106":5,"111":5,"112":5,"113":5,"114":5,"116":5,"117":5,"119":5,"120":5,"121":5,"122":5,"123":5,"124":0,"125":0,"126":0,"127":0,"130":5,"131":5,"132":5,"133":5,"134":5,"135":5,"138":5,"139":5,"140":5,"141":5,"142":5,"143":5,"144":0,"145":0,"146":0,"147":0,"149":5,"150":5,"151":5,"152":5,"153":5,"154":5,"159":4,"160":4,"161":4,"162":4,"164":4,"165":4,"167":4,"169":4,"171":4,"172":4,"173":4,"174":4,"175":4,"176":4,"177":0,"178":0,"179":0,"180":0,"183":4,"184":4,"185":4,"186":4,"187":4,"188":4,"189":4,"190":4,"191":4,"194":4,"195":4,"197":4,"198":4,"199":4,"204":4,"205":4,"206":4,"207":4,"208":4,"210":4,"212":4,"213":4,"214":4,"215":4,"216":0,"218":0,"221":4,"222":4,"223":4,"224":4,"225":4,"226":4,"229":4,"230":4,"231":4},"branchMap":{"0":{"type":"branch","line":14,"loc":{"start":{"line":14,"column":2},"end":{"line":32,"column":3}},"locations":[{"start":{"line":14,"column":2},"end":{"line":32,"column":3}}]},"1":{"type":"branch","line":14,"loc":{"start":{"line":14,"column":12},"end":{"line":32,"column":3}},"locations":[{"start":{"line":14,"column":12},"end":{"line":32,"column":3}}]},"2":{"type":"branch","line":23,"loc":{"start":{"line":23,"column":9},"end":{"line":23,"column":29}},"locations":[{"start":{"line":23,"column":9},"end":{"line":23,"column":29}}]},"3":{"type":"branch","line":23,"loc":{"start":{"line":23,"column":29},"end":{"line":25,"column":15}},"locations":[{"start":{"line":23,"column":29},"end":{"line":25,"column":15}}]},"4":{"type":"branch","line":25,"loc":{"start":{"line":25,"column":4},"end":{"line":31,"column":5}},"locations":[{"start":{"line":25,"column":4},"end":{"line":31,"column":5}}]},"5":{"type":"branch","line":25,"loc":{"start":{"line":25,"column":16},"end":{"line":25,"column":35}},"locations":[{"start":{"line":25,"column":16},"end":{"line":25,"column":35}}]},"6":{"type":"branch","line":25,"loc":{"start":{"line":25,"column":35},"end":{"line":27,"column":15}},"locations":[{"start":{"line":25,"column":35},"end":{"line":27,"column":15}}]},"7":{"type":"branch","line":27,"loc":{"start":{"line":27,"column":4},"end":{"line":31,"column":5}},"locations":[{"start":{"line":27,"column":4},"end":{"line":31,"column":5}}]},"8":{"type":"branch","line":27,"loc":{"start":{"line":27,"column":35},"end":{"line":31,"column":5}},"locations":[{"start":{"line":27,"column":35},"end":{"line":31,"column":5}}]},"9":{"type":"branch","line":37,"loc":{"start":{"line":37,"column":0},"end":{"line":107,"column":1}},"locations":[{"start":{"line":37,"column":0},"end":{"line":107,"column":1}}]},"10":{"type":"branch","line":50,"loc":{"start":{"line":50,"column":2},"end":{"line":54,"column":3}},"locations":[{"start":{"line":50,"column":2},"end":{"line":54,"column":3}}]},"11":{"type":"branch","line":61,"loc":{"start":{"line":61,"column":8},"end":{"line":61,"column":50}},"locations":[{"start":{"line":61,"column":8},"end":{"line":61,"column":50}}]},"12":{"type":"branch","line":68,"loc":{"start":{"line":68,"column":48},"end":{"line":68,"column":65}},"locations":[{"start":{"line":68,"column":48},"end":{"line":68,"column":65}}]},"13":{"type":"branch","line":77,"loc":{"start":{"line":77,"column":2},"end":{"line":81,"column":3}},"locations":[{"start":{"line":77,"column":2},"end":{"line":81,"column":3}}]},"14":{"type":"branch","line":90,"loc":{"start":{"line":90,"column":8},"end":{"line":90,"column":50}},"locations":[{"start":{"line":90,"column":8},"end":{"line":90,"column":50}}]},"15":{"type":"branch","line":112,"loc":{"start":{"line":112,"column":0},"end":{"line":155,"column":1}},"locations":[{"start":{"line":112,"column":0},"end":{"line":155,"column":1}}]},"16":{"type":"branch","line":118,"loc":{"start":{"line":118,"column":26},"end":{"line":118,"column":60}},"locations":[{"start":{"line":118,"column":26},"end":{"line":118,"column":60}}]},"17":{"type":"branch","line":124,"loc":{"start":{"line":124,"column":2},"end":{"line":128,"column":3}},"locations":[{"start":{"line":124,"column":2},"end":{"line":128,"column":3}}]},"18":{"type":"branch","line":139,"loc":{"start":{"line":139,"column":32},"end":{"line":139,"column":56}},"locations":[{"start":{"line":139,"column":32},"end":{"line":139,"column":56}}]},"19":{"type":"branch","line":144,"loc":{"start":{"line":144,"column":2},"end":{"line":148,"column":3}},"locations":[{"start":{"line":144,"column":2},"end":{"line":148,"column":3}}]},"20":{"type":"branch","line":160,"loc":{"start":{"line":160,"column":0},"end":{"line":200,"column":1}},"locations":[{"start":{"line":160,"column":0},"end":{"line":200,"column":1}}]},"21":{"type":"branch","line":166,"loc":{"start":{"line":166,"column":26},"end":{"line":166,"column":60}},"locations":[{"start":{"line":166,"column":26},"end":{"line":166,"column":60}}]},"22":{"type":"branch","line":168,"loc":{"start":{"line":168,"column":48},"end":{"line":168,"column":65}},"locations":[{"start":{"line":168,"column":48},"end":{"line":168,"column":65}}]},"23":{"type":"branch","line":177,"loc":{"start":{"line":177,"column":2},"end":{"line":181,"column":3}},"locations":[{"start":{"line":177,"column":2},"end":{"line":181,"column":3}}]},"24":{"type":"branch","line":205,"loc":{"start":{"line":205,"column":0},"end":{"line":232,"column":1}},"locations":[{"start":{"line":205,"column":0},"end":{"line":232,"column":1}}]},"25":{"type":"branch","line":214,"loc":{"start":{"line":214,"column":44},"end":{"line":214,"column":70}},"locations":[{"start":{"line":214,"column":44},"end":{"line":214,"column":70}}]},"26":{"type":"branch","line":214,"loc":{"start":{"line":214,"column":92},"end":{"line":214,"column":119}},"locations":[{"start":{"line":214,"column":92},"end":{"line":214,"column":119}}]},"27":{"type":"branch","line":214,"loc":{"start":{"line":214,"column":109},"end":{"line":214,"column":134}},"locations":[{"start":{"line":214,"column":109},"end":{"line":214,"column":134}}]},"28":{"type":"branch","line":216,"loc":{"start":{"line":216,"column":2},"end":{"line":219,"column":3}},"locations":[{"start":{"line":216,"column":2},"end":{"line":219,"column":3}}]},"29":{"type":"branch","line":227,"loc":{"start":{"line":227,"column":37},"end":{"line":227,"column":64}},"locations":[{"start":{"line":227,"column":37},"end":{"line":227,"column":64}}]},"30":{"type":"branch","line":227,"loc":{"start":{"line":227,"column":54},"end":{"line":227,"column":80}},"locations":[{"start":{"line":227,"column":54},"end":{"line":227,"column":80}}]}},"b":{"0":[18],"1":[18],"2":[10],"3":[5],"4":[13],"5":[5],"6":[5],"7":[8],"8":[4],"9":[5],"10":[0],"11":[0],"12":[0],"13":[0],"14":[0],"15":[5],"16":[0],"17":[0],"18":[1],"19":[0],"20":[4],"21":[0],"22":[0],"23":[0],"24":[4],"25":[1],"26":[0],"27":[0],"28":[0],"29":[0],"30":[0]},"fnMap":{"0":{"name":"makeDefaultCommand","decl":{"start":{"line":14,"column":2},"end":{"line":32,"column":3}},"loc":{"start":{"line":14,"column":2},"end":{"line":32,"column":3}},"line":14},"1":{"name":"runFullSetup","decl":{"start":{"line":37,"column":0},"end":{"line":107,"column":1}},"loc":{"start":{"line":37,"column":0},"end":{"line":107,"column":1}},"line":37},"2":{"name":"runLoginAndJoin","decl":{"start":{"line":112,"column":0},"end":{"line":155,"column":1}},"loc":{"start":{"line":112,"column":0},"end":{"line":155,"column":1}},"line":112},"3":{"name":"runProjectInit","decl":{"start":{"line":160,"column":0},"end":{"line":200,"column":1}},"loc":{"start":{"line":160,"column":0},"end":{"line":200,"column":1}},"line":160},"4":{"name":"ensureOrgMembershipAndShowStatus","decl":{"start":{"line":205,"column":0},"end":{"line":232,"column":1}},"loc":{"start":{"line":205,"column":0},"end":{"line":232,"column":1}},"line":205}},"f":{"0":18,"1":5,"2":5,"3":4,"4":4}}
,"/app/packages/cli/src/commands/hook.ts": {"path":"/app/packages/cli/src/commands/hook.ts","all":false,"statementMap":{"0":{"start":{"line":1,"column":0},"end":{"line":1,"column":28}},"1":{"start":{"line":2,"column":0},"end":{"line":2,"column":58}},"2":{"start":{"line":3,"column":0},"end":{"line":3,"column":27}},"5":{"start":{"line":6,"column":0},"end":{"line":6,"column":50}},"33":{"start":{"line":34,"column":0},"end":{"line":34,"column":90}},"34":{"start":{"line":35,"column":0},"end":{"line":35,"column":83}},"35":{"start":{"line":36,"column":0},"end":{"line":36,"column":71}},"36":{"start":{"line":37,"column":0},"end":{"line":37,"column":45}},"37":{"start":{"line":38,"column":0},"end":{"line":38,"column":17}},"38":{"start":{"line":39,"column":0},"end":{"line":39,"column":1}},"44":{"start":{"line":45,"column":0},"end":{"line":45,"column":80}},"46":{"start":{"line":47,"column":0},"end":{"line":47,"column":28}},"47":{"start":{"line":48,"column":0},"end":{"line":48,"column":15}},"48":{"start":{"line":49,"column":0},"end":{"line":49,"column":3}},"50":{"start":{"line":51,"column":0},"end":{"line":51,"column":35}},"51":{"start":{"line":52,"column":0},"end":{"line":52,"column":17}},"52":{"start":{"line":53,"column":0},"end":{"line":53,"column":47}},"53":{"start":{"line":54,"column":0},"end":{"line":54,"column":25}},"55":{"start":{"line":56,"column":0},"end":{"line":56,"column":49}},"56":{"start":{"line":57,"column":0},"end":{"line":57,"column":27}},"57":{"start":{"line":58,"column":0},"end":{"line":58,"column":22}},"58":{"start":{"line":59,"column":0},"end":{"line":59,"column":44}},"59":{"start":{"line":60,"column":0},"end":{"line":60,"column":40}},"60":{"start":{"line":61,"column":0},"end":{"line":61,"column":21}},"61":{"start":{"line":62,"column":0},"end":{"line":62,"column":5}},"63":{"start":{"line":64,"column":0},"end":{"line":64,"column":59}},"65":{"start":{"line":66,"column":0},"end":{"line":66,"column":37}},"66":{"start":{"line":67,"column":0},"end":{"line":67,"column":41}},"67":{"start":{"line":68,"column":0},"end":{"line":68,"column":19}},"68":{"start":{"line":69,"column":0},"end":{"line":69,"column":6}},"70":{"start":{"line":71,"column":0},"end":{"line":71,"column":35}},"71":{"start":{"line":72,"column":0},"end":{"line":72,"column":28}},"72":{"start":{"line":73,"column":0},"end":{"line":73,"column":6}},"74":{"start":{"line":75,"column":0},"end":{"line":75,"column":37}},"75":{"start":{"line":76,"column":0},"end":{"line":76,"column":20}},"76":{"start":{"line":77,"column":0},"end":{"line":77,"column":6}},"77":{"start":{"line":78,"column":0},"end":{"line":78,"column":4}},"78":{"start":{"line":79,"column":0},"end":{"line":79,"column":1}},"83":{"start":{"line":84,"column":0},"end":{"line":84,"column":43}},"84":{"start":{"line":85,"column":0},"end":{"line":85,"column":45}},"86":{"start":{"line":87,"column":0},"end":{"line":87,"column":7}},"87":{"start":{"line":88,"column":0},"end":{"line":88,"column":46}},"88":{"start":{"line":89,"column":0},"end":{"line":89,"column":32}},"89":{"start":{"line":90,"column":0},"end":{"line":90,"column":46}},"90":{"start":{"line":91,"column":0},"end":{"line":91,"column":5}},"92":{"start":{"line":93,"column":0},"end":{"line":93,"column":52}},"93":{"start":{"line":94,"column":0},"end":{"line":94,"column":46}},"94":{"start":{"line":95,"column":0},"end":{"line":95,"column":77}},"95":{"start":{"line":96,"column":0},"end":{"line":96,"column":47}},"96":{"start":{"line":97,"column":0},"end":{"line":97,"column":11}},"98":{"start":{"line":99,"column":0},"end":{"line":99,"column":3}},"99":{"start":{"line":100,"column":0},"end":{"line":100,"column":1}},"104":{"start":{"line":105,"column":0},"end":{"line":105,"column":65}},"110":{"start":{"line":111,"column":0},"end":{"line":111,"column":72}},"111":{"start":{"line":112,"column":0},"end":{"line":112,"column":1}},"116":{"start":{"line":117,"column":0},"end":{"line":117,"column":29}},"117":{"start":{"line":118,"column":0},"end":{"line":118,"column":26}},"118":{"start":{"line":119,"column":0},"end":{"line":119,"column":49}},"119":{"start":{"line":120,"column":0},"end":{"line":120,"column":23}},"120":{"start":{"line":121,"column":0},"end":{"line":121,"column":39}},"121":{"start":{"line":122,"column":0},"end":{"line":122,"column":33}},"122":{"start":{"line":123,"column":0},"end":{"line":123,"column":38}},"123":{"start":{"line":124,"column":0},"end":{"line":124,"column":78}},"124":{"start":{"line":125,"column":0},"end":{"line":125,"column":3}},"127":{"start":{"line":128,"column":0},"end":{"line":128,"column":24}},"128":{"start":{"line":129,"column":0},"end":{"line":129,"column":38}},"129":{"start":{"line":130,"column":0},"end":{"line":130,"column":3}},"131":{"start":{"line":132,"column":0},"end":{"line":132,"column":25}},"132":{"start":{"line":133,"column":0},"end":{"line":133,"column":40}},"133":{"start":{"line":134,"column":0},"end":{"line":134,"column":3}},"135":{"start":{"line":136,"column":0},"end":{"line":136,"column":28}},"137":{"start":{"line":138,"column":0},"end":{"line":138,"column":61}},"138":{"start":{"line":139,"column":0},"end":{"line":139,"column":3}},"140":{"start":{"line":141,"column":0},"end":{"line":141,"column":26}},"141":{"start":{"line":142,"column":0},"end":{"line":142,"column":41}},"142":{"start":{"line":143,"column":0},"end":{"line":143,"column":3}},"144":{"start":{"line":145,"column":0},"end":{"line":145,"column":38}},"145":{"start":{"line":146,"column":0},"end":{"line":146,"column":38}},"146":{"start":{"line":147,"column":0},"end":{"line":147,"column":3}},"148":{"start":{"line":149,"column":0},"end":{"line":149,"column":23}},"149":{"start":{"line":150,"column":0},"end":{"line":150,"column":36}},"150":{"start":{"line":151,"column":0},"end":{"line":151,"column":3}},"152":{"start":{"line":153,"column":0},"end":{"line":153,"column":16}},"153":{"start":{"line":154,"column":0},"end":{"line":154,"column":1}},"160":{"start":{"line":161,"column":0},"end":{"line":161,"column":66}},"161":{"start":{"line":162,"column":0},"end":{"line":162,"column":32}},"162":{"start":{"line":163,"column":0},"end":{"line":163,"column":9}},"164":{"start":{"line":165,"column":0},"end":{"line":165,"column":49}},"165":{"start":{"line":166,"column":0},"end":{"line":166,"column":17}},"166":{"start":{"line":167,"column":0},"end":{"line":167,"column":23}},"167":{"start":{"line":168,"column":0},"end":{"line":168,"column":14}},"168":{"start":{"line":169,"column":0},"end":{"line":169,"column":7}},"171":{"start":{"line":172,"column":0},"end":{"line":172,"column":53}},"172":{"start":{"line":173,"column":0},"end":{"line":173,"column":53}},"176":{"start":{"line":177,"column":0},"end":{"line":177,"column":71}},"177":{"start":{"line":178,"column":0},"end":{"line":178,"column":23}},"178":{"start":{"line":179,"column":0},"end":{"line":179,"column":14}},"179":{"start":{"line":180,"column":0},"end":{"line":180,"column":7}},"182":{"start":{"line":183,"column":0},"end":{"line":183,"column":68}},"183":{"start":{"line":184,"column":0},"end":{"line":184,"column":27}},"184":{"start":{"line":185,"column":0},"end":{"line":185,"column":23}},"185":{"start":{"line":186,"column":0},"end":{"line":186,"column":14}},"186":{"start":{"line":187,"column":0},"end":{"line":187,"column":7}},"187":{"start":{"line":188,"column":0},"end":{"line":188,"column":76}},"190":{"start":{"line":191,"column":0},"end":{"line":191,"column":39}},"191":{"start":{"line":192,"column":0},"end":{"line":192,"column":20}},"192":{"start":{"line":193,"column":0},"end":{"line":193,"column":23}},"193":{"start":{"line":194,"column":0},"end":{"line":194,"column":14}},"194":{"start":{"line":195,"column":0},"end":{"line":195,"column":7}},"197":{"start":{"line":198,"column":0},"end":{"line":198,"column":50}},"199":{"start":{"line":200,"column":0},"end":{"line":200,"column":60}},"202":{"start":{"line":203,"column":0},"end":{"line":203,"column":100}},"203":{"start":{"line":204,"column":0},"end":{"line":204,"column":90}},"204":{"start":{"line":205,"column":0},"end":{"line":205,"column":25}},"205":{"start":{"line":206,"column":0},"end":{"line":206,"column":39}},"206":{"start":{"line":207,"column":0},"end":{"line":207,"column":36}},"207":{"start":{"line":208,"column":0},"end":{"line":208,"column":51}},"208":{"start":{"line":209,"column":0},"end":{"line":209,"column":9}},"209":{"start":{"line":210,"column":0},"end":{"line":210,"column":7}},"212":{"start":{"line":213,"column":0},"end":{"line":213,"column":89}},"214":{"start":{"line":215,"column":0},"end":{"line":215,"column":71}},"215":{"start":{"line":216,"column":0},"end":{"line":216,"column":39}},"216":{"start":{"line":217,"column":0},"end":{"line":217,"column":33}},"219":{"start":{"line":220,"column":0},"end":{"line":220,"column":34}},"220":{"start":{"line":221,"column":0},"end":{"line":221,"column":87}},"221":{"start":{"line":222,"column":0},"end":{"line":222,"column":108}},"222":{"start":{"line":223,"column":0},"end":{"line":223,"column":96}},"224":{"start":{"line":225,"column":0},"end":{"line":225,"column":29}},"225":{"start":{"line":226,"column":0},"end":{"line":226,"column":58}},"226":{"start":{"line":227,"column":0},"end":{"line":227,"column":22}},"228":{"start":{"line":229,"column":0},"end":{"line":229,"column":70}},"229":{"start":{"line":230,"column":0},"end":{"line":230,"column":33}},"230":{"start":{"line":231,"column":0},"end":{"line":231,"column":11}},"233":{"start":{"line":234,"column":0},"end":{"line":234,"column":15}},"234":{"start":{"line":235,"column":0},"end":{"line":235,"column":74}},"235":{"start":{"line":236,"column":0},"end":{"line":236,"column":42}},"236":{"start":{"line":237,"column":0},"end":{"line":237,"column":49}},"237":{"start":{"line":238,"column":0},"end":{"line":238,"column":13}},"238":{"start":{"line":239,"column":0},"end":{"line":239,"column":19}},"240":{"start":{"line":241,"column":0},"end":{"line":241,"column":11}},"242":{"start":{"line":243,"column":0},"end":{"line":243,"column":64}},"243":{"start":{"line":244,"column":0},"end":{"line":244,"column":36}},"244":{"start":{"line":245,"column":0},"end":{"line":245,"column":39}},"245":{"start":{"line":246,"column":0},"end":{"line":246,"column":11}},"249":{"start":{"line":250,"column":0},"end":{"line":250,"column":71}},"250":{"start":{"line":251,"column":0},"end":{"line":251,"column":17}},"251":{"start":{"line":252,"column":0},"end":{"line":252,"column":82}},"252":{"start":{"line":253,"column":0},"end":{"line":253,"column":28}},"253":{"start":{"line":254,"column":0},"end":{"line":254,"column":57}},"254":{"start":{"line":255,"column":0},"end":{"line":255,"column":53}},"255":{"start":{"line":256,"column":0},"end":{"line":256,"column":15}},"256":{"start":{"line":257,"column":0},"end":{"line":257,"column":21}},"258":{"start":{"line":259,"column":0},"end":{"line":259,"column":13}},"259":{"start":{"line":260,"column":0},"end":{"line":260,"column":11}},"260":{"start":{"line":261,"column":0},"end":{"line":261,"column":9}},"261":{"start":{"line":262,"column":0},"end":{"line":262,"column":7}},"267":{"start":{"line":268,"column":0},"end":{"line":268,"column":71}},"268":{"start":{"line":269,"column":0},"end":{"line":269,"column":34}},"269":{"start":{"line":270,"column":0},"end":{"line":270,"column":36}},"270":{"start":{"line":271,"column":0},"end":{"line":271,"column":28}},"271":{"start":{"line":272,"column":0},"end":{"line":272,"column":16}},"272":{"start":{"line":273,"column":0},"end":{"line":273,"column":24}},"273":{"start":{"line":274,"column":0},"end":{"line":274,"column":24}},"274":{"start":{"line":275,"column":0},"end":{"line":275,"column":39}},"275":{"start":{"line":276,"column":0},"end":{"line":276,"column":31}},"276":{"start":{"line":277,"column":0},"end":{"line":277,"column":52}},"277":{"start":{"line":278,"column":0},"end":{"line":278,"column":10}},"278":{"start":{"line":279,"column":0},"end":{"line":279,"column":8}},"279":{"start":{"line":280,"column":0},"end":{"line":280,"column":19}},"280":{"start":{"line":281,"column":0},"end":{"line":281,"column":19}},"281":{"start":{"line":282,"column":0},"end":{"line":282,"column":15}},"283":{"start":{"line":284,"column":0},"end":{"line":284,"column":21}},"284":{"start":{"line":285,"column":0},"end":{"line":285,"column":5}},"285":{"start":{"line":286,"column":0},"end":{"line":286,"column":3}}},"s":{"0":1,"1":1,"2":1,"5":1,"33":1,"34":20,"35":20,"36":20,"37":14,"38":14,"44":15,"46":15,"47":0,"48":0,"50":15,"51":15,"52":15,"53":15,"55":15,"56":15,"57":15,"58":15,"59":15,"60":15,"61":15,"63":15,"65":15,"66":15,"67":14,"68":15,"70":15,"71":15,"72":15,"74":15,"75":0,"76":15,"77":15,"78":15,"83":1,"84":1,"86":0,"87":0,"88":0,"89":0,"90":0,"92":0,"93":0,"94":0,"95":0,"96":0,"98":0,"99":1,"104":1,"110":21,"111":21,"116":1,"117":16,"118":16,"119":16,"120":16,"121":16,"122":16,"123":16,"124":16,"127":16,"128":2,"129":2,"131":16,"132":1,"133":1,"135":16,"137":2,"138":2,"140":16,"141":0,"142":0,"144":16,"145":1,"146":1,"148":16,"149":1,"150":1,"152":16,"153":16,"160":1,"161":1,"162":15,"164":15,"165":15,"166":1,"167":1,"168":1,"171":14,"172":15,"176":15,"177":2,"178":2,"179":2,"182":12,"183":15,"184":1,"185":1,"186":1,"187":10,"190":10,"191":15,"192":1,"193":1,"194":1,"197":9,"199":15,"202":15,"203":2,"204":2,"205":1,"206":1,"207":1,"208":1,"209":2,"212":15,"214":2,"215":0,"216":2,"219":2,"220":2,"221":2,"222":2,"224":2,"225":2,"226":2,"228":1,"229":1,"230":1,"233":2,"234":2,"235":2,"236":0,"237":0,"238":2,"240":0,"242":2,"243":2,"244":0,"245":0,"249":2,"250":1,"251":1,"252":1,"253":0,"254":0,"255":0,"256":1,"258":0,"259":1,"260":2,"261":2,"267":15,"268":15,"269":15,"270":15,"271":15,"272":15,"273":15,"274":15,"275":15,"276":15,"277":15,"278":15,"279":15,"280":1,"281":15,"283":15,"284":15,"285":15},"branchMap":{"0":{"type":"branch","line":34,"loc":{"start":{"line":34,"column":7},"end":{"line":39,"column":1}},"locations":[{"start":{"line":34,"column":7},"end":{"line":39,"column":1}}]},"1":{"type":"branch","line":35,"loc":{"start":{"line":35,"column":24},"end":{"line":35,"column":63}},"locations":[{"start":{"line":35,"column":24},"end":{"line":35,"column":63}}]},"2":{"type":"branch","line":35,"loc":{"start":{"line":35,"column":63},"end":{"line":35,"column":83}},"locations":[{"start":{"line":35,"column":63},"end":{"line":35,"column":83}}]},"3":{"type":"branch","line":35,"loc":{"start":{"line":35,"column":78},"end":{"line":36,"column":38}},"locations":[{"start":{"line":35,"column":78},"end":{"line":36,"column":38}}]},"4":{"type":"branch","line":36,"loc":{"start":{"line":36,"column":19},"end":{"line":36,"column":69}},"locations":[{"start":{"line":36,"column":19},"end":{"line":36,"column":69}}]},"5":{"type":"branch","line":36,"loc":{"start":{"line":36,"column":44},"end":{"line":36,"column":71}},"locations":[{"start":{"line":36,"column":44},"end":{"line":36,"column":71}}]},"6":{"type":"branch","line":37,"loc":{"start":{"line":37,"column":31},"end":{"line":37,"column":45}},"locations":[{"start":{"line":37,"column":31},"end":{"line":37,"column":45}}]},"7":{"type":"branch","line":37,"loc":{"start":{"line":37,"column":38},"end":{"line":39,"column":1}},"locations":[{"start":{"line":37,"column":38},"end":{"line":39,"column":1}}]},"8":{"type":"branch","line":45,"loc":{"start":{"line":45,"column":0},"end":{"line":79,"column":1}},"locations":[{"start":{"line":45,"column":0},"end":{"line":79,"column":1}}]},"9":{"type":"branch","line":47,"loc":{"start":{"line":47,"column":27},"end":{"line":49,"column":3}},"locations":[{"start":{"line":47,"column":27},"end":{"line":49,"column":3}}]},"10":{"type":"branch","line":51,"loc":{"start":{"line":51,"column":21},"end":{"line":78,"column":3}},"locations":[{"start":{"line":51,"column":21},"end":{"line":78,"column":3}}]},"11":{"type":"branch","line":56,"loc":{"start":{"line":56,"column":21},"end":{"line":62,"column":5}},"locations":[{"start":{"line":56,"column":21},"end":{"line":62,"column":5}}]},"12":{"type":"branch","line":57,"loc":{"start":{"line":57,"column":21},"end":{"line":57,"column":27}},"locations":[{"start":{"line":57,"column":21},"end":{"line":57,"column":27}}]},"13":{"type":"branch","line":67,"loc":{"start":{"line":67,"column":29},"end":{"line":69,"column":5}},"locations":[{"start":{"line":67,"column":29},"end":{"line":69,"column":5}}]},"14":{"type":"branch","line":71,"loc":{"start":{"line":71,"column":28},"end":{"line":73,"column":5}},"locations":[{"start":{"line":71,"column":28},"end":{"line":73,"column":5}}]},"15":{"type":"branch","line":72,"loc":{"start":{"line":72,"column":15},"end":{"line":72,"column":27}},"locations":[{"start":{"line":72,"column":15},"end":{"line":72,"column":27}}]},"16":{"type":"branch","line":84,"loc":{"start":{"line":84,"column":0},"end":{"line":100,"column":1}},"locations":[{"start":{"line":84,"column":0},"end":{"line":100,"column":1}}]},"17":{"type":"branch","line":85,"loc":{"start":{"line":85,"column":39},"end":{"line":99,"column":3}},"locations":[{"start":{"line":85,"column":39},"end":{"line":99,"column":3}}]},"18":{"type":"branch","line":105,"loc":{"start":{"line":105,"column":7},"end":{"line":112,"column":1}},"locations":[{"start":{"line":105,"column":7},"end":{"line":112,"column":1}}]},"19":{"type":"branch","line":117,"loc":{"start":{"line":117,"column":7},"end":{"line":154,"column":1}},"locations":[{"start":{"line":117,"column":7},"end":{"line":154,"column":1}}]},"20":{"type":"branch","line":123,"loc":{"start":{"line":123,"column":21},"end":{"line":123,"column":38}},"locations":[{"start":{"line":123,"column":21},"end":{"line":123,"column":38}}]},"21":{"type":"branch","line":124,"loc":{"start":{"line":124,"column":42},"end":{"line":124,"column":63}},"locations":[{"start":{"line":124,"column":42},"end":{"line":124,"column":63}}]},"22":{"type":"branch","line":128,"loc":{"start":{"line":128,"column":23},"end":{"line":130,"column":3}},"locations":[{"start":{"line":128,"column":23},"end":{"line":130,"column":3}}]},"23":{"type":"branch","line":132,"loc":{"start":{"line":132,"column":24},"end":{"line":134,"column":3}},"locations":[{"start":{"line":132,"column":24},"end":{"line":134,"column":3}}]},"24":{"type":"branch","line":136,"loc":{"start":{"line":136,"column":27},"end":{"line":139,"column":3}},"locations":[{"start":{"line":136,"column":27},"end":{"line":139,"column":3}}]},"25":{"type":"branch","line":141,"loc":{"start":{"line":141,"column":25},"end":{"line":143,"column":3}},"locations":[{"start":{"line":141,"column":25},"end":{"line":143,"column":3}}]},"26":{"type":"branch","line":145,"loc":{"start":{"line":145,"column":37},"end":{"line":147,"column":3}},"locations":[{"start":{"line":145,"column":37},"end":{"line":147,"column":3}}]},"27":{"type":"branch","line":149,"loc":{"start":{"line":149,"column":22},"end":{"line":151,"column":3}},"locations":[{"start":{"line":149,"column":22},"end":{"line":151,"column":3}}]},"28":{"type":"branch","line":162,"loc":{"start":{"line":162,"column":2},"end":{"line":286,"column":3}},"locations":[{"start":{"line":162,"column":2},"end":{"line":286,"column":3}}]},"29":{"type":"branch","line":162,"loc":{"start":{"line":162,"column":12},"end":{"line":286,"column":3}},"locations":[{"start":{"line":162,"column":12},"end":{"line":286,"column":3}}]},"30":{"type":"branch","line":166,"loc":{"start":{"line":166,"column":16},"end":{"line":169,"column":7}},"locations":[{"start":{"line":166,"column":16},"end":{"line":169,"column":7}}]},"31":{"type":"branch","line":169,"loc":{"start":{"line":169,"column":6},"end":{"line":173,"column":43}},"locations":[{"start":{"line":169,"column":6},"end":{"line":173,"column":43}}]},"32":{"type":"branch","line":173,"loc":{"start":{"line":173,"column":32},"end":{"line":173,"column":47}},"locations":[{"start":{"line":173,"column":32},"end":{"line":173,"column":47}}]},"33":{"type":"branch","line":177,"loc":{"start":{"line":177,"column":36},"end":{"line":177,"column":70}},"locations":[{"start":{"line":177,"column":36},"end":{"line":177,"column":70}}]},"34":{"type":"branch","line":177,"loc":{"start":{"line":177,"column":70},"end":{"line":180,"column":7}},"locations":[{"start":{"line":177,"column":70},"end":{"line":180,"column":7}}]},"35":{"type":"branch","line":180,"loc":{"start":{"line":180,"column":6},"end":{"line":184,"column":26}},"locations":[{"start":{"line":180,"column":6},"end":{"line":184,"column":26}}]},"36":{"type":"branch","line":184,"loc":{"start":{"line":184,"column":26},"end":{"line":187,"column":7}},"locations":[{"start":{"line":184,"column":26},"end":{"line":187,"column":7}}]},"37":{"type":"branch","line":187,"loc":{"start":{"line":187,"column":6},"end":{"line":192,"column":19}},"locations":[{"start":{"line":187,"column":6},"end":{"line":192,"column":19}}]},"38":{"type":"branch","line":192,"loc":{"start":{"line":192,"column":19},"end":{"line":195,"column":7}},"locations":[{"start":{"line":192,"column":19},"end":{"line":195,"column":7}}]},"39":{"type":"branch","line":195,"loc":{"start":{"line":195,"column":6},"end":{"line":200,"column":42}},"locations":[{"start":{"line":195,"column":6},"end":{"line":200,"column":42}}]},"40":{"type":"branch","line":200,"loc":{"start":{"line":200,"column":32},"end":{"line":200,"column":52}},"locations":[{"start":{"line":200,"column":32},"end":{"line":200,"column":52}}]},"41":{"type":"branch","line":200,"loc":{"start":{"line":200,"column":42},"end":{"line":200,"column":60}},"locations":[{"start":{"line":200,"column":42},"end":{"line":200,"column":60}}]},"42":{"type":"branch","line":203,"loc":{"start":{"line":203,"column":20},"end":{"line":203,"column":76}},"locations":[{"start":{"line":203,"column":20},"end":{"line":203,"column":76}}]},"43":{"type":"branch","line":203,"loc":{"start":{"line":203,"column":58},"end":{"line":203,"column":99}},"locations":[{"start":{"line":203,"column":58},"end":{"line":203,"column":99}}]},"44":{"type":"branch","line":203,"loc":{"start":{"line":203,"column":99},"end":{"line":210,"column":7}},"locations":[{"start":{"line":203,"column":99},"end":{"line":210,"column":7}}]},"45":{"type":"branch","line":205,"loc":{"start":{"line":205,"column":24},"end":{"line":209,"column":9}},"locations":[{"start":{"line":205,"column":24},"end":{"line":209,"column":9}}]},"46":{"type":"branch","line":210,"loc":{"start":{"line":210,"column":6},"end":{"line":213,"column":46}},"locations":[{"start":{"line":210,"column":6},"end":{"line":213,"column":46}}]},"47":{"type":"branch","line":213,"loc":{"start":{"line":213,"column":36},"end":{"line":213,"column":88}},"locations":[{"start":{"line":213,"column":36},"end":{"line":213,"column":88}}]},"48":{"type":"branch","line":213,"loc":{"start":{"line":213,"column":88},"end":{"line":262,"column":7}},"locations":[{"start":{"line":213,"column":88},"end":{"line":262,"column":7}}]},"49":{"type":"branch","line":215,"loc":{"start":{"line":215,"column":57},"end":{"line":216,"column":39}},"locations":[{"start":{"line":215,"column":57},"end":{"line":216,"column":39}}]},"50":{"type":"branch","line":221,"loc":{"start":{"line":221,"column":39},"end":{"line":221,"column":72}},"locations":[{"start":{"line":221,"column":39},"end":{"line":221,"column":72}}]},"51":{"type":"branch","line":221,"loc":{"start":{"line":221,"column":52},"end":{"line":221,"column":87}},"locations":[{"start":{"line":221,"column":52},"end":{"line":221,"column":87}}]},"52":{"type":"branch","line":222,"loc":{"start":{"line":222,"column":46},"end":{"line":222,"column":86}},"locations":[{"start":{"line":222,"column":46},"end":{"line":222,"column":86}}]},"53":{"type":"branch","line":222,"loc":{"start":{"line":222,"column":59},"end":{"line":222,"column":108}},"locations":[{"start":{"line":222,"column":59},"end":{"line":222,"column":108}}]},"54":{"type":"branch","line":223,"loc":{"start":{"line":223,"column":42},"end":{"line":223,"column":78}},"locations":[{"start":{"line":223,"column":42},"end":{"line":223,"column":78}}]},"55":{"type":"branch","line":223,"loc":{"start":{"line":223,"column":55},"end":{"line":223,"column":96}},"locations":[{"start":{"line":223,"column":55},"end":{"line":223,"column":96}}]},"56":{"type":"branch","line":227,"loc":{"start":{"line":227,"column":21},"end":{"line":231,"column":11}},"locations":[{"start":{"line":227,"column":21},"end":{"line":231,"column":11}}]},"57":{"type":"branch","line":236,"loc":{"start":{"line":236,"column":41},"end":{"line":238,"column":13}},"locations":[{"start":{"line":236,"column":41},"end":{"line":238,"column":13}}]},"58":{"type":"branch","line":239,"loc":{"start":{"line":239,"column":10},"end":{"line":241,"column":11}},"locations":[{"start":{"line":239,"column":10},"end":{"line":241,"column":11}}]},"59":{"type":"branch","line":244,"loc":{"start":{"line":244,"column":35},"end":{"line":246,"column":11}},"locations":[{"start":{"line":244,"column":35},"end":{"line":246,"column":11}}]},"60":{"type":"branch","line":250,"loc":{"start":{"line":250,"column":24},"end":{"line":250,"column":70}},"locations":[{"start":{"line":250,"column":24},"end":{"line":250,"column":70}}]},"61":{"type":"branch","line":250,"loc":{"start":{"line":250,"column":70},"end":{"line":260,"column":11}},"locations":[{"start":{"line":250,"column":70},"end":{"line":260,"column":11}}]},"62":{"type":"branch","line":253,"loc":{"start":{"line":253,"column":27},"end":{"line":256,"column":15}},"locations":[{"start":{"line":253,"column":27},"end":{"line":256,"column":15}}]},"63":{"type":"branch","line":257,"loc":{"start":{"line":257,"column":12},"end":{"line":259,"column":13}},"locations":[{"start":{"line":257,"column":12},"end":{"line":259,"column":13}}]},"64":{"type":"branch","line":262,"loc":{"start":{"line":262,"column":6},"end":{"line":268,"column":39}},"locations":[{"start":{"line":262,"column":6},"end":{"line":268,"column":39}}]},"65":{"type":"branch","line":268,"loc":{"start":{"line":268,"column":29},"end":{"line":268,"column":56}},"locations":[{"start":{"line":268,"column":29},"end":{"line":268,"column":56}}]},"66":{"type":"branch","line":268,"loc":{"start":{"line":268,"column":46},"end":{"line":268,"column":71}},"locations":[{"start":{"line":268,"column":46},"end":{"line":268,"column":71}}]},"67":{"type":"branch","line":277,"loc":{"start":{"line":277,"column":27},"end":{"line":277,"column":52}},"locations":[{"start":{"line":277,"column":27},"end":{"line":277,"column":52}}]},"68":{"type":"branch","line":280,"loc":{"start":{"line":280,"column":4},"end":{"line":282,"column":6}},"locations":[{"start":{"line":280,"column":4},"end":{"line":282,"column":6}}]},"69":{"type":"branch","line":282,"loc":{"start":{"line":282,"column":4},"end":{"line":282,"column":6}},"locations":[{"start":{"line":282,"column":4},"end":{"line":282,"column":6}}]}},"b":{"0":[20],"1":[17],"2":[4],"3":[16],"4":[11],"5":[9],"6":[2],"7":[14],"8":[15],"9":[0],"10":[15],"11":[15],"12":[0],"13":[14],"14":[15],"15":[1],"16":[1],"17":[0],"18":[21],"19":[16],"20":[0],"21":[0],"22":[2],"23":[1],"24":[2],"25":[0],"26":[1],"27":[1],"28":[15],"29":[15],"30":[1],"31":[14],"32":[0],"33":[13],"34":[2],"35":[12],"36":[1],"37":[10],"38":[1],"39":[9],"40":[2],"41":[7],"42":[7],"43":[2],"44":[2],"45":[1],"46":[9],"47":[7],"48":[2],"49":[0],"50":[1],"51":[1],"52":[1],"53":[1],"54":[1],"55":[1],"56":[1],"57":[0],"58":[0],"59":[0],"60":[1],"61":[1],"62":[0],"63":[0],"64":[9],"65":[0],"66":[0],"67":[0],"68":[1],"69":[10]},"fnMap":{"0":{"name":"detectAgent","decl":{"start":{"line":34,"column":7},"end":{"line":39,"column":1}},"loc":{"start":{"line":34,"column":7},"end":{"line":39,"column":1}},"line":34},"1":{"name":"readStdinWithTimeout","decl":{"start":{"line":45,"column":0},"end":{"line":79,"column":1}},"loc":{"start":{"line":45,"column":0},"end":{"line":79,"column":1}},"line":45},"2":{"name":"complete","decl":{"start":{"line":56,"column":21},"end":{"line":62,"column":5}},"loc":{"start":{"line":56,"column":21},"end":{"line":62,"column":5}},"line":56},"3":{"name":"debugLog","decl":{"start":{"line":84,"column":0},"end":{"line":100,"column":1}},"loc":{"start":{"line":84,"column":0},"end":{"line":100,"column":1}},"line":84},"4":{"name":"convertEventType","decl":{"start":{"line":105,"column":7},"end":{"line":112,"column":1}},"loc":{"start":{"line":105,"column":7},"end":{"line":112,"column":1}},"line":105},"5":{"name":"buildPayload","decl":{"start":{"line":117,"column":7},"end":{"line":154,"column":1}},"loc":{"start":{"line":117,"column":7},"end":{"line":154,"column":1}},"line":117},"6":{"name":"makeHookCommand","decl":{"start":{"line":162,"column":2},"end":{"line":286,"column":3}},"loc":{"start":{"line":162,"column":2},"end":{"line":286,"column":3}},"line":162}},"f":{"0":20,"1":15,"2":15,"3":1,"4":21,"5":16,"6":15}}
,"/app/packages/cli/src/commands/logout.ts": {"path":"/app/packages/cli/src/commands/logout.ts","all":false,"statementMap":{"0":{"start":{"line":1,"column":0},"end":{"line":1,"column":25}},"1":{"start":{"line":2,"column":0},"end":{"line":2,"column":21}},"3":{"start":{"line":4,"column":0},"end":{"line":4,"column":50}},"8":{"start":{"line":9,"column":0},"end":{"line":9,"column":48}},"9":{"start":{"line":10,"column":0},"end":{"line":10,"column":25}},"10":{"start":{"line":11,"column":0},"end":{"line":11,"column":37}},"12":{"start":{"line":13,"column":0},"end":{"line":13,"column":18}},"13":{"start":{"line":14,"column":0},"end":{"line":14,"column":50}},"14":{"start":{"line":15,"column":0},"end":{"line":15,"column":12}},"15":{"start":{"line":16,"column":0},"end":{"line":16,"column":5}},"17":{"start":{"line":18,"column":0},"end":{"line":18,"column":44}},"19":{"start":{"line":20,"column":0},"end":{"line":20,"column":9}},"21":{"start":{"line":22,"column":0},"end":{"line":22,"column":80}},"22":{"start":{"line":23,"column":0},"end":{"line":23,"column":13}},"24":{"start":{"line":25,"column":0},"end":{"line":25,"column":70}},"25":{"start":{"line":26,"column":0},"end":{"line":26,"column":5}},"28":{"start":{"line":29,"column":0},"end":{"line":29,"column":24}},"29":{"start":{"line":30,"column":0},"end":{"line":30,"column":45}},"31":{"start":{"line":32,"column":0},"end":{"line":32,"column":17}},"32":{"start":{"line":33,"column":0},"end":{"line":33,"column":37}},"33":{"start":{"line":34,"column":0},"end":{"line":34,"column":42}},"34":{"start":{"line":35,"column":0},"end":{"line":35,"column":3}}},"s":{"0":1,"1":1,"3":1,"8":1,"9":1,"10":5,"12":5,"13":2,"14":2,"15":2,"17":3,"19":3,"21":5,"22":5,"24":1,"25":1,"28":3,"29":3,"31":3,"32":3,"33":3,"34":3},"branchMap":{"0":{"type":"branch","line":10,"loc":{"start":{"line":10,"column":2},"end":{"line":35,"column":3}},"locations":[{"start":{"line":10,"column":2},"end":{"line":35,"column":3}}]},"1":{"type":"branch","line":10,"loc":{"start":{"line":10,"column":12},"end":{"line":35,"column":3}},"locations":[{"start":{"line":10,"column":12},"end":{"line":35,"column":3}}]},"2":{"type":"branch","line":13,"loc":{"start":{"line":13,"column":17},"end":{"line":16,"column":5}},"locations":[{"start":{"line":13,"column":17},"end":{"line":16,"column":5}}]},"3":{"type":"branch","line":16,"loc":{"start":{"line":16,"column":4},"end":{"line":22,"column":64}},"locations":[{"start":{"line":16,"column":4},"end":{"line":22,"column":64}}]},"4":{"type":"branch","line":22,"loc":{"start":{"line":22,"column":54},"end":{"line":22,"column":79}},"locations":[{"start":{"line":22,"column":54},"end":{"line":22,"column":79}}]},"5":{"type":"branch","line":22,"loc":{"start":{"line":22,"column":79},"end":{"line":23,"column":12}},"locations":[{"start":{"line":22,"column":79},"end":{"line":23,"column":12}}]},"6":{"type":"branch","line":23,"loc":{"start":{"line":23,"column":4},"end":{"line":26,"column":5}},"locations":[{"start":{"line":23,"column":4},"end":{"line":26,"column":5}}]},"7":{"type":"branch","line":26,"loc":{"start":{"line":26,"column":4},"end":{"line":35,"column":3}},"locations":[{"start":{"line":26,"column":4},"end":{"line":35,"column":3}}]}},"b":{"0":[5],"1":[5],"2":[2],"3":[3],"4":[0],"5":[2],"6":[1],"7":[3]},"fnMap":{"0":{"name":"makeLogoutCommand","decl":{"start":{"line":10,"column":2},"end":{"line":35,"column":3}},"loc":{"start":{"line":10,"column":2},"end":{"line":35,"column":3}},"line":10}},"f":{"0":5}}
,"/app/packages/cli/src/commands/setup.ts": {"path":"/app/packages/cli/src/commands/setup.ts","all":false,"statementMap":{"0":{"start":{"line":1,"column":0},"end":{"line":1,"column":25}},"1":{"start":{"line":2,"column":0},"end":{"line":2,"column":21}},"2":{"start":{"line":3,"column":0},"end":{"line":3,"column":67}},"3":{"start":{"line":4,"column":0},"end":{"line":4,"column":108}},"19":{"start":{"line":20,"column":0},"end":{"line":20,"column":68}},"20":{"start":{"line":21,"column":0},"end":{"line":21,"column":32}},"21":{"start":{"line":22,"column":0},"end":{"line":22,"column":45}},"22":{"start":{"line":23,"column":0},"end":{"line":23,"column":47}},"23":{"start":{"line":24,"column":0},"end":{"line":24,"column":112}},"24":{"start":{"line":25,"column":0},"end":{"line":25,"column":62}},"26":{"start":{"line":27,"column":0},"end":{"line":27,"column":25}},"27":{"start":{"line":28,"column":0},"end":{"line":28,"column":46}},"28":{"start":{"line":29,"column":0},"end":{"line":29,"column":46}},"29":{"start":{"line":30,"column":0},"end":{"line":30,"column":21}},"30":{"start":{"line":31,"column":0},"end":{"line":31,"column":92}},"31":{"start":{"line":32,"column":0},"end":{"line":32,"column":14}},"32":{"start":{"line":33,"column":0},"end":{"line":33,"column":7}},"34":{"start":{"line":35,"column":0},"end":{"line":35,"column":54}},"35":{"start":{"line":36,"column":0},"end":{"line":36,"column":60}},"36":{"start":{"line":37,"column":0},"end":{"line":37,"column":21}},"37":{"start":{"line":38,"column":0},"end":{"line":38,"column":90}},"38":{"start":{"line":39,"column":0},"end":{"line":39,"column":21}},"39":{"start":{"line":40,"column":0},"end":{"line":40,"column":5}},"41":{"start":{"line":42,"column":0},"end":{"line":42,"column":42}},"42":{"start":{"line":43,"column":0},"end":{"line":43,"column":17}},"44":{"start":{"line":45,"column":0},"end":{"line":45,"column":44}},"45":{"start":{"line":46,"column":0},"end":{"line":46,"column":79}},"46":{"start":{"line":47,"column":0},"end":{"line":47,"column":19}},"47":{"start":{"line":48,"column":0},"end":{"line":48,"column":90}},"48":{"start":{"line":49,"column":0},"end":{"line":49,"column":12}},"49":{"start":{"line":50,"column":0},"end":{"line":50,"column":5}},"52":{"start":{"line":53,"column":0},"end":{"line":53,"column":48}},"53":{"start":{"line":54,"column":0},"end":{"line":54,"column":16}},"54":{"start":{"line":55,"column":0},"end":{"line":55,"column":9}},"55":{"start":{"line":56,"column":0},"end":{"line":56,"column":72}},"56":{"start":{"line":57,"column":0},"end":{"line":57,"column":76}},"57":{"start":{"line":58,"column":0},"end":{"line":58,"column":19}},"58":{"start":{"line":59,"column":0},"end":{"line":59,"column":46}},"59":{"start":{"line":60,"column":0},"end":{"line":60,"column":69}},"60":{"start":{"line":61,"column":0},"end":{"line":61,"column":84}},"61":{"start":{"line":62,"column":0},"end":{"line":62,"column":21}},"62":{"start":{"line":63,"column":0},"end":{"line":63,"column":5}},"64":{"start":{"line":65,"column":0},"end":{"line":65,"column":23}},"65":{"start":{"line":66,"column":0},"end":{"line":66,"column":28}},"66":{"start":{"line":67,"column":0},"end":{"line":67,"column":31}},"67":{"start":{"line":68,"column":0},"end":{"line":68,"column":33}},"68":{"start":{"line":69,"column":0},"end":{"line":69,"column":58}},"69":{"start":{"line":70,"column":0},"end":{"line":70,"column":6}},"71":{"start":{"line":72,"column":0},"end":{"line":72,"column":26}},"72":{"start":{"line":73,"column":0},"end":{"line":73,"column":35}},"73":{"start":{"line":74,"column":0},"end":{"line":74,"column":13}},"74":{"start":{"line":75,"column":0},"end":{"line":75,"column":9}},"75":{"start":{"line":76,"column":0},"end":{"line":76,"column":32}},"76":{"start":{"line":77,"column":0},"end":{"line":77,"column":35}},"77":{"start":{"line":78,"column":0},"end":{"line":78,"column":37}},"78":{"start":{"line":79,"column":0},"end":{"line":79,"column":62}},"79":{"start":{"line":80,"column":0},"end":{"line":80,"column":10}},"80":{"start":{"line":81,"column":0},"end":{"line":81,"column":24}},"81":{"start":{"line":82,"column":0},"end":{"line":82,"column":23}},"82":{"start":{"line":83,"column":0},"end":{"line":83,"column":7}},"83":{"start":{"line":84,"column":0},"end":{"line":84,"column":12}},"84":{"start":{"line":85,"column":0},"end":{"line":85,"column":5}},"87":{"start":{"line":88,"column":0},"end":{"line":88,"column":67}},"88":{"start":{"line":89,"column":0},"end":{"line":89,"column":54}},"90":{"start":{"line":91,"column":0},"end":{"line":91,"column":46}},"91":{"start":{"line":92,"column":0},"end":{"line":92,"column":9}},"92":{"start":{"line":93,"column":0},"end":{"line":93,"column":98}},"93":{"start":{"line":94,"column":0},"end":{"line":94,"column":86}},"94":{"start":{"line":95,"column":0},"end":{"line":95,"column":53}},"95":{"start":{"line":96,"column":0},"end":{"line":96,"column":19}},"96":{"start":{"line":97,"column":0},"end":{"line":97,"column":52}},"97":{"start":{"line":98,"column":0},"end":{"line":98,"column":69}},"98":{"start":{"line":99,"column":0},"end":{"line":99,"column":44}},"99":{"start":{"line":100,"column":0},"end":{"line":100,"column":23}},"100":{"start":{"line":101,"column":0},"end":{"line":101,"column":69}},"101":{"start":{"line":102,"column":0},"end":{"line":102,"column":133}},"102":{"start":{"line":103,"column":0},"end":{"line":103,"column":89}},"103":{"start":{"line":104,"column":0},"end":{"line":104,"column":7}},"104":{"start":{"line":105,"column":0},"end":{"line":105,"column":21}},"105":{"start":{"line":106,"column":0},"end":{"line":106,"column":5}},"108":{"start":{"line":109,"column":0},"end":{"line":109,"column":24}},"109":{"start":{"line":110,"column":0},"end":{"line":110,"column":43}},"110":{"start":{"line":111,"column":0},"end":{"line":111,"column":35}},"111":{"start":{"line":112,"column":0},"end":{"line":112,"column":39}},"112":{"start":{"line":113,"column":0},"end":{"line":113,"column":39}},"113":{"start":{"line":114,"column":0},"end":{"line":114,"column":47}},"114":{"start":{"line":115,"column":0},"end":{"line":115,"column":58}},"115":{"start":{"line":116,"column":0},"end":{"line":116,"column":6}},"116":{"start":{"line":117,"column":0},"end":{"line":117,"column":56}},"119":{"start":{"line":120,"column":0},"end":{"line":120,"column":60}},"120":{"start":{"line":121,"column":0},"end":{"line":121,"column":27}},"122":{"start":{"line":123,"column":0},"end":{"line":123,"column":17}},"123":{"start":{"line":124,"column":0},"end":{"line":124,"column":45}},"124":{"start":{"line":125,"column":0},"end":{"line":125,"column":17}},"125":{"start":{"line":126,"column":0},"end":{"line":126,"column":25}},"126":{"start":{"line":127,"column":0},"end":{"line":127,"column":88}},"127":{"start":{"line":128,"column":0},"end":{"line":128,"column":62}},"128":{"start":{"line":129,"column":0},"end":{"line":129,"column":3}},"130":{"start":{"line":131,"column":0},"end":{"line":131,"column":38}},"131":{"start":{"line":132,"column":0},"end":{"line":132,"column":21}},"132":{"start":{"line":133,"column":0},"end":{"line":133,"column":17}},"133":{"start":{"line":134,"column":0},"end":{"line":134,"column":25}},"134":{"start":{"line":135,"column":0},"end":{"line":135,"column":25}},"135":{"start":{"line":136,"column":0},"end":{"line":136,"column":18}},"136":{"start":{"line":137,"column":0},"end":{"line":137,"column":53}},"137":{"start":{"line":138,"column":0},"end":{"line":138,"column":45}},"138":{"start":{"line":139,"column":0},"end":{"line":139,"column":15}},"140":{"start":{"line":141,"column":0},"end":{"line":141,"column":56}},"141":{"start":{"line":142,"column":0},"end":{"line":142,"column":52}},"142":{"start":{"line":143,"column":0},"end":{"line":143,"column":7}},"143":{"start":{"line":144,"column":0},"end":{"line":144,"column":72}},"144":{"start":{"line":145,"column":0},"end":{"line":145,"column":70}},"145":{"start":{"line":146,"column":0},"end":{"line":146,"column":17}},"146":{"start":{"line":147,"column":0},"end":{"line":147,"column":50}},"147":{"start":{"line":148,"column":0},"end":{"line":148,"column":67}},"148":{"start":{"line":149,"column":0},"end":{"line":149,"column":19}},"149":{"start":{"line":150,"column":0},"end":{"line":150,"column":3}},"151":{"start":{"line":152,"column":0},"end":{"line":152,"column":58}},"152":{"start":{"line":153,"column":0},"end":{"line":153,"column":25}},"154":{"start":{"line":155,"column":0},"end":{"line":155,"column":15}},"155":{"start":{"line":156,"column":0},"end":{"line":156,"column":43}},"156":{"start":{"line":157,"column":0},"end":{"line":157,"column":15}},"157":{"start":{"line":158,"column":0},"end":{"line":158,"column":73}},"158":{"start":{"line":159,"column":0},"end":{"line":159,"column":1}},"160":{"start":{"line":161,"column":0},"end":{"line":161,"column":60}},"161":{"start":{"line":162,"column":0},"end":{"line":162,"column":66}},"162":{"start":{"line":163,"column":0},"end":{"line":163,"column":78}},"163":{"start":{"line":164,"column":0},"end":{"line":164,"column":1}}},"s":{"0":1,"1":1,"2":1,"3":1,"19":1,"20":1,"21":3,"22":3,"23":3,"24":3,"26":3,"27":1,"28":1,"29":1,"30":1,"31":1,"32":1,"34":0,"35":0,"36":0,"37":0,"38":0,"39":0,"41":2,"42":2,"44":3,"45":0,"46":0,"47":0,"48":0,"49":0,"52":2,"53":2,"54":2,"55":2,"56":2,"57":3,"58":0,"59":0,"60":0,"61":0,"62":0,"64":2,"65":2,"66":2,"67":2,"68":3,"69":3,"71":3,"72":1,"73":1,"74":1,"75":1,"76":1,"77":1,"78":1,"79":1,"80":1,"81":1,"82":1,"83":1,"84":1,"87":3,"88":3,"90":3,"91":3,"92":3,"93":1,"94":1,"95":3,"96":0,"97":0,"98":0,"99":0,"100":0,"101":0,"102":0,"103":0,"104":0,"105":0,"108":1,"109":1,"110":1,"111":1,"112":1,"113":1,"114":3,"115":3,"116":3,"119":3,"120":3,"122":3,"123":3,"124":3,"125":3,"126":3,"127":3,"128":3,"130":2,"131":2,"132":2,"133":2,"134":2,"135":2,"136":2,"137":2,"138":2,"140":2,"141":2,"142":2,"143":2,"144":2,"145":2,"146":0,"147":0,"148":0,"149":0,"151":2,"152":2,"154":2,"155":2,"156":2,"157":2,"158":2,"160":0,"161":0,"162":0,"163":0},"branchMap":{"0":{"type":"branch","line":21,"loc":{"start":{"line":21,"column":2},"end":{"line":129,"column":3}},"locations":[{"start":{"line":21,"column":2},"end":{"line":129,"column":3}}]},"1":{"type":"branch","line":21,"loc":{"start":{"line":21,"column":12},"end":{"line":129,"column":3}},"locations":[{"start":{"line":21,"column":12},"end":{"line":129,"column":3}}]},"2":{"type":"branch","line":24,"loc":{"start":{"line":24,"column":63},"end":{"line":24,"column":90}},"locations":[{"start":{"line":24,"column":63},"end":{"line":24,"column":90}}]},"3":{"type":"branch","line":24,"loc":{"start":{"line":24,"column":80},"end":{"line":24,"column":112}},"locations":[{"start":{"line":24,"column":80},"end":{"line":24,"column":112}}]},"4":{"type":"branch","line":24,"loc":{"start":{"line":24,"column":90},"end":{"line":24,"column":112}},"locations":[{"start":{"line":24,"column":90},"end":{"line":24,"column":112}}]},"5":{"type":"branch","line":25,"loc":{"start":{"line":25,"column":28},"end":{"line":25,"column":62}},"locations":[{"start":{"line":25,"column":28},"end":{"line":25,"column":62}}]},"6":{"type":"branch","line":27,"loc":{"start":{"line":27,"column":24},"end":{"line":40,"column":5}},"locations":[{"start":{"line":27,"column":24},"end":{"line":40,"column":5}}]},"7":{"type":"branch","line":33,"loc":{"start":{"line":33,"column":6},"end":{"line":40,"column":5}},"locations":[{"start":{"line":33,"column":6},"end":{"line":40,"column":5}}]},"8":{"type":"branch","line":40,"loc":{"start":{"line":40,"column":4},"end":{"line":45,"column":26}},"locations":[{"start":{"line":40,"column":4},"end":{"line":45,"column":26}}]},"9":{"type":"branch","line":45,"loc":{"start":{"line":45,"column":8},"end":{"line":45,"column":43}},"locations":[{"start":{"line":45,"column":8},"end":{"line":45,"column":43}}]},"10":{"type":"branch","line":45,"loc":{"start":{"line":45,"column":43},"end":{"line":50,"column":5}},"locations":[{"start":{"line":45,"column":43},"end":{"line":50,"column":5}}]},"11":{"type":"branch","line":50,"loc":{"start":{"line":50,"column":4},"end":{"line":58,"column":13}},"locations":[{"start":{"line":50,"column":4},"end":{"line":58,"column":13}}]},"12":{"type":"branch","line":58,"loc":{"start":{"line":58,"column":4},"end":{"line":63,"column":5}},"locations":[{"start":{"line":58,"column":4},"end":{"line":63,"column":5}}]},"13":{"type":"branch","line":63,"loc":{"start":{"line":63,"column":4},"end":{"line":69,"column":29}},"locations":[{"start":{"line":63,"column":4},"end":{"line":69,"column":29}}]},"14":{"type":"branch","line":69,"loc":{"start":{"line":69,"column":10},"end":{"line":69,"column":58}},"locations":[{"start":{"line":69,"column":10},"end":{"line":69,"column":58}}]},"15":{"type":"branch","line":72,"loc":{"start":{"line":72,"column":25},"end":{"line":88,"column":55}},"locations":[{"start":{"line":72,"column":25},"end":{"line":88,"column":55}}]},"16":{"type":"branch","line":88,"loc":{"start":{"line":88,"column":50},"end":{"line":88,"column":67}},"locations":[{"start":{"line":88,"column":50},"end":{"line":88,"column":67}}]},"17":{"type":"branch","line":93,"loc":{"start":{"line":93,"column":97},"end":{"line":96,"column":13}},"locations":[{"start":{"line":93,"column":97},"end":{"line":96,"column":13}}]},"18":{"type":"branch","line":96,"loc":{"start":{"line":96,"column":4},"end":{"line":106,"column":5}},"locations":[{"start":{"line":96,"column":4},"end":{"line":106,"column":5}}]},"19":{"type":"branch","line":106,"loc":{"start":{"line":106,"column":4},"end":{"line":115
[...]
"end":{"line":200,"column":52}},"200":{"start":{"line":201,"column":0},"end":{"line":201,"column":18}},"202":{"start":{"line":203,"column":0},"end":{"line":203,"column":29}},"203":{"start":{"line":204,"column":0},"end":{"line":204,"column":64}},"204":{"start":{"line":205,"column":0},"end":{"line":205,"column":49}},"205":{"start":{"line":206,"column":0},"end":{"line":206,"column":41}},"207":{"start":{"line":208,"column":0},"end":{"line":208,"column":41}},"208":{"start":{"line":209,"column":0},"end":{"line":209,"column":64}},"210":{"start":{"line":211,"column":0},"end":{"line":211,"column":17}},"212":{"start":{"line":213,"column":0},"end":{"line":213,"column":62}},"213":{"start":{"line":214,"column":0},"end":{"line":214,"column":23}},"214":{"start":{"line":215,"column":0},"end":{"line":215,"column":24}},"215":{"start":{"line":216,"column":0},"end":{"line":216,"column":43}},"216":{"start":{"line":217,"column":0},"end":{"line":217,"column":31}},"217":{"start":{"line":218,"column":0},"end":{"line":218,"column":20}},"218":{"start":{"line":219,"column":0},"end":{"line":219,"column":10}},"219":{"start":{"line":220,"column":0},"end":{"line":220,"column":16}},"220":{"start":{"line":221,"column":0},"end":{"line":221,"column":7}},"222":{"start":{"line":223,"column":0},"end":{"line":223,"column":35}},"223":{"start":{"line":224,"column":0},"end":{"line":224,"column":38}},"224":{"start":{"line":225,"column":0},"end":{"line":225,"column":74}},"225":{"start":{"line":226,"column":0},"end":{"line":226,"column":54}},"226":{"start":{"line":227,"column":0},"end":{"line":227,"column":29}},"227":{"start":{"line":228,"column":0},"end":{"line":228,"column":70}},"228":{"start":{"line":229,"column":0},"end":{"line":229,"column":52}},"229":{"start":{"line":230,"column":0},"end":{"line":230,"column":45}},"230":{"start":{"line":231,"column":0},"end":{"line":231,"column":63}},"231":{"start":{"line":232,"column":0},"end":{"line":232,"column":58}},"232":{"start":{"line":233,"column":0},"end":{"line":233,"column":11}},"233":{"start":{"line":234,"column":0},"end":{"line":234,"column":9}},"234":{"start":{"line":235,"column":0},"end":{"line":235,"column":7}},"235":{"start":{"line":236,"column":0},"end":{"line":236,"column":14}},"236":{"start":{"line":237,"column":0},"end":{"line":237,"column":5}},"239":{"start":{"line":240,"column":0},"end":{"line":240,"column":41}},"241":{"start":{"line":242,"column":0},"end":{"line":242,"column":34}},"242":{"start":{"line":243,"column":0},"end":{"line":243,"column":41}},"244":{"start":{"line":245,"column":0},"end":{"line":245,"column":34}},"245":{"start":{"line":246,"column":0},"end":{"line":246,"column":48}},"246":{"start":{"line":247,"column":0},"end":{"line":247,"column":34}},"247":{"start":{"line":248,"column":0},"end":{"line":248,"column":59}},"248":{"start":{"line":249,"column":0},"end":{"line":249,"column":23}},"249":{"start":{"line":250,"column":0},"end":{"line":250,"column":23}},"250":{"start":{"line":251,"column":0},"end":{"line":251,"column":22}},"251":{"start":{"line":252,"column":0},"end":{"line":252,"column":40}},"252":{"start":{"line":253,"column":0},"end":{"line":253,"column":20}},"253":{"start":{"line":254,"column":0},"end":{"line":254,"column":31}},"254":{"start":{"line":255,"column":0},"end":{"line":255,"column":39}},"255":{"start":{"line":256,"column":0},"end":{"line":256,"column":30}},"256":{"start":{"line":257,"column":0},"end":{"line":257,"column":10}},"257":{"start":{"line":258,"column":0},"end":{"line":258,"column":7}},"258":{"start":{"line":259,"column":0},"end":{"line":259,"column":5}},"260":{"start":{"line":261,"column":0},"end":{"line":261,"column":31}},"261":{"start":{"line":262,"column":0},"end":{"line":262,"column":21}},"262":{"start":{"line":263,"column":0},"end":{"line":263,"column":26}},"263":{"start":{"line":264,"column":0},"end":{"line":264,"column":54}},"264":{"start":{"line":265,"column":0},"end":{"line":265,"column":29}},"265":{"start":{"line":266,"column":0},"end":{"line":266,"column":18}},"266":{"start":{"line":267,"column":0},"end":{"line":267,"column":8}},"267":{"start":{"line":268,"column":0},"end":{"line":268,"column":5}},"269":{"start":{"line":270,"column":0},"end":{"line":270,"column":34}},"270":{"start":{"line":271,"column":0},"end":{"line":271,"column":32}},"271":{"start":{"line":272,"column":0},"end":{"line":272,"column":25}},"272":{"start":{"line":273,"column":0},"end":{"line":273,"column":60}},"273":{"start":{"line":274,"column":0},"end":{"line":274,"column":5}},"274":{"start":{"line":275,"column":0},"end":{"line":275,"column":3}},"276":{"start":{"line":277,"column":0},"end":{"line":277,"column":17}},"277":{"start":{"line":278,"column":0},"end":{"line":278,"column":1}}},"s":{"0":1,"35":46,"36":46,"37":4,"38":4,"40":42,"41":42,"42":42,"44":42,"45":68,"46":68,"47":68,"48":2,"49":2,"50":42,"51":46,"52":0,"53":0,"54":46,"60":11,"61":11,"62":11,"63":11,"65":11,"66":11,"67":11,"68":11,"69":11,"71":11,"72":19,"73":14,"74":14,"75":14,"76":14,"77":14,"80":14,"81":6,"82":6,"83":14,"84":19,"86":11,"87":11,"88":4,"89":4,"90":4,"91":11,"92":4,"93":4,"95":7,"96":7,"97":7,"98":7,"99":7,"100":7,"101":7,"102":7,"109":0,"110":0,"111":0,"112":0,"113":0,"115":0,"116":0,"117":0,"118":0,"119":0,"120":0,"121":0,"122":0,"123":0,"124":0,"125":0,"126":0,"127":0,"129":0,"130":0,"138":0,"139":0,"140":0,"141":0,"142":0,"143":0,"144":0,"145":0,"146":0,"147":0,"154":9,"155":9,"157":9,"158":9,"159":9,"160":6,"161":6,"162":9,"164":9,"165":5,"166":5,"169":4,"170":4,"175":3,"176":3,"177":2,"178":1,"179":1,"180":1,"181":1,"182":1,"195":22,"196":22,"197":22,"199":22,"200":22,"202":22,"203":32,"204":32,"205":32,"207":32,"208":32,"210":32,"212":16,"213":11,"214":11,"215":11,"216":11,"217":11,"218":11,"219":11,"220":11,"222":5,"223":5,"224":5,"225":5,"226":5,"227":3,"228":3,"229":3,"230":5,"231":3,"232":3,"233":5,"234":5,"235":5,"236":5,"239":16,"241":16,"242":16,"244":32,"245":20,"246":10,"247":10,"248":8,"249":8,"250":8,"251":8,"252":8,"253":8,"254":8,"255":8,"256":8,"257":8,"258":20,"260":32,"261":9,"262":9,"263":9,"264":9,"265":9,"266":9,"267":9,"269":32,"270":8,"271":8,"272":8,"273":8,"274":16,"276":22,"277":22},"branchMap":{"0":{"type":"branch","line":36,"loc":{"start":{"line":36,"column":0},"end":{"line":55,"column":1}},"locations":[{"start":{"line":36,"column":0},"end":{"line":55,"column":1}}]},"1":{"type":"branch","line":37,"loc":{"start":{"line":37,"column":25},"end":{"line":39,"column":3}},"locations":[{"start":{"line":37,"column":25},"end":{"line":39,"column":3}}]},"2":{"type":"branch","line":39,"loc":{"start":{"line":39,"column":2},"end":{"line":52,"column":10}},"locations":[{"start":{"line":39,"column":2},"end":{"line":52,"column":10}}]},"3":{"type":"branch","line":52,"loc":{"start":{"line":52,"column":2},"end":{"line":54,"column":3}},"locations":[{"start":{"line":52,"column":2},"end":{"line":54,"column":3}}]},"4":{"type":"branch","line":43,"loc":{"start":{"line":43,"column":45},"end":{"line":43,"column":66}},"locations":[{"start":{"line":43,"column":45},"end":{"line":43,"column":66}}]},"5":{"type":"branch","line":45,"loc":{"start":{"line":45,"column":21},"end":{"line":51,"column":5}},"locations":[{"start":{"line":45,"column":21},"end":{"line":51,"column":5}}]},"6":{"type":"branch","line":48,"loc":{"start":{"line":48,"column":6},"end":{"line":50,"column":7}},"locations":[{"start":{"line":48,"column":6},"end":{"line":50,"column":7}}]},"7":{"type":"branch","line":61,"loc":{"start":{"line":61,"column":0},"end":{"line":103,"column":1}},"locations":[{"start":{"line":61,"column":0},"end":{"line":103,"column":1}}]},"8":{"type":"branch","line":72,"loc":{"start":{"line":72,"column":28},"end":{"line":85,"column":3}},"locations":[{"start":{"line":72,"column":28},"end":{"line":85,"column":3}}]},"9":{"type":"branch","line":73,"loc":{"start":{"line":73,"column":22},"end":{"line":73,"column":58}},"locations":[{"start":{"line":73,"column":22},"end":{"line":73,"column":58}}]},"10":{"type":"branch","line":73,"loc":{"start":{"line":73,"column":58},"end":{"line":84,"column":5}},"locations":[{"start":{"line":73,"column":58},"end":{"line":84,"column":5}}]},"11":{"type":"branch","line":75,"loc":{"start":{"line":75,"column":32},"end":{"line":75,"column":49}},"locations":[{"start":{"line":75,"column":32},"end":{"line":75,"column":49}}]},"12":{"type":"branch","line":76,"loc":{"start":{"line":76,"column":33},"end":{"line":76,"column":51}},"locations":[{"start":{"line":76,"column":33},"end":{"line":76,"column":51}}]},"13":{"type":"branch","line":77,"loc":{"start":{"line":77,"column":40},"end":{"line":77,"column":72}},"locations":[{"start":{"line":77,"column":40},"end":{"line":77,"column":72}}]},"14":{"type":"branch","line":78,"loc":{"start":{"line":78,"column":36},"end":{"line":78,"column":64}},"locations":[{"start":{"line":78,"column":36},"end":{"line":78,"column":64}}]},"15":{"type":"branch","line":81,"loc":{"start":{"line":81,"column":11},"end":{"line":81,"column":40}},"locations":[{"start":{"line":81,"column":11},"end":{"line":81,"column":40}}]},"16":{"type":"branch","line":81,"loc":{"start":{"line":81,"column":40},"end":{"line":83,"column":7}},"locations":[{"start":{"line":81,"column":40},"end":{"line":83,"column":7}}]},"17":{"type":"branch","line":88,"loc":{"start":{"line":88,"column":25},"end":{"line":89,"column":30}},"locations":[{"start":{"line":88,"column":25},"end":{"line":89,"column":30}}]},"18":{"type":"branch","line":89,"loc":{"start":{"line":89,"column":26},"end":{"line":90,"column":37}},"locations":[{"start":{"line":89,"column":26},"end":{"line":90,"column":37}}]},"19":{"type":"branch","line":90,"loc":{"start":{"line":90,"column":33},"end":{"line":91,"column":30}},"locations":[{"start":{"line":90,"column":33},"end":{"line":91,"column":30}}]},"20":{"type":"branch","line":92,"loc":{"start":{"line":92,"column":4},"end":{"line":94,"column":3}},"locations":[{"start":{"line":92,"column":4},"end":{"line":94,"column":3}}]},"21":{"type":"branch","line":94,"loc":{"start":{"line":94,"column":2},"end":{"line":103,"column":1}},"locations":[{"start":{"line":94,"column":2},"end":{"line":103,"column":1}}]},"22":{"type":"branch","line":155,"loc":{"start":{"line":155,"column":0},"end":{"line":171,"column":1}},"locations":[{"start":{"line":155,"column":0},"end":{"line":171,"column":1}}]},"23":{"type":"branch","line":165,"loc":{"start":{"line":165,"column":7},"end":{"line":165,"column":55}},"locations":[{"start":{"line":165,"column":7},"end":{"line":165,"column":55}}]},"24":{"type":"branch","line":165,"loc":{"start":{"line":165,"column":55},"end":{"line":171,"column":1}},"locations":[{"start":{"line":165,"column":55},"end":{"line":171,"column":1}}]},"25":{"type":"branch","line":165,"loc":{"start":{"line":165,"column":55},"end":{"line":167,"column":3}},"locations":[{"start":{"line":165,"column":55},"end":{"line":167,"column":3}}]},"26":{"type":"branch","line":167,"loc":{"start":{"line":167,"column":2},"end":{"line":171,"column":1}},"locations":[{"start":{"line":167,"column":2},"end":{"line":171,"column":1}}]},"27":{"type":"branch","line":159,"loc":{"start":{"line":159,"column":4},"end":{"line":162,"column":31}},"locations":[{"start":{"line":159,"column":4},"end":{"line":162,"column":31}}]},"28":{"type":"branch","line":160,"loc":{"start":{"line":160,"column":17},"end":{"line":161,"column":38}},"locations":[{"start":{"line":160,"column":17},"end":{"line":161,"column":38}}]},"29":{"type":"branch","line":161,"loc":{"start":{"line":161,"column":27},"end":{"line":162,"column":31}},"locations":[{"start":{"line":161,"column":27},"end":{"line":162,"column":31}}]},"30":{"type":"branch","line":176,"loc":{"start":{"line":176,"column":0},"end":{"line":183,"column":1}},"locations":[{"start":{"line":176,"column":0},"end":{"line":183,"column":1}}]},"31":{"type":"branch","line":177,"loc":{"start":{"line":177,"column":31},"end":{"line":183,"column":1}},"locations":[{"start":{"line":177,"column":31},"end":{"line":183,"column":1}}]},"32":{"type":"branch","line":177,"loc":{"start":{"line":177,"column":38},"end":{"line":178,"column":34}},"locations":[{"start":{"line":177,"column":38},"end":{"line":178,"column":34}}]},"33":{"type":"branch","line":178,"loc":{"start":{"line":178,"column":27},"end":{"line":178,"column":36}},"locations":[{"start":{"line":178,"column":27},"end":{"line":178,"column":36}}]},"34":{"type":"branch","line":178,"loc":{"start":{"line":178,"column":34},"end":{"line":183,"column":1}},"locations":[{"start":{"line":178,"column":34},"end":{"line":183,"column":1}}]},"35":{"type":"branch","line":180,"loc":{"start":{"line":180,"column":9},"end":{"line":180,"column":59}},"locations":[{"start":{"line":180,"column":9},"end":{"line":180,"column":59}}]},"36":{"type":"branch","line":180,"loc":{"start":{"line":180,"column":49},"end":{"line":180,"column":59}},"locations":[{"start":{"line":180,"column":49},"end":{"line":180,"column":59}}]},"37":{"type":"branch","line":196,"loc":{"start":{"line":196,"column":0},"end":{"line":278,"column":1}},"locations":[{"start":{"line":196,"column":0},"end":{"line":278,"column":1}}]},"38":{"type":"branch","line":203,"loc":{"start":{"line":203,"column":28},"end":{"line":275,"column":3}},"locations":[{"start":{"line":203,"column":28},"end":{"line":275,"column":3}}]},"39":{"type":"branch","line":204,"loc":{"start":{"line":204,"column":33},"end":{"line":204,"column":64}},"locations":[{"start":{"line":204,"column":33},"end":{"line":204,"column":64}}]},"40":{"type":"branch","line":206,"loc":{"start":{"line":206,"column":9},"end":{"line":206,"column":33}},"locations":[{"start":{"line":206,"column":9},"end":{"line":206,"column":33}}]},"41":{"type":"branch","line":206,"loc":{"start":{"line":206,"column":33},"end":{"line":206,"column":41}},"locations":[{"start":{"line":206,"column":33},"end":{"line":206,"column":41}}]},"42":{"type":"branch","line":209,"loc":{"start":{"line":209,"column":27},"end":{"line":209,"column":64}},"locations":[{"start":{"line":209,"column":27},"end":{"line":209,"column":64}}]},"43":{"type":"branch","line":211,"loc":{"start":{"line":211,"column":16},"end":{"line":240,"column":41}},"locations":[{"start":{"line":211,"column":16},"end":{"line":240,"column":41}}]},"44":{"type":"branch","line":213,"loc":{"start":{"line":213,"column":29},"end":{"line":213,"column":61}},"locations":[{"start":{"line":213,"column":29},"end":{"line":213,"column":61}}]},"45":{"type":"branch","line":213,"loc":{"start":{"line":213,"column":61},"end":{"line":237,"column":5}},"locations":[{"start":{"line":213,"column":61},"end":{"line":237,"column":5}}]},"46":{"type":"branch","line":221,"loc":{"start":{"line":221,"column":6},"end":{"line":237,"column":5}},"locations":[{"start":{"line":221,"column":6},"end":{"line":237,"column":5}}]},"47":{"type":"branch","line":225,"loc":{"start":{"line":225,"column":66},"end":{"line":225,"column":74}},"locations":[{"start":{"line":225,"column":66},"end":{"line":225,"column":74}}]},"48":{"type":"branch","line":227,"loc":{"start":{"line":227,"column":21},"end":{"line":231,"column":62}},"locations":[{"start":{"line":227,"column":21},"end":{"line":231,"column":62}}]},"49":{"type":"branch","line":227,"loc":{"start":{"line":227,"column":21},"end":{"line":227,"column":29}},"locations":[{"start":{"line":227,"column":21},"end":{"line":227,"column":29}}]},"50":{"type":"branch","line":227,"loc":{"start":{"line":227,"column":21},"end":{"line":231,"column":62}},"locations":[{"start":{"line":227,"column":21},"end":{"line":231,"column":62}}]},"51":{"type":"branch","line":231,"loc":{"start":{"line":231,"column":62},"end":{"line":233,"column":11}},"locations":[{"start":{"line":231,"column":62},"end":{"line":233,"column":11}}]},"52":{"type":"branch","line":240,"loc":{"start":{"line":240,"column":33},"end":{"line":240,"column":41}},"locations":[{"start":{"line":240,"column":33},"end":{"line":240,"column":41}}]},"53":{"type":"branch","line":240,"loc":{"start":{"line":240,"column":33},"end":{"line":245,"column":33}},"locations":[{"start":{"line":240,"column":33},"end":{"line":245,"column":33}}]},"54":{"type":"branch","line":245,"loc":{"start":{"line":245,"column":33},"end":{"line":259,"column":5}},"locations":[{"start":{"line":245,"column":33},"end":{"line":259,"column":5}}]},"55":{"type":"branch","line":246,"loc":{"start":{"line":246,"column":25},"end":{"line":246,"column":47}},"locations":[{"start":{"line":246,"column":25},"end":{"line":246,"column":47}}]},"56":{"type":"branch","line":246,"loc":{"start":{"line":246,"column":47},"end":{"line":258,"column":7}},"locations":[{"start":{"line":246,"column":47},"end":{"line":258,"column":7}}]},"57":{"type":"branch","line":248,"loc":{"start":{"line":248,"column":32},"end":{"line":248,"column":58}},"locations":[{"start":{"line":248,"column":32},"end":{"line":248,"column":58}}]},"58":{"type":"branch","line":248,"loc":{"start":{"line":248,"column":58},"end":{"line":258,"column":7}},"locations":[{"start":{"line":248,"column":58},"end":{"line":258,"column":7}}]},"59":{"type":"branch","line":255,"loc":{"start":{"line":255,"column":27},"end":{"line":255,"column":39}},"locations":[{"start":{"line":255,"column":27},"end":{"line":255,"column":39}}]},"60":{"type":"branch","line":259,"loc":{"start":{"line":259,"column":4},"end":{"line":261,"column":30}},"locations":[{"start":{"line":259,"column":4},"end":{"line":261,"column":30}}]},"61":{"type":"branch","line":261,"loc":{"start":{"line":261,"column":30},"end":{"line":268,"column":5}},"locations":[{"start":{"line":261,"column":30},"end":{"line":268,"column":5}}]},"62":{"type":"branch","line":268,"loc":{"start":{"line":268,"column":4},"end":{"line":270,"column":33}},"locations":[{"start":{"line":268,"column":4},"end":{"line":270,"column":33}}]},"63":{"type":"branch","line":270,"loc":{"start":{"line":270,"column":33},"end":{"line":274,"column":5}},"locations":[{"start":{"line":270,"column":33},"end":{"line":274,"column":5}}]},"64":{"type":"branch","line":274,"loc":{"start":{"line":274,"column":4},"end":{"line":275,"column":3}},"locations":[{"start":{"line":274,"column":4},"end":{"line":275,"column":3}}]}},"b":{"0":[46],"1":[4],"2":[42],"3":[0],"4":[70],"5":[68],"6":[2],"7":[11],"8":[19],"9":[14],"10":[14],"11":[2],"12":[2],"13":[11],"14":[10],"15":[9],"16":[6],"17":[4],"18":[4],"19":[4],"20":[4],"21":[7],"22":[9],"23":[4],"24":[6],"25":[5],"26":[4],"27":[9],"28":[6],"29":[6],"30":[3],"31":[2],"32":[1],"33":[0],"34":[1],"35":[2],"36":[0],"37":[22],"38":[32],"39":[18],"40":[16],"41":[0],"42":[4],"43":[16],"44":[11],"45":[11],"46":[5],"47":[0],"48":[4],"49":[2],"50":[3],"51":[3],"52":[0],"53":[16],"54":[20],"55":[10],"56":[10],"57":[8],"58":[8],"59":[0],"60":[16],"61":[9],"62":[16],"63":[8],"64":[16]},"fnMap":{"0":{"name":"readTranscriptLines","decl":{"start":{"line":36,"column":0},"end":{"line":55,"column":1}},"loc":{"start":{"line":36,"column":0},"end":{"line":55,"column":1}},"line":36},"1":{"name":"extractUsageFromTranscript","decl":{"start":{"line":61,"column":0},"end":{"line":103,"column":1}},"loc":{"start":{"line":61,"column":0},"end":{"line":103,"column":1}},"line":61},"2":{"name":"extractUsagePerTurn","decl":{"start":{"line":110,"column":0},"end":{"line":131,"column":1}},"loc":{"start":{"line":110,"column":0},"end":{"line":131,"column":1}},"line":110},"3":{"name":"extractSummary","decl":{"start":{"line":139,"column":0},"end":{"line":148,"column":1}},"loc":{"start":{"line":139,"column":0},"end":{"line":148,"column":1}},"line":139},"4":{"name":"detectSlashCommand","decl":{"start":{"line":155,"column":0},"end":{"line":171,"column":1}},"loc":{"start":{"line":155,"column":0},"end":{"line":171,"column":1}},"line":155},"5":{"name":"toolResultText","decl":{"start":{"line":176,"column":0},"end":{"line":183,"column":1}},"loc":{"start":{"line":176,"column":0},"end":{"line":183,"column":1}},"line":176},"6":{"name":"extractMessages","decl":{"start":{"line":196,"column":0},"end":{"line":278,"column":1}},"loc":{"start":{"line":196,"column":0},"end":{"line":278,"column":1}},"line":196}},"f":{"0":46,"1":11,"2":0,"3":0,"4":9,"5":3,"6":22}}
}
